[javac] /Closure_51/src/com/google/javascript/jscomp/CodeConsumer.java:241: error: double cannot be dereferenced
[javac] /Closure_51/src/com/google/javascript/jscomp/CodeConsumer.java:241: error: cannot find symbol
[javac] /Math_57/src/main/java/org/apache/commons/math/stat/clustering/KMeansPlusPlusClusterer.java:180: error: cannot find symbol
[javac] /Math_57/src/main/java/org/apache/commons/math/stat/clustering/KMeansPlusPlusClusterer.java:180: error: cannot find symbol
[javac] /Math_57/src/main/java/org/apache/commons/math/stat/clustering/KMeansPlusPlusClusterer.java:180: error: inconvertible types
[javac] /Math_57/src/main/java/org/apache/commons/math/stat/clustering/KMeansPlusPlusClusterer.java:180: error: inconvertible types
[javac] /Math_57/src/main/java/org/apache/commons/math/stat/clustering/KMeansPlusPlusClusterer.java:180: error: cannot assign a value to final variable sum
[javac] /Math_57/src/main/java/org/apache/commons/math/stat/clustering/KMeansPlusPlusClusterer.java:175: error: cannot find symbol
[javac] /Math_57/src/main/java/org/apache/commons/math/stat/clustering/KMeansPlusPlusClusterer.java:180: error: inconvertible types
[javac] /Math_57/src/main/java/org/apache/commons/math/stat/clustering/KMeansPlusPlusClusterer.java:175: error: cannot find symbol
[javac] /Math_57/src/main/java/org/apache/commons/math/stat/clustering/KMeansPlusPlusClusterer.java:175: error: cannot find symbol
[javac] /Math_57/src/main/java/org/apache/commons/math/stat/clustering/KMeansPlusPlusClusterer.java:180: error: cannot find symbol
[javac] /Math_57/src/main/java/org/apache/commons/math/stat/clustering/KMeansPlusPlusClusterer.java:180: error: cannot find symbol
[javac] /Math_57/src/main/java/org/apache/commons/math/stat/clustering/KMeansPlusPlusClusterer.java:175: error: not a statement
[javac] /Math_5/src/main/java/org/apache/commons/math3/complex/Complex.java:305: error: illegal start of expression
[javac] /Math_5/src/main/java/org/apache/commons/math3/complex/Complex.java:305: error: incompatible types
[javac] /Math_5/src/main/java/org/apache/commons/math3/complex/Complex.java:305: error: illegal start of expression
[javac] /Math_5/src/main/java/org/apache/commons/math3/complex/Complex.java:305: error: illegal start of expression
[javac] /Math_5/src/main/java/org/apache/commons/math3/complex/Complex.java:305: error: illegal start of expression
[javac] /Math_5/src/main/java/org/apache/commons/math3/complex/Complex.java:305: error: illegal start of expression
[javac] /Math_41/src/main/java/org/apache/commons/math/stat/descriptive/moment/Variance.java:520: error: cannot find symbol
[javac] /Math_41/src/main/java/org/apache/commons/math/stat/descriptive/moment/Variance.java:520: error: cannot find symbol
[javac] /Math_41/src/main/java/org/apache/commons/math/stat/descriptive/moment/Variance.java:520: error: '.class' expected
[javac] /Math_41/src/main/java/org/apache/commons/math/stat/descriptive/moment/Variance.java:520: error: cannot find symbol
[javac] /Math_41/src/main/java/org/apache/commons/math/stat/descriptive/moment/Variance.java:520: error: ')' expected
[javac] /Math_41/src/main/java/org/apache/commons/math/stat/descriptive/moment/Variance.java:520: error: ')' expected
[javac] /Math_41/src/main/java/org/apache/commons/math/stat/descriptive/moment/Variance.java:521: error: cannot find symbol
[javac] /Lang_9/src/main/java/org/apache/commons/lang3/time/FastDateParser.java:144: error: method addRegex in interface Strategy cannot be applied to given types;
[javac] /Lang_9/src/main/java/org/apache/commons/lang3/time/FastDateParser.java:159: error: ';' expected
[javac] /Lang_9/src/main/java/org/apache/commons/lang3/time/FastDateParser.java:144: error: no suitable method found for compile(Strategy[])
[javac] /Lang_9/src/main/java/org/apache/commons/lang3/time/FastDateParser.java:144: error: cannot return a value from method whose result type is void
[javac] /Lang_9/src/main/java/org/apache/commons/lang3/time/FastDateParser.java:144: error: continue outside of loop
[javac] /Lang_9/src/main/java/org/apache/commons/lang3/time/FastDateParser.java:144: error: incompatible types
[javac] /Lang_9/src/main/java/org/apache/commons/lang3/time/FastDateParser.java:144: error: cannot find symbol
[javac] /Lang_9/src/main/java/org/apache/commons/lang3/time/FastDateParser.java:144: error: cannot find symbol
[javac] /Lang_9/src/main/java/org/apache/commons/lang3/time/FastDateParser.java:144: error: cannot find symbol
[javac] /Lang_9/src/main/java/org/apache/commons/lang3/time/FastDateParser.java:144: error: illegal start of expression
[javac] /Lang_9/src/main/java/org/apache/commons/lang3/time/FastDateParser.java:144: error: cannot find symbol
[javac] /Lang_9/src/main/java/org/apache/commons/lang3/time/FastDateParser.java:144: error: continue outside of loop
[javac] /Math_63/src/main/java/org/apache/commons/math/util/MathUtils.java:417: error: ';' expected
[javac] /Math_63/src/main/java/org/apache/commons/math/util/MathUtils.java:417: error: ';' expected
[javac] /Math_63/src/main/java/org/apache/commons/math/util/MathUtils.java:417: error: ';' expected
[javac] /Math_63/src/main/java/org/apache/commons/math/util/MathUtils.java:417: error: ';' expected
[javac] /Math_63/src/main/java/org/apache/commons/math/util/MathUtils.java:417: error: not a statement
[javac] /Math_63/src/main/java/org/apache/commons/math/util/MathUtils.java:417: error: not a statement
[javac] /Math_63/src/main/java/org/apache/commons/math/util/MathUtils.java:417: error: ';' expected
[javac] /Math_63/src/main/java/org/apache/commons/math/util/MathUtils.java:418: error: missing return statement
[javac] /Math_63/src/main/java/org/apache/commons/math/util/MathUtils.java:417: error: not a statement
[javac] /Math_63/src/main/java/org/apache/commons/math/util/MathUtils.java:417: error: ';' expected
[javac] /Math_63/src/main/java/org/apache/commons/math/util/MathUtils.java:417: error: not a statement
[javac] /Math_63/src/main/java/org/apache/commons/math/util/MathUtils.java:418: error: missing return statement
[javac] /Math_63/src/main/java/org/apache/commons/math/util/MathUtils.java:417: error: not a statement
[javac] /Math_63/src/main/java/org/apache/commons/math/util/MathUtils.java:417: error: not a statement
[javac] /Math_63/src/main/java/org/apache/commons/math/util/MathUtils.java:417: error: illegal start of expression
[javac] /Math_63/src/main/java/org/apache/commons/math/util/MathUtils.java:418: error: missing return statement
[javac] /Time_19/src/main/java/org/joda/time/DateTimeZone.java:923: error: illegal start of expression
[javac] /Time_19/src/main/java/org/joda/time/DateTimeZone.java:923: error: illegal start of expression
[javac] /Time_19/src/main/java/org/joda/time/DateTimeZone.java:923: error: illegal start of expression
[javac] /Time_19/src/main/java/org/joda/time/DateTimeZone.java:923: error: illegal start of expression
[javac] /Time_19/src/main/java/org/joda/time/DateTimeZone.java:923: error: illegal start of expression
[javac] /Time_19/src/main/java/org/joda/time/DateTimeZone.java:923: error: illegal start of expression
[javac] /Time_19/src/main/java/org/joda/time/DateTimeZone.java:923: error: illegal start of expression
[javac] /Time_19/src/main/java/org/joda/time/DateTimeZone.java:900: error: cannot find symbol
[javac] /Time_19/src/main/java/org/joda/time/DateTimeZone.java:923: error: illegal start of expression
[javac] /Time_19/src/main/java/org/joda/time/DateTimeZone.java:900: error: cannot find symbol
[javac] /Time_19/src/main/java/org/joda/time/DateTimeZone.java:923: error: illegal start of expression
[javac] /Time_19/src/main/java/org/joda/time/DateTimeZone.java:923: error: illegal start of expression
[javac] /Time_19/src/main/java/org/joda/time/DateTimeZone.java:923: error: illegal start of expression
[javac] /Time_19/src/main/java/org/joda/time/DateTimeZone.java:923: error: illegal start of expression
[javac] /Time_19/src/main/java/org/joda/time/DateTimeZone.java:923: error: illegal start of expression
[javac] /Time_19/src/main/java/org/joda/time/DateTimeZone.java:923: error: illegal start of expression
[javac] /Time_19/src/main/java/org/joda/time/DateTimeZone.java:923: error: illegal start of expression
[javac] /Time_19/src/main/java/org/joda/time/DateTimeZone.java:923: error: illegal start of expression
[javac] /Time_19/src/main/java/org/joda/time/DateTimeZone.java:923: error: illegal start of expression
[javac] /Time_19/src/main/java/org/joda/time/DateTimeZone.java:923: error: illegal start of expression
[javac] /Time_19/src/main/java/org/joda/time/DateTimeZone.java:923: error: illegal start of expression
[javac] /Time_19/src/main/java/org/joda/time/DateTimeZone.java:923: error: illegal start of expression
[javac] /Time_19/src/main/java/org/joda/time/DateTimeZone.java:923: error: illegal start of expression
[javac] /Time_19/src/main/java/org/joda/time/DateTimeZone.java:923: error: illegal start of expression
[javac] /Time_19/src/main/java/org/joda/time/DateTimeZone.java:923: error: illegal start of expression
[javac] /Time_19/src/main/java/org/joda/time/DateTimeZone.java:923: error: illegal start of expression
[javac] /Time_19/src/main/java/org/joda/time/DateTimeZone.java:923: error: illegal start of expression
[javac] /Time_19/src/main/java/org/joda/time/DateTimeZone.java:923: error: illegal start of expression
[javac] /Time_19/src/main/java/org/joda/time/DateTimeZone.java:900: error: not a statement
[javac] /Math_30/src/main/java/org/apache/commons/math3/stat/inference/MannWhitneyUTest.java:173: error: cannot find symbol
[javac] /Math_30/src/main/java/org/apache/commons/math3/stat/inference/MannWhitneyUTest.java:173: error: ';' expected
[javac] /Math_30/src/main/java/org/apache/commons/math3/stat/inference/MannWhitneyUTest.java:173: error: possible loss of precision
[javac] /Math_30/src/main/java/org/apache/commons/math3/stat/inference/MannWhitneyUTest.java:173: error: cannot find symbol
[javac] /Math_30/src/main/java/org/apache/commons/math3/stat/inference/MannWhitneyUTest.java:176: error: cannot find symbol
[javac] /Math_30/src/main/java/org/apache/commons/math3/stat/inference/MannWhitneyUTest.java:173: error: not a statement
[javac] /Math_82/src/main/java/org/apache/commons/math/optimization/linear/SimplexSolver.java:82: error: bad operand type int for unary operator '!'
[javac] /Math_82/src/main/java/org/apache/commons/math/optimization/linear/SimplexSolver.java:82: error: bad operand type int for unary operator '!'
[javac] /Math_82/src/main/java/org/apache/commons/math/optimization/linear/SimplexSolver.java:82: error: illegal start of expression
[javac] /Math_82/src/main/java/org/apache/commons/math/optimization/linear/SimplexSolver.java:82: error: bad operand type int for unary operator '!'
[javac] /Closure_55/src/com/google/javascript/jscomp/FunctionRewriter.java:117: error: ';' expected
[javac] /Closure_55/src/com/google/javascript/jscomp/FunctionRewriter.java:118: error: missing return statement
[javac] /Closure_55/src/com/google/javascript/jscomp/FunctionRewriter.java:118: error: missing return statement
[javac] /Closure_55/src/com/google/javascript/jscomp/FunctionRewriter.java:117: error: ';' expected
[javac] /Closure_55/src/com/google/javascript/jscomp/FunctionRewriter.java:117: error: ';' expected
[javac] /Closure_55/src/com/google/javascript/jscomp/FunctionRewriter.java:118: error: missing return statement
[javac] /Closure_55/src/com/google/javascript/jscomp/FunctionRewriter.java:118: error: missing return statement
[javac] /Closure_55/src/com/google/javascript/jscomp/FunctionRewriter.java:118: error: missing return statement
[javac] /Closure_55/src/com/google/javascript/jscomp/FunctionRewriter.java:117: error: illegal start of expression
[javac] /Closure_55/src/com/google/javascript/jscomp/FunctionRewriter.java:117: error: ';' expected
[javac] /Closure_55/src/com/google/javascript/jscomp/FunctionRewriter.java:118: error: missing return statement
[javac] /Closure_55/src/com/google/javascript/jscomp/FunctionRewriter.java:118: error: missing return statement
[javac] /Lang_44/src/java/org/apache/commons/lang/NumberUtils.java:145: error: illegal start of expression
[javac] /Lang_44/src/java/org/apache/commons/lang/NumberUtils.java:145: error: illegal start of expression
[javac] /Lang_44/src/java/org/apache/commons/lang/NumberUtils.java:145: error: unexpected type
[javac] /Lang_44/src/java/org/apache/commons/lang/NumberUtils.java:145: error: cannot find symbol
[javac] /Lang_44/src/java/org/apache/commons/lang/NumberUtils.java:145: error: cannot find symbol
[javac] /Lang_44/src/java/org/apache/commons/lang/NumberUtils.java:145: error: cannot find symbol
[javac] /Lang_44/src/java/org/apache/commons/lang/NumberUtils.java:145: error: cannot find symbol
[javac] /Lang_44/src/java/org/apache/commons/lang/NumberUtils.java:145: error: illegal start of expression
[javac] /Lang_44/src/java/org/apache/commons/lang/NumberUtils.java:145: error: illegal start of expression
[javac] /Chart_9/source/org/jfree/data/time/TimeSeries.java:944: error: illegal start of expression
[javac] /Chart_9/source/org/jfree/data/time/TimeSeries.java:944: error: illegal start of expression
[javac] /Chart_9/source/org/jfree/data/time/TimeSeries.java:944: error: illegal start of expression
[javac] /Chart_9/source/org/jfree/data/time/TimeSeries.java:944: error: illegal start of expression
[javac] /Chart_9/source/org/jfree/data/time/TimeSeries.java:944: error: ';' expected
[javac] /Math_3/src/main/java/org/apache/commons/math3/util/MathArrays.java:821: error: no suitable constructor found for DimensionMismatchException(double[],int)
[javac] /Math_3/src/main/java/org/apache/commons/math3/util/MathArrays.java:821: error: no suitable constructor found for DimensionMismatchException(double[],int)
[javac] /Math_3/src/main/java/org/apache/commons/math3/util/MathArrays.java:821: error: no suitable constructor found for DimensionMismatchException(<null>,<null>)
[javac] /Math_3/src/main/java/org/apache/commons/math3/util/MathArrays.java:821: error: incompatible types
[javac] /Math_3/src/main/java/org/apache/commons/math3/util/MathArrays.java:821: error: no suitable constructor found for DimensionMismatchException(String)
[javac] /Math_3/src/main/java/org/apache/commons/math3/util/MathArrays.java:821: error: no suitable constructor found for DimensionMismatchException(int,double[])
[javac] /Math_3/src/main/java/org/apache/commons/math3/util/MathArrays.java:821: error: no suitable constructor found for DimensionMismatchException(int)
[javac] /Math_3/src/main/java/org/apache/commons/math3/util/MathArrays.java:821: error: no suitable constructor found for DimensionMismatchException(int,double[])
[javac] /Math_3/src/main/java/org/apache/commons/math3/util/MathArrays.java:821: error: incompatible types
[javac] /Math_3/src/main/java/org/apache/commons/math3/util/MathArrays.java:821: error: illegal start of expression
[javac] /Math_3/src/main/java/org/apache/commons/math3/util/MathArrays.java:821: error: cannot find symbol
[javac] /Closure_15/src/com/google/javascript/jscomp/FlowSensitiveInlineVariables.java:102: error: cannot find symbol
[javac] /Closure_15/src/com/google/javascript/jscomp/FlowSensitiveInlineVariables.java:102: error: cannot find symbol
[javac] /Closure_15/src/com/google/javascript/jscomp/FlowSensitiveInlineVariables.java:102: error: cannot find symbol
[javac] /Closure_15/src/com/google/javascript/jscomp/FlowSensitiveInlineVariables.java:102: error: cannot find symbol
[javac] /Closure_15/src/com/google/javascript/jscomp/FlowSensitiveInlineVariables.java:102: error: cannot find symbol
[javac] /Closure_15/src/com/google/javascript/jscomp/FlowSensitiveInlineVariables.java:102: error: cannot find symbol
[javac] /Closure_15/src/com/google/javascript/jscomp/FlowSensitiveInlineVariables.java:102: error: cannot find symbol
[javac] /Closure_15/src/com/google/javascript/jscomp/FlowSensitiveInlineVariables.java:102: error: cannot find symbol
[javac] /Closure_15/src/com/google/javascript/jscomp/FlowSensitiveInlineVariables.java:102: error: cannot find symbol
[javac] /Closure_15/src/com/google/javascript/jscomp/FlowSensitiveInlineVariables.java:102: error: cannot find symbol
[javac] /Closure_15/src/com/google/javascript/jscomp/FlowSensitiveInlineVariables.java:102: error: cannot find symbol
[javac] /Closure_15/src/com/google/javascript/jscomp/FlowSensitiveInlineVariables.java:102: error: cannot find symbol
[javac] /Closure_15/src/com/google/javascript/jscomp/FlowSensitiveInlineVariables.java:102: error: cannot find symbol
[javac] /Closure_15/src/com/google/javascript/jscomp/FlowSensitiveInlineVariables.java:102: error: cannot find symbol
[javac] /Closure_15/src/com/google/javascript/jscomp/FlowSensitiveInlineVariables.java:102: error: cannot find symbol
[javac] /Closure_15/src/com/google/javascript/jscomp/FlowSensitiveInlineVariables.java:102: error: cannot find symbol
[javac] /Closure_15/src/com/google/javascript/jscomp/FlowSensitiveInlineVariables.java:102: error: cannot find symbol
[javac] /Closure_15/src/com/google/javascript/jscomp/FlowSensitiveInlineVariables.java:102: error: cannot find symbol
[javac] /Closure_15/src/com/google/javascript/jscomp/FlowSensitiveInlineVariables.java:102: error: cannot find symbol
[javac] /Closure_15/src/com/google/javascript/jscomp/FlowSensitiveInlineVariables.java:102: error: cannot find symbol
[javac] /Closure_15/src/com/google/javascript/jscomp/FlowSensitiveInlineVariables.java:102: error: cannot find symbol
[javac] /Closure_15/src/com/google/javascript/jscomp/FlowSensitiveInlineVariables.java:102: error: cannot find symbol
[javac] /Closure_15/src/com/google/javascript/jscomp/FlowSensitiveInlineVariables.java:102: error: cannot find symbol
[javac] /Closure_15/src/com/google/javascript/jscomp/FlowSensitiveInlineVariables.java:102: error: cannot find symbol
[javac] /Closure_15/src/com/google/javascript/jscomp/FlowSensitiveInlineVariables.java:113: error: invalid method declaration; return type required
[javac] /Closure_15/src/com/google/javascript/jscomp/FlowSensitiveInlineVariables.java:102: error: illegal start of expression
[javac] /Closure_15/src/com/google/javascript/jscomp/FlowSensitiveInlineVariables.java:102: error: cannot find symbol
[javac] /Closure_15/src/com/google/javascript/jscomp/FlowSensitiveInlineVariables.java:102: error: not a statement
[javac] /Lang_29/src/main/java/org/apache/commons/lang3/SystemUtils.java:1673: error: incompatible types
[javac] /Lang_29/src/main/java/org/apache/commons/lang3/SystemUtils.java:1695: error: method toJavaVersionIntArray(String) is already defined in class SystemUtils
[javac] /Lang_29/src/main/java/org/apache/commons/lang3/SystemUtils.java:1673: error: no suitable method found for toJavaVersionIntArray(Class<CAP#1>,int)
[javac] /Lang_29/src/main/java/org/apache/commons/lang3/SystemUtils.java:1673: error: incompatible types
[javac] /Lang_29/src/main/java/org/apache/commons/lang3/SystemUtils.java:1673: error: incompatible types
[javac] /Lang_29/src/main/java/org/apache/commons/lang3/SystemUtils.java:1673: error: no suitable method found for toJavaVersionIntArray(Long,int)
[javac] /Lang_29/src/main/java/org/apache/commons/lang3/SystemUtils.java:1673: error: no suitable method found for toJavaVersionIntArray(int,int)
[javac] /Lang_29/src/main/java/org/apache/commons/lang3/SystemUtils.java:1673: error: possible loss of precision
[javac] /Lang_29/src/main/java/org/apache/commons/lang3/SystemUtils.java:1673: error: possible loss of precision
[javac] /Lang_11/src/main/java/org/apache/commons/lang3/RandomStringUtils.java:245: error: empty character literal
[javac] /Lang_11/src/main/java/org/apache/commons/lang3/RandomStringUtils.java:245: error: cannot assign a value to final variable MAX_VALUE
[javac] /Lang_11/src/main/java/org/apache/commons/lang3/RandomStringUtils.java:245: error: cannot find symbol
[javac] /Lang_11/src/main/java/org/apache/commons/lang3/RandomStringUtils.java:245: error: illegal start of expression
[javac] /Lang_11/src/main/java/org/apache/commons/lang3/RandomStringUtils.java:245: error: illegal start of expression
[javac] /Math_59/src/main/java/org/apache/commons/math/util/FastMath.java:3482: error: illegal start of expression
[javac] /Math_59/src/main/java/org/apache/commons/math/util/FastMath.java:3482: error: illegal start of expression
[javac] /Math_59/src/main/java/org/apache/commons/math/util/FastMath.java:3482: error: illegal start of expression
[javac] /Math_59/src/main/java/org/apache/commons/math/util/FastMath.java:3482: error: not a statement
[javac] /Math_59/src/main/java/org/apache/commons/math/util/FastMath.java:3482: error: illegal start of expression
[javac] /Math_59/src/main/java/org/apache/commons/math/util/FastMath.java:3482: error: illegal start of expression
[javac] /Math_59/src/main/java/org/apache/commons/math/util/FastMath.java:3482: error: illegal start of expression
[javac] /Math_59/src/main/java/org/apache/commons/math/util/FastMath.java:3482: error: illegal start of expression
[javac] /Math_59/src/main/java/org/apache/commons/math/util/FastMath.java:3482: error: illegal start of expression
[javac] /Math_59/src/main/java/org/apache/commons/math/util/FastMath.java:3482: error: illegal start of expression
[javac] /Math_59/src/main/java/org/apache/commons/math/util/FastMath.java:3482: error: illegal start of expression
[javac] /Math_59/src/main/java/org/apache/commons/math/util/FastMath.java:3482: error: illegal start of expression
[javac] /Math_59/src/main/java/org/apache/commons/math/util/FastMath.java:3482: error: illegal start of expression
[javac] /Math_59/src/main/java/org/apache/commons/math/util/FastMath.java:3482: error: illegal start of expression
[javac] /Math_59/src/main/java/org/apache/commons/math/util/FastMath.java:3482: error: illegal start of expression
[javac] /Math_59/src/main/java/org/apache/commons/math/util/FastMath.java:3482: error: illegal start of expression
[javac] /Math_59/src/main/java/org/apache/commons/math/util/FastMath.java:3482: error: illegal start of expression
[javac] /Math_59/src/main/java/org/apache/commons/math/util/FastMath.java:3482: error: illegal start of expression
[javac] /Math_59/src/main/java/org/apache/commons/math/util/FastMath.java:3482: error: illegal start of expression
[javac] /Math_59/src/main/java/org/apache/commons/math/util/FastMath.java:3482: error: not a statement
[javac] /Math_59/src/main/java/org/apache/commons/math/util/FastMath.java:3482: error: illegal start of expression
[javac] /Math_59/src/main/java/org/apache/commons/math/util/FastMath.java:3482: error: illegal start of expression
[javac] /Math_59/src/main/java/org/apache/commons/math/util/FastMath.java:3482: error: illegal start of expression
[javac] /Math_59/src/main/java/org/apache/commons/math/util/FastMath.java:3482: error: not a statement
[javac] /Math_59/src/main/java/org/apache/commons/math/util/FastMath.java:3482: error: illegal start of expression
[javac] /Math_59/src/main/java/org/apache/commons/math/util/FastMath.java:3482: error: illegal start of expression
[javac] /Math_59/src/main/java/org/apache/commons/math/util/FastMath.java:3482: error: illegal start of expression
[javac] /Math_59/src/main/java/org/apache/commons/math/util/FastMath.java:3482: error: illegal start of expression
[javac] /Closure_132/src/com/google/javascript/jscomp/PeepholeSubstituteAlternateSyntax.java:782: error: illegal start of expression
[javac] /Closure_132/src/com/google/javascript/jscomp/PeepholeSubstituteAlternateSyntax.java:782: error: illegal start of expression
[javac] /Closure_132/src/com/google/javascript/jscomp/PeepholeSubstituteAlternateSyntax.java:782: error: method mayEffectMutableState in class AbstractPeepholeOptimization cannot be applied to given types;
[javac] /Closure_132/src/com/google/javascript/jscomp/PeepholeSubstituteAlternateSyntax.java:782: error: illegal start of expression
[javac] /Closure_132/src/com/google/javascript/jscomp/PeepholeSubstituteAlternateSyntax.java:782: error: boolean cannot be dereferenced
[javac] /Closure_132/src/com/google/javascript/jscomp/PeepholeSubstituteAlternateSyntax.java:782: error: method mayEffectMutableState in class AbstractPeepholeOptimization cannot be applied to given types;
[javac] /Closure_132/src/com/google/javascript/jscomp/PeepholeSubstituteAlternateSyntax.java:782: error: cannot find symbol
[javac] /Closure_132/src/com/google/javascript/jscomp/PeepholeSubstituteAlternateSyntax.java:782: error: bad operand type Node for unary operator '!'
[javac] /Closure_132/src/com/google/javascript/jscomp/PeepholeSubstituteAlternateSyntax.java:782: error: bad operand type Node for unary operator '!'
[javac] /Closure_132/src/com/google/javascript/jscomp/PeepholeSubstituteAlternateSyntax.java:782: error: bad operand type Node for unary operator '!'
[javac] /Closure_132/src/com/google/javascript/jscomp/PeepholeSubstituteAlternateSyntax.java:782: error: method mayEffectMutableState in class AbstractPeepholeOptimization cannot be applied to given types;
[javac] /Closure_132/src/com/google/javascript/jscomp/PeepholeSubstituteAlternateSyntax.java:784: error: ')' expected
[javac] /Closure_132/src/com/google/javascript/jscomp/PeepholeSubstituteAlternateSyntax.java:782: error: illegal start of expression
[javac] /Closure_132/src/com/google/javascript/jscomp/PeepholeSubstituteAlternateSyntax.java:782: error: method mayEffectMutableState in class AbstractPeepholeOptimization cannot be applied to given types;
[javac] /Closure_132/src/com/google/javascript/jscomp/PeepholeSubstituteAlternateSyntax.java:782: error: cannot find symbol
[javac] /Closure_132/src/com/google/javascript/jscomp/PeepholeSubstituteAlternateSyntax.java:782: error: method mayEffectMutableState in class AbstractPeepholeOptimization cannot be applied to given types;
[javac] /Closure_132/src/com/google/javascript/jscomp/PeepholeSubstituteAlternateSyntax.java:782: error: ')' expected
[javac] /Closure_132/src/com/google/javascript/jscomp/PeepholeSubstituteAlternateSyntax.java:782: error: ')' expected
[javac] /Math_48/src/main/java/org/apache/commons/math/analysis/solvers/BaseSecantSolver.java:191: error: duplicate default label
[javac] /Math_48/src/main/java/org/apache/commons/math/analysis/solvers/BaseSecantSolver.java:190: error: unreachable statement
[javac] /Math_48/src/main/java/org/apache/commons/math/analysis/solvers/BaseSecantSolver.java:190: error: unreachable statement
[javac] /Math_48/src/main/java/org/apache/commons/math/analysis/solvers/BaseSecantSolver.java:189: error: illegal start of expression
[javac] /Math_48/src/main/java/org/apache/commons/math/analysis/solvers/BaseSecantSolver.java:190: error: unreachable statement
[javac] /Math_48/src/main/java/org/apache/commons/math/analysis/solvers/BaseSecantSolver.java:190: error: unreachable statement
[javac] /Math_48/src/main/java/org/apache/commons/math/analysis/solvers/BaseSecantSolver.java:190: error: unreachable statement
[javac] /Math_48/src/main/java/org/apache/commons/math/analysis/solvers/BaseSecantSolver.java:190: error: unreachable statement
[javac] /Math_48/src/main/java/org/apache/commons/math/analysis/solvers/BaseSecantSolver.java:190: error: unreachable statement
[javac] /Math_48/src/main/java/org/apache/commons/math/analysis/solvers/BaseSecantSolver.java:190: error: unreachable statement
[javac] /Math_48/src/main/java/org/apache/commons/math/analysis/solvers/BaseSecantSolver.java:190: error: unreachable statement
[javac] /Math_48/src/main/java/org/apache/commons/math/analysis/solvers/BaseSecantSolver.java:190: error: unreachable statement
[javac] /Math_48/src/main/java/org/apache/commons/math/analysis/solvers/BaseSecantSolver.java:190: error: unreachable statement
[javac] /Math_48/src/main/java/org/apache/commons/math/analysis/solvers/BaseSecantSolver.java:189: error: not a statement
[javac] /Math_48/src/main/java/org/apache/commons/math/analysis/solvers/BaseSecantSolver.java:190: error: unreachable statement
[javac] /Math_48/src/main/java/org/apache/commons/math/analysis/solvers/BaseSecantSolver.java:189: error: illegal start of expression
[javac] /Math_48/src/main/java/org/apache/commons/math/analysis/solvers/BaseSecantSolver.java:191: error: duplicate default label
[javac] /Math_48/src/main/java/org/apache/commons/math/analysis/solvers/BaseSecantSolver.java:189: error: illegal start of expression
[javac] /Math_48/src/main/java/org/apache/commons/math/analysis/solvers/BaseSecantSolver.java:190: error: unreachable statement
[javac] /Math_48/src/main/java/org/apache/commons/math/analysis/solvers/BaseSecantSolver.java:189: error: illegal start of expression
[javac] /Closure_20/src/com/google/javascript/jscomp/PeepholeSubstituteAlternateSyntax.java:220: error: cannot find symbol
[javac] /Closure_20/src/com/google/javascript/jscomp/PeepholeSubstituteAlternateSyntax.java:220: error: bad operand types for binary operator '&&'
[javac] /Closure_20/src/com/google/javascript/jscomp/PeepholeSubstituteAlternateSyntax.java:220: error: cannot find symbol
[javac] /Closure_20/src/com/google/javascript/jscomp/PeepholeSubstituteAlternateSyntax.java:220: error: cannot find symbol
[javac] /Closure_20/src/com/google/javascript/jscomp/PeepholeSubstituteAlternateSyntax.java:220: error: cannot find symbol
[javac] /Closure_20/src/com/google/javascript/jscomp/PeepholeSubstituteAlternateSyntax.java:220: error: inconvertible types
[javac] /Closure_20/src/com/google/javascript/jscomp/PeepholeSubstituteAlternateSyntax.java:220: error: cannot find symbol
[javac] /Closure_20/src/com/google/javascript/jscomp/PeepholeSubstituteAlternateSyntax.java:220: error: bad operand type String for unary operator '!'
[javac] /Closure_20/src/com/google/javascript/jscomp/PeepholeSubstituteAlternateSyntax.java:220: error: cannot find symbol
[javac] /Closure_20/src/com/google/javascript/jscomp/PeepholeSubstituteAlternateSyntax.java:220: error: ';' expected
[javac] /Closure_130/src/com/google/javascript/jscomp/CollapseProperties.java:173: error: not a statement
[javac] /Closure_130/src/com/google/javascript/jscomp/CollapseProperties.java:173: error: not a statement
[javac] /Closure_130/src/com/google/javascript/jscomp/CollapseProperties.java:173: error: ';' expected
[javac] /Closure_130/src/com/google/javascript/jscomp/CollapseProperties.java:172: error: cannot find symbol
[javac] /Closure_130/src/com/google/javascript/jscomp/CollapseProperties.java:172: error: incomparable types: int and <null>
[javac] /Closure_130/src/com/google/javascript/jscomp/CollapseProperties.java:172: error: incomparable types: int and <null>
[javac] /Closure_130/src/com/google/javascript/jscomp/CollapseProperties.java:172: error: incomparable types: int and <null>
[javac] /Closure_120/src/com/google/javascript/jscomp/ReferenceCollectingCallback.java:432: error: unreachable statement
[javac] /Closure_120/src/com/google/javascript/jscomp/ReferenceCollectingCallback.java:431: error: cannot find symbol
[javac] /Closure_120/src/com/google/javascript/jscomp/ReferenceCollectingCallback.java:431: error: unreachable statement
[javac] /Closure_120/src/com/google/javascript/jscomp/ReferenceCollectingCallback.java:431: error: cannot find symbol
[javac] /Closure_120/src/com/google/javascript/jscomp/ReferenceCollectingCallback.java:431: error: cannot find symbol
[javac] /Closure_120/src/com/google/javascript/jscomp/ReferenceCollectingCallback.java:432: error: unreachable statement
[javac] /Closure_120/src/com/google/javascript/jscomp/ReferenceCollectingCallback.java:431: error: ';' expected
[javac] /Closure_120/src/com/google/javascript/jscomp/ReferenceCollectingCallback.java:445: error: illegal start of expression
[javac] /Closure_120/src/com/google/javascript/jscomp/ReferenceCollectingCallback.java:431: error: illegal start of expression
[javac] /Closure_120/src/com/google/javascript/jscomp/ReferenceCollectingCallback.java:431: error: cannot find symbol
[javac] /Closure_120/src/com/google/javascript/jscomp/ReferenceCollectingCallback.java:431: error: illegal start of expression
[javac] /Closure_120/src/com/google/javascript/jscomp/ReferenceCollectingCallback.java:431: error: not a statement
[javac] /Math_34/src/main/java/org/apache/commons/math3/genetics/ListPopulation.java:210: error: missing return statement
[javac] /Math_34/src/main/java/org/apache/commons/math3/genetics/ListPopulation.java:209: error: not a statement
[javac] /Math_34/src/main/java/org/apache/commons/math3/genetics/ListPopulation.java:209: error: incompatible types
[javac] /Math_34/src/main/java/org/apache/commons/math3/genetics/ListPopulation.java:209: error: incompatible types
[javac] /Math_34/src/main/java/org/apache/commons/math3/genetics/ListPopulation.java:210: error: missing return statement
[javac] /Math_34/src/main/java/org/apache/commons/math3/genetics/ListPopulation.java:209: error: cannot find symbol
[javac] /Math_34/src/main/java/org/apache/commons/math3/genetics/ListPopulation.java:210: error: missing return statement
[javac] /Math_34/src/main/java/org/apache/commons/math3/genetics/ListPopulation.java:209: error: no suitable constructor found for ArrayList(Iterator<Chromosome>)
[javac] /Math_34/src/main/java/org/apache/commons/math3/genetics/ListPopulation.java:209: error: cannot find symbol
[javac] /Math_34/src/main/java/org/apache/commons/math3/genetics/ListPopulation.java:209: error: incompatible types
[javac] /Math_34/src/main/java/org/apache/commons/math3/genetics/ListPopulation.java:209: error: cannot find symbol
[javac] /Math_34/src/main/java/org/apache/commons/math3/genetics/ListPopulation.java:209: error: illegal start of expression
[javac] /Math_34/src/main/java/org/apache/commons/math3/genetics/ListPopulation.java:209: error: not a statement
[javac] /Closure_71/src/com/google/javascript/jscomp/CheckAccessControls.java:416: error: cannot find symbol
[javac] /Closure_71/src/com/google/javascript/jscomp/CheckAccessControls.java:416: error: cannot find symbol
[javac] /Closure_71/src/com/google/javascript/jscomp/CheckAccessControls.java:416: error: bad operand types for binary operator '&&'
[javac] /Closure_71/src/com/google/javascript/jscomp/CheckAccessControls.java:416: error: cannot find symbol
[javac] /Closure_71/src/com/google/javascript/jscomp/CheckAccessControls.java:416: error: cannot find symbol
[javac] /Closure_71/src/com/google/javascript/jscomp/CheckAccessControls.java:416: error: cannot find symbol
[javac] /Closure_71/src/com/google/javascript/jscomp/CheckAccessControls.java:416: error: cannot find symbol
[javac] /Closure_71/src/com/google/javascript/jscomp/CheckAccessControls.java:416: error: cannot find symbol
[javac] /Closure_71/src/com/google/javascript/jscomp/CheckAccessControls.java:416: error: cannot find symbol
[javac] /Closure_71/src/com/google/javascript/jscomp/CheckAccessControls.java:416: error: variable isOverride might not have been initialized
[javac] /Math_73/src/main/java/org/apache/commons/math/analysis/solvers/BrentSolver.java:139: error: unreachable statement
[javac] /Math_73/src/main/java/org/apache/commons/math/analysis/solvers/BrentSolver.java:136: error: illegal start of expression
[javac] /Math_73/src/main/java/org/apache/commons/math/analysis/solvers/BrentSolver.java:136: error: illegal start of expression
[javac] /Math_73/src/main/java/org/apache/commons/math/analysis/solvers/BrentSolver.java:136: error: cannot find symbol
[javac] /Math_73/src/main/java/org/apache/commons/math/analysis/solvers/BrentSolver.java:136: error: illegal start of expression
[javac] /Math_73/src/main/java/org/apache/commons/math/analysis/solvers/BrentSolver.java:136: error: cannot find symbol
[javac] /Math_73/src/main/java/org/apache/commons/math/analysis/solvers/BrentSolver.java:139: error: unreachable statement
[javac] /Math_73/src/main/java/org/apache/commons/math/analysis/solvers/BrentSolver.java:136: error: incomparable types: double and <null>
[javac] /Math_73/src/main/java/org/apache/commons/math/analysis/solvers/BrentSolver.java:136: error: incomparable types: double and <null>
[javac] /Math_73/src/main/java/org/apache/commons/math/analysis/solvers/BrentSolver.java:136: error: no suitable method found for solve(UnivariateRealFunction,double,double,double,double,double)
[javac] /Math_73/src/main/java/org/apache/commons/math/analysis/solvers/BrentSolver.java:136: error: illegal start of expression
[javac] /Math_73/src/main/java/org/apache/commons/math/analysis/solvers/BrentSolver.java:136: error: incomparable types: double and <null>
[javac] /Math_73/src/main/java/org/apache/commons/math/analysis/solvers/BrentSolver.java:136: error: incomparable types: double and <null>
[javac] /Math_73/src/main/java/org/apache/commons/math/analysis/solvers/BrentSolver.java:136: error: no suitable method found for solve(UnivariateRealFunction,double,double,double,double,double,double,UnivariateRealFunction)
[javac] /Math_73/src/main/java/org/apache/commons/math/analysis/solvers/BrentSolver.java:136: error: incomparable types: double and <null>
[javac] /Math_73/src/main/java/org/apache/commons/math/analysis/solvers/BrentSolver.java:136: error: no suitable method found for solve(UnivariateRealFunction,double,double,double,double,double)
[javac] /Math_73/src/main/java/org/apache/commons/math/analysis/solvers/BrentSolver.java:136: error: incomparable types: double and <null>
[javac] /Math_73/src/main/java/org/apache/commons/math/analysis/solvers/BrentSolver.java:136: error: incomparable types: double and <null>
[javac] /Math_73/src/main/java/org/apache/commons/math/analysis/solvers/BrentSolver.java:136: error: incompatible types
[javac] /Lang_45/src/java/org/apache/commons/lang/WordUtils.java:616: error: incompatible types
[javac] /Lang_45/src/java/org/apache/commons/lang/WordUtils.java:616: error: incompatible types
[javac] /Lang_45/src/java/org/apache/commons/lang/WordUtils.java:616: error: bad operand types for binary operator '=='
[javac] /Lang_45/src/java/org/apache/commons/lang/WordUtils.java:616: error: not a statement
[javac] /Lang_45/src/java/org/apache/commons/lang/WordUtils.java:616: error: ';' expected
[javac] /Lang_45/src/java/org/apache/commons/lang/WordUtils.java:616: error: illegal start of expression
[javac] /Lang_45/src/java/org/apache/commons/lang/WordUtils.java:616: error: illegal start of expression
[javac] /Math_104/src/java/org/apache/commons/math/special/Gamma.java:120: error: non-static variable DEFAULT_EPSILON cannot be referenced from a static context
[javac] /Math_104/src/java/org/apache/commons/math/special/Gamma.java:37: error: possible loss of precision
[javac] /Math_104/src/java/org/apache/commons/math/special/Gamma.java:37: error: possible loss of precision
[javac] /Math_104/src/java/org/apache/commons/math/special/Gamma.java:120: error: non-static variable DEFAULT_EPSILON cannot be referenced from a static context
[javac] /Math_104/src/java/org/apache/commons/math/special/Gamma.java:37: error: possible loss of precision
[javac] /Math_104/src/java/org/apache/commons/math/special/Gamma.java:120: error: non-static variable DEFAULT_EPSILON cannot be referenced from a static context
[javac] /Math_104/src/java/org/apache/commons/math/special/Gamma.java:37: error: possible loss of precision
[javac] /Math_104/src/java/org/apache/commons/math/special/Gamma.java:120: error: non-static variable DEFAULT_EPSILON cannot be referenced from a static context
[javac] /Math_104/src/java/org/apache/commons/math/special/Gamma.java:37: error: possible loss of precision
[javac] /Math_104/src/java/org/apache/commons/math/special/Gamma.java:37: error: <identifier> expected
[javac] /Math_104/src/java/org/apache/commons/math/special/Gamma.java:120: error: cannot find symbol
[javac] /Lang_61/src/java/org/apache/commons/lang/text/StrBuilder.java:1776: error: incompatible types
[javac] /Lang_61/src/java/org/apache/commons/lang/text/StrBuilder.java:1776: error: cannot find symbol
[javac] /Lang_61/src/java/org/apache/commons/lang/text/StrBuilder.java:1776: error: cannot find symbol
[javac] /Lang_61/src/java/org/apache/commons/lang/text/StrBuilder.java:1776: error: cannot find symbol
     [exec] /Mockito_7/src/org/mockito/internal/util/reflection/GenericMetadataSupport.java:379: error: incompatible types: unexpected return value
     [exec] /Mockito_7/src/org/mockito/internal/util/reflection/GenericMetadataSupport.java:379: error: incompatible types: unexpected return value
     [exec] /Mockito_7/src/org/mockito/internal/util/reflection/GenericMetadataSupport.java:379: error: incompatible types: unexpected return value
     [exec] /Mockito_7/src/org/mockito/internal/util/reflection/GenericMetadataSupport.java:379: error: incompatible types: unexpected return value
     [exec] /Mockito_7/src/org/mockito/internal/util/reflection/GenericMetadataSupport.java:379: error: incompatible types: unexpected return value
     [exec] /Mockito_7/src/org/mockito/internal/util/reflection/GenericMetadataSupport.java:379: error: incompatible types: unexpected return value
     [exec] /Mockito_7/src/org/mockito/internal/util/reflection/GenericMetadataSupport.java:379: error: incompatible types: unexpected return value
     [exec] /Mockito_7/src/org/mockito/internal/util/reflection/GenericMetadataSupport.java:379: error: cannot find symbol
     [exec] /Mockito_7/src/org/mockito/internal/util/reflection/GenericMetadataSupport.java:379: error: incompatible types: unexpected return value
     [exec] /Mockito_7/src/org/mockito/internal/util/reflection/GenericMetadataSupport.java:379: error: cannot find symbol
     [exec] /Mockito_7/src/org/mockito/internal/util/reflection/GenericMetadataSupport.java:379: error: incompatible types: unexpected return value
     [exec] /Mockito_7/src/org/mockito/internal/util/reflection/GenericMetadataSupport.java:379: error: incompatible types: unexpected return value
     [exec] /Mockito_7/src/org/mockito/internal/util/reflection/GenericMetadataSupport.java:379: error: incompatible types: unexpected return value
     [exec] /Mockito_7/src/org/mockito/internal/util/reflection/GenericMetadataSupport.java:379: error: incompatible types: unexpected return value
     [exec] /Mockito_7/src/org/mockito/internal/util/reflection/GenericMetadataSupport.java:379: error: incompatible types: unexpected return value
     [exec] /Mockito_7/src/org/mockito/internal/util/reflection/GenericMetadataSupport.java:379: error: incompatible types: unexpected return value
     [exec] /Mockito_7/src/org/mockito/internal/util/reflection/GenericMetadataSupport.java:379: error: incompatible types: unexpected return value
     [exec] /Mockito_7/src/org/mockito/internal/util/reflection/GenericMetadataSupport.java:379: error: incompatible types: unexpected return value
     [exec] /Mockito_7/src/org/mockito/internal/util/reflection/GenericMetadataSupport.java:379: error: incompatible types: unexpected return value
     [exec] /Mockito_7/src/org/mockito/internal/util/reflection/GenericMetadataSupport.java:379: error: cannot find symbol
     [exec] /Mockito_7/src/org/mockito/internal/util/reflection/GenericMetadataSupport.java:379: error: incompatible types: unexpected return value
     [exec] /Mockito_7/src/org/mockito/internal/util/reflection/GenericMetadataSupport.java:379: error: incompatible types: unexpected return value
     [exec] /Mockito_7/src/org/mockito/internal/util/reflection/GenericMetadataSupport.java:379: error: incompatible types: unexpected return value
     [exec] /Mockito_7/src/org/mockito/internal/util/reflection/GenericMetadataSupport.java:379: error: incompatible types: unexpected return value
     [exec] /Mockito_7/src/org/mockito/internal/util/reflection/GenericMetadataSupport.java:379: error: incompatible types: unexpected return value
     [exec] /Mockito_7/src/org/mockito/internal/util/reflection/GenericMetadataSupport.java:379: error: cannot assign a value to final variable typeVariable
[javac] /Math_70/src/main/java/org/apache/commons/math/analysis/solvers/BisectionSolver.java:73: error: missing return statement
[javac] /Math_70/src/main/java/org/apache/commons/math/analysis/solvers/BisectionSolver.java:73: error: missing return statement
[javac] /Math_70/src/main/java/org/apache/commons/math/analysis/solvers/BisectionSolver.java:73: error: missing return statement
[javac] /Math_70/src/main/java/org/apache/commons/math/analysis/solvers/BisectionSolver.java:73: error: missing return statement
[javac] /Math_70/src/main/java/org/apache/commons/math/analysis/solvers/BisectionSolver.java:72: error: cannot find symbol
[javac] /Math_70/src/main/java/org/apache/commons/math/analysis/solvers/BisectionSolver.java:73: error: missing return statement
[javac] /Math_70/src/main/java/org/apache/commons/math/analysis/solvers/BisectionSolver.java:72: error: illegal start of expression
[javac] /Math_70/src/main/java/org/apache/commons/math/analysis/solvers/BisectionSolver.java:73: error: missing return statement
[javac] /Math_70/src/main/java/org/apache/commons/math/analysis/solvers/BisectionSolver.java:73: error: missing return statement
[javac] /Math_70/src/main/java/org/apache/commons/math/analysis/solvers/BisectionSolver.java:73: error: missing return statement
[javac] /Math_70/src/main/java/org/apache/commons/math/analysis/solvers/BisectionSolver.java:72: error: ';' expected
[javac] /Math_70/src/main/java/org/apache/commons/math/analysis/solvers/BisectionSolver.java:73: error: missing return statement
[javac] /Math_70/src/main/java/org/apache/commons/math/analysis/solvers/BisectionSolver.java:72: error: no suitable method found for solve(UnivariateRealFunction,double,double,double,boolean)
[javac] /Math_70/src/main/java/org/apache/commons/math/analysis/solvers/BisectionSolver.java:72: error: cannot find symbol
[javac] /Math_70/src/main/java/org/apache/commons/math/analysis/solvers/BisectionSolver.java:72: error: cannot find symbol
[javac] /Math_70/src/main/java/org/apache/commons/math/analysis/solvers/BisectionSolver.java:73: error: missing return statement
[javac] /Math_70/src/main/java/org/apache/commons/math/analysis/solvers/BisectionSolver.java:72: error: cannot find symbol
[javac] /Math_70/src/main/java/org/apache/commons/math/analysis/solvers/BisectionSolver.java:73: error: missing return statement
[javac] /Math_70/src/main/java/org/apache/commons/math/analysis/solvers/BisectionSolver.java:72: error: ';' expected
[javac] /Math_70/src/main/java/org/apache/commons/math/analysis/solvers/BisectionSolver.java:72: error: cannot find symbol
[javac] /Math_70/src/main/java/org/apache/commons/math/analysis/solvers/BisectionSolver.java:72: error: no suitable method found for solve(UnivariateRealFunction)
[javac] /Closure_5/src/com/google/javascript/jscomp/InlineObjectLiterals.java:176: error: cannot find symbol
[javac] /Closure_5/src/com/google/javascript/jscomp/InlineObjectLiterals.java:176: error: ';' expected
[javac] /Closure_5/src/com/google/javascript/jscomp/InlineObjectLiterals.java:176: error: illegal start of expression
[javac] /Closure_5/src/com/google/javascript/jscomp/InlineObjectLiterals.java:176: error: not a statement
[javac] /Closure_5/src/com/google/javascript/jscomp/InlineObjectLiterals.java:176: error: illegal start of expression
[javac] /Closure_5/src/com/google/javascript/jscomp/InlineObjectLiterals.java:176: error: incompatible types
[javac] /Closure_5/src/com/google/javascript/jscomp/InlineObjectLiterals.java:176: error: cannot find symbol
[javac] /Closure_101/src/com/google/javascript/jscomp/CommandLineRunner.java:433: error: illegal start of expression
[javac] /Closure_101/src/com/google/javascript/jscomp/CommandLineRunner.java:433: error: incompatible types
[javac] /Closure_101/src/com/google/javascript/jscomp/CommandLineRunner.java:433: error: cannot find symbol
[javac] /Closure_101/src/com/google/javascript/jscomp/CommandLineRunner.java:433: error: illegal start of expression
[javac] /Closure_101/src/com/google/javascript/jscomp/CommandLineRunner.java:433: error: illegal start of expression
[javac] /Closure_101/src/com/google/javascript/jscomp/CommandLineRunner.java:433: error: cannot find symbol
[javac] /Closure_101/src/com/google/javascript/jscomp/CommandLineRunner.java:433: error: cannot find symbol
[javac] /Closure_101/src/com/google/javascript/jscomp/CommandLineRunner.java:435: error: ';' expected
[javac] /Closure_101/src/com/google/javascript/jscomp/CommandLineRunner.java:433: error: cannot find symbol
[javac] /Closure_101/src/com/google/javascript/jscomp/CommandLineRunner.java:433: error: illegal start of expression
[javac] /Closure_101/src/com/google/javascript/jscomp/CommandLineRunner.java:435: error: ';' expected
[javac] /Closure_129/src/com/google/javascript/jscomp/PrepareAst.java:166: error: method getBooleanProp in class Node cannot be applied to given types;
[javac] /Closure_129/src/com/google/javascript/jscomp/PrepareAst.java:166: error: cannot find symbol
[javac] /Closure_129/src/com/google/javascript/jscomp/PrepareAst.java:166: error: cannot return a value from method whose result type is void
[javac] /Closure_129/src/com/google/javascript/jscomp/PrepareAst.java:166: error: cannot return a value from method whose result type is void
[javac] /Closure_129/src/com/google/javascript/jscomp/PrepareAst.java:166: error: cannot find symbol
[javac] /Closure_129/src/com/google/javascript/jscomp/PrepareAst.java:166: error: cannot find symbol
[javac] /Closure_129/src/com/google/javascript/jscomp/PrepareAst.java:166: error: cannot return a value from method whose result type is void
[javac] /Closure_129/src/com/google/javascript/jscomp/PrepareAst.java:166: error: cannot return a value from method whose result type is void
[javac] /Closure_129/src/com/google/javascript/jscomp/PrepareAst.java:166: error: not a statement
[javac] /Math_53/src/main/java/org/apache/commons/math/complex/Complex.java:154: error: unreachable statement
[javac] /Math_53/src/main/java/org/apache/commons/math/complex/Complex.java:153: error: method createComplex in class Complex cannot be applied to given types;
[javac] /Math_53/src/main/java/org/apache/commons/math/complex/Complex.java:153: error: method createComplex in class Complex cannot be applied to given types;
[javac] /Math_53/src/main/java/org/apache/commons/math/complex/Complex.java:153: error: method createComplex in class Complex cannot be applied to given types;
[javac] /Math_53/src/main/java/org/apache/commons/math/complex/Complex.java:153: error: cannot find symbol
[javac] /Math_53/src/main/java/org/apache/commons/math/complex/Complex.java:153: error: constructor Complex in class Complex cannot be applied to given types;
[javac] /Math_53/src/main/java/org/apache/commons/math/complex/Complex.java:153: error: incomparable types: double and <null>
[javac] /Math_53/src/main/java/org/apache/commons/math/complex/Complex.java:153: error: constructor Complex in class Complex cannot be applied to given types;
[javac] /Math_53/src/main/java/org/apache/commons/math/complex/Complex.java:153: error: incomparable types: double and <null>
[javac] /Math_53/src/main/java/org/apache/commons/math/complex/Complex.java:153: error: method createComplex in class Complex cannot be applied to given types;
[javac] /Math_53/src/main/java/org/apache/commons/math/complex/Complex.java:153: error: incomparable types: double and <null>
[javac] /Math_53/src/main/java/org/apache/commons/math/complex/Complex.java:153: error: incomparable types: double and <null>
[javac] /Math_53/src/main/java/org/apache/commons/math/complex/Complex.java:153: error: method createComplex in class Complex cannot be applied to given types;
[javac] /Math_53/src/main/java/org/apache/commons/math/complex/Complex.java:153: error: method createComplex in class Complex cannot be applied to given types;
[javac] /Math_53/src/main/java/org/apache/commons/math/complex/Complex.java:153: error: method createComplex in class Complex cannot be applied to given types;
[javac] /Math_53/src/main/java/org/apache/commons/math/complex/Complex.java:153: error: no suitable constructor found for NullArgumentException(String)
[javac] /Math_53/src/main/java/org/apache/commons/math/complex/Complex.java:153: error: method createComplex in class Complex cannot be applied to given types;
[javac] /Math_53/src/main/java/org/apache/commons/math/complex/Complex.java:153: error: constructor Complex in class Complex cannot be applied to given types;
[javac] /Mockito_38/src/org/mockito/internal/verification/argumentmatching/ArgumentMatchingTool.java:48: error: cannot find symbol
[javac] /Mockito_38/src/org/mockito/internal/verification/argumentmatching/ArgumentMatchingTool.java:49: error: missing return statement
[javac] /Mockito_38/src/org/mockito/internal/verification/argumentmatching/ArgumentMatchingTool.java:48: error: incompatible types: String cannot be converted to StringDescription
[javac] /Mockito_38/src/org/mockito/internal/verification/argumentmatching/ArgumentMatchingTool.java:49: error: missing return statement
[javac] /Mockito_38/src/org/mockito/internal/verification/argumentmatching/ArgumentMatchingTool.java:48: error: cannot find symbol
[javac] /Mockito_38/src/org/mockito/internal/verification/argumentmatching/ArgumentMatchingTool.java:48: error: cannot find symbol
[javac] /Mockito_38/src/org/mockito/internal/verification/argumentmatching/ArgumentMatchingTool.java:48: error: incompatible types: Object cannot be converted to SelfDescribing
[javac] /Mockito_38/src/org/mockito/internal/verification/argumentmatching/ArgumentMatchingTool.java:48: error: incompatible types: String cannot be converted to StringDescription
[javac] /Mockito_38/src/org/mockito/internal/verification/argumentmatching/ArgumentMatchingTool.java:48: error: ';' expected
[javac] /Mockito_38/src/org/mockito/internal/verification/argumentmatching/ArgumentMatchingTool.java:50: error: class, interface, or enum expected
[javac] /Mockito_38/src/org/mockito/internal/verification/argumentmatching/ArgumentMatchingTool.java:48: error: cannot find symbol
[javac] /Mockito_38/src/org/mockito/internal/verification/argumentmatching/ArgumentMatchingTool.java:50: error: class, interface, or enum expected
[javac] /Mockito_38/src/org/mockito/internal/verification/argumentmatching/ArgumentMatchingTool.java:48: error: incompatible types: String cannot be converted to StringDescription
[javac] /Closure_33/src/com/google/javascript/rhino/jstype/PrototypeObjectType.java:557: error: cannot find symbol
[javac] /Closure_33/src/com/google/javascript/rhino/jstype/PrototypeObjectType.java:557: error: cannot find symbol
[javac] /Closure_33/src/com/google/javascript/rhino/jstype/PrototypeObjectType.java:557: error: cannot find symbol
[javac] /Closure_33/src/com/google/javascript/rhino/jstype/PrototypeObjectType.java:557: error: cannot find symbol
[javac] /Closure_33/src/com/google/javascript/rhino/jstype/PrototypeObjectType.java:557: error: cannot find symbol
[javac] /Closure_33/src/com/google/javascript/rhino/jstype/PrototypeObjectType.java:557: error: cannot find symbol
[javac] /Closure_33/src/com/google/javascript/rhino/jstype/PrototypeObjectType.java:557: error: cannot find symbol
[javac] /Closure_33/src/com/google/javascript/rhino/jstype/PrototypeObjectType.java:557: error: cannot find symbol
[javac] /Closure_33/src/com/google/javascript/rhino/jstype/PrototypeObjectType.java:557: error: cannot find symbol
[javac] /Closure_33/src/com/google/javascript/rhino/jstype/PrototypeObjectType.java:557: error: cannot find symbol
[javac] /Closure_33/src/com/google/javascript/rhino/jstype/PrototypeObjectType.java:557: error: cannot find symbol
[javac] /Closure_33/src/com/google/javascript/rhino/jstype/PrototypeObjectType.java:557: error: cannot find symbol
[javac] /Closure_33/src/com/google/javascript/rhino/jstype/PrototypeObjectType.java:557: error: cannot find symbol
[javac] /Closure_33/src/com/google/javascript/rhino/jstype/PrototypeObjectType.java:557: error: cannot find symbol
[javac] /Closure_33/src/com/google/javascript/rhino/jstype/PrototypeObjectType.java:557: error: cannot find symbol
[javac] /Closure_33/src/com/google/javascript/rhino/jstype/PrototypeObjectType.java:557: error: cannot find symbol
[javac] /Closure_33/src/com/google/javascript/rhino/jstype/PrototypeObjectType.java:557: error: cannot find symbol
[javac] /Closure_33/src/com/google/javascript/rhino/jstype/PrototypeObjectType.java:557: error: cannot find symbol
[javac] /Closure_33/src/com/google/javascript/rhino/jstype/PrototypeObjectType.java:557: error: cannot find symbol
[javac] /Closure_33/src/com/google/javascript/rhino/jstype/PrototypeObjectType.java:557: error: cannot find symbol
[javac] /Closure_33/src/com/google/javascript/rhino/jstype/PrototypeObjectType.java:557: error: cannot find symbol
[javac] /Closure_33/src/com/google/javascript/rhino/jstype/PrototypeObjectType.java:557: error: cannot find symbol
[javac] /Closure_33/src/com/google/javascript/rhino/jstype/PrototypeObjectType.java:557: error: cannot find symbol
[javac] /Closure_33/src/com/google/javascript/rhino/jstype/PrototypeObjectType.java:557: error: cannot find symbol
[javac] /Closure_33/src/com/google/javascript/rhino/jstype/PrototypeObjectType.java:557: error: cannot find symbol
[javac] /Closure_33/src/com/google/javascript/rhino/jstype/PrototypeObjectType.java:557: error: cannot find symbol
[javac] /Closure_33/src/com/google/javascript/rhino/jstype/PrototypeObjectType.java:557: error: cannot find symbol
[javac] /Closure_33/src/com/google/javascript/rhino/jstype/PrototypeObjectType.java:557: error: cannot find symbol
[javac] /Closure_33/src/com/google/javascript/rhino/jstype/PrototypeObjectType.java:557: error: cannot find symbol
[javac] /Math_58/src/main/java/org/apache/commons/math/optimization/fitting/GaussianFitter.java:121: error: constructor Parametric in class Parametric cannot be applied to given types;
[javac] /Math_58/src/main/java/org/apache/commons/math/optimization/fitting/GaussianFitter.java:121: error: cannot find symbol
[javac] /Math_58/src/main/java/org/apache/commons/math/optimization/fitting/GaussianFitter.java:121: error: constructor Parametric in class Parametric cannot be applied to given types;
[javac] /Math_58/src/main/java/org/apache/commons/math/optimization/fitting/GaussianFitter.java:121: error: no suitable method found for fit(Parametric,double[],WeightedObservedPoint[])
[javac] /Math_58/src/main/java/org/apache/commons/math/optimization/fitting/GaussianFitter.java:121: error: no suitable method found for fit(Parametric,double[],boolean)
[javac] /Math_58/src/main/java/org/apache/commons/math/optimization/fitting/GaussianFitter.java:121: error: no suitable method found for fit(Parametric,double[],<null>)
[javac] /Math_58/src/main/java/org/apache/commons/math/optimization/fitting/GaussianFitter.java:121: error: no suitable method found for fit(Parametric)
[javac] /Math_58/src/main/java/org/apache/commons/math/optimization/fitting/GaussianFitter.java:121: error: constructor Parametric in class Parametric cannot be applied to given types;
[javac] /Math_58/src/main/java/org/apache/commons/math/optimization/fitting/GaussianFitter.java:121: error: illegal start of expression
[javac] /Math_58/src/main/java/org/apache/commons/math/optimization/fitting/GaussianFitter.java:121: error: no suitable method found for fit(Parametric,double[],int)
[javac] /Math_58/src/main/java/org/apache/commons/math/optimization/fitting/GaussianFitter.java:121: error: incompatible types
[javac] /Math_58/src/main/java/org/apache/commons/math/optimization/fitting/GaussianFitter.java:121: error: cannot find symbol
[javac] /Math_58/src/main/java/org/apache/commons/math/optimization/fitting/GaussianFitter.java:121: error: type Parametric does not take parameters
[javac] /Math_58/src/main/java/org/apache/commons/math/optimization/fitting/GaussianFitter.java:121: error: no suitable method found for fit(Parametric)
[javac] /Math_58/src/main/java/org/apache/commons/math/optimization/fitting/GaussianFitter.java:121: error: constructor Parametric in class Parametric cannot be applied to given types;
[javac] /Math_58/src/main/java/org/apache/commons/math/optimization/fitting/GaussianFitter.java:121: error: constructor Parametric in class Parametric cannot be applied to given types;
[javac] /Math_58/src/main/java/org/apache/commons/math/optimization/fitting/GaussianFitter.java:121: error: constructor Parametric in class Parametric cannot be applied to given types;
[javac] /Math_58/src/main/java/org/apache/commons/math/optimization/fitting/GaussianFitter.java:121: error: cannot find symbol
[javac] /Math_58/src/main/java/org/apache/commons/math/optimization/fitting/GaussianFitter.java:121: error: cannot find symbol
[javac] /Math_58/src/main/java/org/apache/commons/math/optimization/fitting/GaussianFitter.java:121: error: cannot find symbol
[javac] /Math_58/src/main/java/org/apache/commons/math/optimization/fitting/GaussianFitter.java:121: error: cannot find symbol
[javac] /Math_58/src/main/java/org/apache/commons/math/optimization/fitting/GaussianFitter.java:121: error: cannot find symbol
[javac] /Math_58/src/main/java/org/apache/commons/math/optimization/fitting/GaussianFitter.java:121: error: no suitable method found for fit(Parametric,double[],<null>,<null>)
[javac] /Math_58/src/main/java/org/apache/commons/math/optimization/fitting/GaussianFitter.java:121: error: cannot find symbol
[javac] /Math_58/src/main/java/org/apache/commons/math/optimization/fitting/GaussianFitter.java:121: error: '(' or '[' expected
[javac] /Math_58/src/main/java/org/apache/commons/math/optimization/fitting/GaussianFitter.java:121: error: cannot find symbol
[javac] /Math_58/src/main/java/org/apache/commons/math/optimization/fitting/GaussianFitter.java:121: error: not a statement
[javac] /Chart_12/source/org/jfree/chart/plot/MultiplePiePlot.java:145: error: cannot find symbol
[javac] /Chart_12/source/org/jfree/chart/plot/MultiplePiePlot.java:145: error: cannot find symbol
[javac] /Chart_12/source/org/jfree/chart/plot/MultiplePiePlot.java:145: error: cannot find symbol
[javac] /Chart_12/source/org/jfree/chart/plot/MultiplePiePlot.java:145: error: cannot find symbol
[javac] /Chart_12/source/org/jfree/chart/plot/MultiplePiePlot.java:145: error: cannot find symbol
[javac] /Chart_12/source/org/jfree/chart/plot/MultiplePiePlot.java:145: error: cannot find symbol
[javac] /Chart_12/source/org/jfree/chart/plot/MultiplePiePlot.java:145: error: cannot find symbol
[javac] /Chart_12/source/org/jfree/chart/plot/MultiplePiePlot.java:145: error: cannot assign a value to final variable BY_COLUMN
[javac] /Chart_12/source/org/jfree/chart/plot/MultiplePiePlot.java:145: error: cannot find symbol
[javac] /Chart_12/source/org/jfree/chart/plot/MultiplePiePlot.java:145: error: cannot find symbol
[javac] /Chart_12/source/org/jfree/chart/plot/MultiplePiePlot.java:145: error: cannot find symbol
[javac] /Chart_12/source/org/jfree/chart/plot/MultiplePiePlot.java:145: error: cannot find symbol
[javac] /Chart_12/source/org/jfree/chart/plot/MultiplePiePlot.java:145: error: cannot find symbol
[javac] /Chart_12/source/org/jfree/chart/plot/MultiplePiePlot.java:145: error: cannot find symbol
[javac] /Chart_12/source/org/jfree/chart/plot/MultiplePiePlot.java:145: error: cannot find symbol
[javac] /Chart_12/source/org/jfree/chart/plot/MultiplePiePlot.java:145: error: cannot find symbol
[javac] /Chart_12/source/org/jfree/chart/plot/MultiplePiePlot.java:146: error: ';' expected
[javac] /Chart_12/source/org/jfree/chart/plot/MultiplePiePlot.java:145: error: illegal start of expression
[javac] /Chart_12/source/org/jfree/chart/plot/MultiplePiePlot.java:145: error: cannot find symbol
[javac] /Lang_21/src/main/java/org/apache/commons/lang3/time/DateUtils.java:265: error: illegal start of expression
[javac] /Lang_21/src/main/java/org/apache/commons/lang3/time/DateUtils.java:265: error: illegal start of expression
[javac] /Lang_21/src/main/java/org/apache/commons/lang3/time/DateUtils.java:265: error: illegal start of expression
[javac] /Lang_21/src/main/java/org/apache/commons/lang3/time/DateUtils.java:265: error: cannot find symbol
[javac] /Lang_21/src/main/java/org/apache/commons/lang3/time/DateUtils.java:265: error: cannot find symbol
[javac] /Lang_21/src/main/java/org/apache/commons/lang3/time/DateUtils.java:269: error: ';' expected
[javac] /Lang_21/src/main/java/org/apache/commons/lang3/time/DateUtils.java:265: error: illegal start of expression
[javac] /Lang_21/src/main/java/org/apache/commons/lang3/time/DateUtils.java:265: error: illegal start of expression
[javac] /Lang_21/src/main/java/org/apache/commons/lang3/time/DateUtils.java:265: error: illegal start of expression
[javac] /Lang_21/src/main/java/org/apache/commons/lang3/time/DateUtils.java:265: error: method get in class Calendar cannot be applied to given types;
[javac] /Lang_21/src/main/java/org/apache/commons/lang3/time/DateUtils.java:265: error: ')' expected
[javac] /Lang_21/src/main/java/org/apache/commons/lang3/time/DateUtils.java:265: error: illegal start of expression
[javac] /Lang_21/src/main/java/org/apache/commons/lang3/time/DateUtils.java:265: error: illegal start of expression
[javac] /Lang_21/src/main/java/org/apache/commons/lang3/time/DateUtils.java:265: error: illegal start of expression
[javac] /Lang_21/src/main/java/org/apache/commons/lang3/time/DateUtils.java:265: error: ')' expected
[javac] /Closure_67/src/com/google/javascript/jscomp/AnalyzePrototypeProperties.java:318: error: cannot find symbol
[javac] /Closure_67/src/com/google/javascript/jscomp/AnalyzePrototypeProperties.java:318: error: cannot find symbol
[javac] /Closure_67/src/com/google/javascript/jscomp/AnalyzePrototypeProperties.java:318: error: cannot find symbol
[javac] /Closure_67/src/com/google/javascript/jscomp/AnalyzePrototypeProperties.java:318: error: cannot find symbol
[javac] /Closure_67/src/com/google/javascript/jscomp/AnalyzePrototypeProperties.java:318: error: bad operand type int for unary operator '!'
[javac] /Closure_67/src/com/google/javascript/jscomp/AnalyzePrototypeProperties.java:318: error: cannot find symbol
[javac] /Closure_67/src/com/google/javascript/jscomp/AnalyzePrototypeProperties.java:318: error: cannot find symbol
[javac] /Closure_67/src/com/google/javascript/jscomp/AnalyzePrototypeProperties.java:318: error: cannot find symbol
[javac] /Closure_67/src/com/google/javascript/jscomp/AnalyzePrototypeProperties.java:318: error: cannot find symbol
[javac] /Closure_67/src/com/google/javascript/jscomp/AnalyzePrototypeProperties.java:318: error: cannot find symbol
[javac] /Closure_67/src/com/google/javascript/jscomp/AnalyzePrototypeProperties.java:318: error: cannot find symbol
[javac] /Closure_67/src/com/google/javascript/jscomp/AnalyzePrototypeProperties.java:318: error: cannot find symbol
[javac] /Closure_67/src/com/google/javascript/jscomp/AnalyzePrototypeProperties.java:318: error: cannot find symbol
[javac] /Closure_67/src/com/google/javascript/jscomp/AnalyzePrototypeProperties.java:318: error: unclosed string literal
[javac] /Closure_67/src/com/google/javascript/jscomp/AnalyzePrototypeProperties.java:317: error: ')' expected
[javac] /Lang_24/src/main/java/org/apache/commons/lang3/math/NumberUtils.java:1413: error: non-static variable this cannot be referenced from a static context
[javac] /Mockito_28/src/org/mockito/internal/configuration/DefaultInjectionEngine.java:93: error: cannot find symbol
[javac] /Mockito_28/src/org/mockito/internal/configuration/DefaultInjectionEngine.java:93: error: incompatible types: Class<CAP#1> cannot be converted to Field
[javac] /Mockito_28/src/org/mockito/internal/configuration/DefaultInjectionEngine.java:93: error: illegal start of expression
[javac] /Mockito_28/src/org/mockito/internal/configuration/DefaultInjectionEngine.java:93: error: not a statement
[javac] /Mockito_28/src/org/mockito/internal/configuration/DefaultInjectionEngine.java:93: error: method filterCandidate in interface MockCandidateFilter cannot be applied to given types;
[javac] /Mockito_28/src/org/mockito/internal/configuration/DefaultInjectionEngine.java:93: error: incompatible types: String cannot be converted to Field
[javac] /Mockito_28/src/org/mockito/internal/configuration/DefaultInjectionEngine.java:93: error: incompatible types: String cannot be converted to Field
[javac] /Mockito_28/src/org/mockito/internal/configuration/DefaultInjectionEngine.java:93: error: incompatible types: String cannot be converted to Field
[javac] /Mockito_28/src/org/mockito/internal/configuration/DefaultInjectionEngine.java:93: error: not a statement
[javac] /Mockito_28/src/org/mockito/internal/configuration/DefaultInjectionEngine.java:93: error: method filterCandidate in interface MockCandidateFilter cannot be applied to given types;
[javac] /Mockito_28/src/org/mockito/internal/configuration/DefaultInjectionEngine.java:93: error: cannot find symbol
[javac] /Mockito_28/src/org/mockito/internal/configuration/DefaultInjectionEngine.java:93: error: cannot find symbol
[javac] /Mockito_28/src/org/mockito/internal/configuration/DefaultInjectionEngine.java:93: error: method filterCandidate in interface MockCandidateFilter cannot be applied to given types;
[javac] /Mockito_28/src/org/mockito/internal/configuration/DefaultInjectionEngine.java:93: error: cannot find symbol
[javac] /Mockito_28/src/org/mockito/internal/configuration/DefaultInjectionEngine.java:93: error: cannot find symbol
[javac] /Mockito_28/src/org/mockito/internal/configuration/DefaultInjectionEngine.java:93: error: illegal start of expression
[javac] /Mockito_28/src/org/mockito/internal/configuration/DefaultInjectionEngine.java:93: error: incompatible types: Class<CAP#1> cannot be converted to Field
[javac] /Mockito_28/src/org/mockito/internal/configuration/DefaultInjectionEngine.java:93: error: cannot find symbol
[javac] /Mockito_28/src/org/mockito/internal/configuration/DefaultInjectionEngine.java:93: error: cannot find symbol
[javac] /Mockito_28/src/org/mockito/internal/configuration/DefaultInjectionEngine.java:93: error: method filterCandidate in interface MockCandidateFilter cannot be applied to given types;
[javac] /Mockito_28/src/org/mockito/internal/configuration/DefaultInjectionEngine.java:93: error: not a statement
[javac] /Mockito_28/src/org/mockito/internal/configuration/DefaultInjectionEngine.java:93: error: lambda expressions are not supported in -source 1.5
[javac] /Lang_59/src/java/org/apache/commons/lang/text/StrBuilder.java:884: error: not a statement
[javac] /Lang_59/src/java/org/apache/commons/lang/text/StrBuilder.java:884: error: illegal start of expression
[javac] /Lang_59/src/java/org/apache/commons/lang/text/StrBuilder.java:884: error: not a statement
[javac] /Lang_59/src/java/org/apache/commons/lang/text/StrBuilder.java:884: error: ')' expected
[javac] /Lang_59/src/java/org/apache/commons/lang/text/StrBuilder.java:884: error: not a statement
[javac] /Lang_59/src/java/org/apache/commons/lang/text/StrBuilder.java:884: error: cannot find symbol
[javac] /Lang_59/src/java/org/apache/commons/lang/text/StrBuilder.java:884: error: no suitable method found for getChars(int,char[],int)
[javac] /Lang_59/src/java/org/apache/commons/lang/text/StrBuilder.java:884: error: cannot find symbol
[javac] /Lang_59/src/java/org/apache/commons/lang/text/StrBuilder.java:884: error: not a statement
[javac] /Lang_59/src/java/org/apache/commons/lang/text/StrBuilder.java:884: error: not a statement
[javac] /Lang_59/src/java/org/apache/commons/lang/text/StrBuilder.java:884: error: no suitable method found for getChars(int,char[],int)
[javac] /Lang_59/src/java/org/apache/commons/lang/text/StrBuilder.java:884: error: no suitable method found for getChars(int,char[],int)
[javac] /Lang_59/src/java/org/apache/commons/lang/text/StrBuilder.java:884: error: illegal start of expression
[javac] /Lang_59/src/java/org/apache/commons/lang/text/StrBuilder.java:884: error: no suitable method found for getChars(int,int,char[],int,int)
[javac] /Math_10/src/main/java/org/apache/commons/math3/analysis/differentiation/DSCompiler.java:1419: error: cannot find symbol
[javac] /Math_10/src/main/java/org/apache/commons/math3/analysis/differentiation/DSCompiler.java:1419: error: cannot find symbol
[javac] /Math_10/src/main/java/org/apache/commons/math3/analysis/differentiation/DSCompiler.java:1419: error: cannot find symbol
[javac] /Math_10/src/main/java/org/apache/commons/math3/analysis/differentiation/DSCompiler.java:1419: error: illegal start of expression
[javac] /Math_10/src/main/java/org/apache/commons/math3/analysis/differentiation/DSCompiler.java:1419: error: illegal start of expression
[javac] /Math_10/src/main/java/org/apache/commons/math3/analysis/differentiation/DSCompiler.java:1419: error: cannot find symbol
[javac] /Math_10/src/main/java/org/apache/commons/math3/analysis/differentiation/DSCompiler.java:1419: error: illegal start of expression
[javac] /Math_10/src/main/java/org/apache/commons/math3/analysis/differentiation/DSCompiler.java:1419: error: cannot find symbol
[javac] /Math_10/src/main/java/org/apache/commons/math3/analysis/differentiation/DSCompiler.java:1419: error: cannot find symbol
[javac] /Math_10/src/main/java/org/apache/commons/math3/analysis/differentiation/DSCompiler.java:1419: error: cannot find symbol
[javac] /Math_10/src/main/java/org/apache/commons/math3/analysis/differentiation/DSCompiler.java:1419: error: cannot find symbol
[javac] /Math_10/src/main/java/org/apache/commons/math3/analysis/differentiation/DSCompiler.java:1419: error: cannot find symbol
[javac] /Math_10/src/main/java/org/apache/commons/math3/analysis/differentiation/DSCompiler.java:1419: error: cannot find symbol
[javac] /Math_10/src/main/java/org/apache/commons/math3/analysis/differentiation/DSCompiler.java:1419: error: not a statement
[javac] /Math_10/src/main/java/org/apache/commons/math3/analysis/differentiation/DSCompiler.java:1419: error: final parameter resultOffset may not be assigned
[javac] /Math_10/src/main/java/org/apache/commons/math3/analysis/differentiation/DSCompiler.java:1419: error: final parameter resultOffset may not be assigned
[javac] /Math_10/src/main/java/org/apache/commons/math3/analysis/differentiation/DSCompiler.java:1419: error: final parameter resultOffset may not be assigned
[javac] /Math_10/src/main/java/org/apache/commons/math3/analysis/differentiation/DSCompiler.java:1419: error: cannot find symbol
[javac] /Math_10/src/main/java/org/apache/commons/math3/analysis/differentiation/DSCompiler.java:1419: error: not a statement
[javac] /Math_10/src/main/java/org/apache/commons/math3/analysis/differentiation/DSCompiler.java:1419: error: cannot return a value from method whose result type is void
[javac] /Time_16/src/main/java/org/joda/time/format/DateTimeFormatter.java:708: error: no suitable constructor found for DateTimeParserBucket(long,Chronology,Locale,Integer,int,boolean)
[javac] /Time_16/src/main/java/org/joda/time/format/DateTimeFormatter.java:708: error: no suitable constructor found for DateTimeParserBucket(long,Chronology,Locale,Integer,int,boolean)
[javac] /Time_16/src/main/java/org/joda/time/format/DateTimeFormatter.java:708: error: no suitable constructor found for DateTimeParserBucket(long,Chronology,Locale,Integer,int,boolean)
[javac] /Time_16/src/main/java/org/joda/time/format/DateTimeFormatter.java:708: error: no suitable constructor found for DateTimeParserBucket(long,Chronology,Locale,Integer,int,boolean)
[javac] /Time_16/src/main/java/org/joda/time/format/DateTimeFormatter.java:708: error: no suitable constructor found for DateTimeParserBucket(Locale,Chronology,Locale,Integer,int)
[javac] /Time_16/src/main/java/org/joda/time/format/DateTimeFormatter.java:708: error: no suitable constructor found for DateTimeParserBucket(long,Chronology,Integer,int)
[javac] /Time_16/src/main/java/org/joda/time/format/DateTimeFormatter.java:708: error: no suitable constructor found for DateTimeParserBucket(long,Chronology,Integer,int)
[javac] /Time_16/src/main/java/org/joda/time/format/DateTimeFormatter.java:708: error: no suitable constructor found for DateTimeParserBucket(Locale,Chronology,Integer,int)
[javac] /Time_16/src/main/java/org/joda/time/format/DateTimeFormatter.java:708: error: no suitable constructor found for DateTimeParserBucket(long,Chronology,Integer,int,Locale)
[javac] /Time_16/src/main/java/org/joda/time/format/DateTimeFormatter.java:709: error: cannot find symbol
[javac] /Time_16/src/main/java/org/joda/time/format/DateTimeFormatter.java:709: error: cannot find symbol
[javac] /Time_16/src/main/java/org/joda/time/format/DateTimeFormatter.java:708: error: no suitable constructor found for DateTimeParserBucket(long,Chronology,Integer,int,<null>)
[javac] /Time_16/src/main/java/org/joda/time/format/DateTimeFormatter.java:708: error: no suitable constructor found for DateTimeParserBucket(long,Chronology,Integer,int,boolean)
[javac] /Time_16/src/main/java/org/joda/time/format/DateTimeFormatter.java:708: error: no suitable constructor found for DateTimeParserBucket(long,Chronology,Locale,Integer,<null>)
[javac] /Time_16/src/main/java/org/joda/time/format/DateTimeFormatter.java:708: error: no suitable constructor found for DateTimeParserBucket(long,Chronology,boolean,Integer,int)
[javac] /Time_16/src/main/java/org/joda/time/format/DateTimeFormatter.java:708: error: no suitable constructor found for DateTimeParserBucket(long,Chronology,Integer,int,<null>)
[javac] /Time_16/src/main/java/org/joda/time/format/DateTimeFormatter.java:709: error: illegal start of expression
[javac] /Time_16/src/main/java/org/joda/time/format/DateTimeFormatter.java:708: error: no suitable constructor found for DateTimeParserBucket(Chronology,Chronology,Locale,Integer,int,boolean)
[javac] /Time_16/src/main/java/org/joda/time/format/DateTimeFormatter.java:709: error: illegal start of expression
[javac] /Time_16/src/main/java/org/joda/time/format/DateTimeFormatter.java:708: error: no suitable constructor found for DateTimeParserBucket(Chronology,Chronology,Locale,Integer,int)
[javac] /Time_16/src/main/java/org/joda/time/format/DateTimeFormatter.java:708: error: no suitable constructor found for DateTimeParserBucket(long,Chronology,Integer,int,boolean)
[javac] /Closure_73/src/com/google/javascript/jscomp/CodeGenerator.java:1045: error: illegal start of expression
[javac] /Closure_73/src/com/google/javascript/jscomp/CodeGenerator.java:1045: error: illegal start of expression
[javac] /Closure_73/src/com/google/javascript/jscomp/CodeGenerator.java:1045: error: illegal start of expression
[javac] /Closure_73/src/com/google/javascript/jscomp/CodeGenerator.java:1045: error: illegal start of expression
[javac] /Closure_73/src/com/google/javascript/jscomp/CodeGenerator.java:1045: error: illegal start of expression
[javac] /Closure_73/src/com/google/javascript/jscomp/CodeGenerator.java:1045: error: illegal start of expression
[javac] /Closure_73/src/com/google/javascript/jscomp/CodeGenerator.java:1045: error: illegal start of expression
[javac] /Closure_73/src/com/google/javascript/jscomp/CodeGenerator.java:1045: error: illegal start of expression
[javac] /Closure_73/src/com/google/javascript/jscomp/CodeGenerator.java:1045: error: illegal start of expression
[javac] /Closure_73/src/com/google/javascript/jscomp/CodeGenerator.java:1045: error: illegal start of expression
[javac] /Closure_73/src/com/google/javascript/jscomp/CodeGenerator.java:1045: error: illegal start of expression
[javac] /Closure_73/src/com/google/javascript/jscomp/CodeGenerator.java:1045: error: illegal start of expression
[javac] /Closure_73/src/com/google/javascript/jscomp/CodeGenerator.java:1045: error: illegal start of expression
[javac] /Closure_73/src/com/google/javascript/jscomp/CodeGenerator.java:1045: error: illegal start of expression
[javac] /Closure_73/src/com/google/javascript/jscomp/CodeGenerator.java:1045: error: illegal start of expression
[javac] /Closure_73/src/com/google/javascript/jscomp/CodeGenerator.java:1045: error: illegal start of expression
[javac] /Closure_73/src/com/google/javascript/jscomp/CodeGenerator.java:1045: error: illegal start of expression
[javac] /Closure_73/src/com/google/javascript/jscomp/CodeGenerator.java:1045: error: illegal start of expression
[javac] /Closure_73/src/com/google/javascript/jscomp/CodeGenerator.java:1045: error: illegal start of expression
[javac] /Closure_73/src/com/google/javascript/jscomp/CodeGenerator.java:1045: error: illegal start of expression
[javac] /Closure_73/src/com/google/javascript/jscomp/CodeGenerator.java:1045: error: illegal start of expression
[javac] /Closure_73/src/com/google/javascript/jscomp/CodeGenerator.java:1045: error: illegal start of expression
[javac] /Closure_14/src/com/google/javascript/jscomp/ControlFlowAnalysis.java:767: error: method createEdge in class ControlFlowAnalysis cannot be applied to given types;
[javac] /Closure_14/src/com/google/javascript/jscomp/ControlFlowAnalysis.java:767: error: method createEdge in class ControlFlowAnalysis cannot be applied to given types;
[javac] /Closure_14/src/com/google/javascript/jscomp/ControlFlowAnalysis.java:767: error: cannot find symbol
[javac] /Closure_14/src/com/google/javascript/jscomp/ControlFlowAnalysis.java:767: error: method createEdge in class ControlFlowAnalysis cannot be applied to given types;
[javac] /Closure_14/src/com/google/javascript/jscomp/ControlFlowAnalysis.java:767: error: method createEdge in class ControlFlowAnalysis cannot be applied to given types;
[javac] /Closure_14/src/com/google/javascript/jscomp/ControlFlowAnalysis.java:767: error: method createEdge in class ControlFlowAnalysis cannot be applied to given types;
[javac] /Closure_14/src/com/google/javascript/jscomp/ControlFlowAnalysis.java:767: error: ';' expected
[javac] /Closure_14/src/com/google/javascript/jscomp/ControlFlowAnalysis.java:767: error: cannot find symbol
[javac] /Closure_14/src/com/google/javascript/jscomp/ControlFlowAnalysis.java:767: error: method createEdge in class ControlFlowAnalysis cannot be applied to given types;
[javac] /Closure_14/src/com/google/javascript/jscomp/ControlFlowAnalysis.java:767: error: cannot find symbol
[javac] /Closure_14/src/com/google/javascript/jscomp/ControlFlowAnalysis.java:767: error: cannot find symbol
[javac] /Closure_14/src/com/google/javascript/jscomp/ControlFlowAnalysis.java:767: error: method createEdge in class ControlFlowAnalysis cannot be applied to given types;
[javac] /Closure_14/src/com/google/javascript/jscomp/ControlFlowAnalysis.java:767: error: method createEdge in class ControlFlowAnalysis cannot be applied to given types;
[javac] /Closure_14/src/com/google/javascript/jscomp/ControlFlowAnalysis.java:767: error: cannot find symbol
[javac] /Closure_14/src/com/google/javascript/jscomp/ControlFlowAnalysis.java:767: error: non-static variable this cannot be referenced from a static context
[javac] /Closure_14/src/com/google/javascript/jscomp/ControlFlowAnalysis.java:767: error: method createEdge in class ControlFlowAnalysis cannot be applied to given types;
[javac] /Closure_14/src/com/google/javascript/jscomp/ControlFlowAnalysis.java:767: error: method createEdge in class ControlFlowAnalysis cannot be applied to given types;
[javac] /Closure_14/src/com/google/javascript/jscomp/ControlFlowAnalysis.java:767: error: ';' expected
[javac] /Closure_14/src/com/google/javascript/jscomp/ControlFlowAnalysis.java:767: error: cannot find symbol
[javac] /Closure_14/src/com/google/javascript/jscomp/ControlFlowAnalysis.java:767: error: method createEdge in class ControlFlowAnalysis cannot be applied to given types;
[javac] /Closure_14/src/com/google/javascript/jscomp/ControlFlowAnalysis.java:767: error: cannot find symbol
[javac] /Closure_14/src/com/google/javascript/jscomp/ControlFlowAnalysis.java:767: error: cannot find symbol
[javac] /Closure_14/src/com/google/javascript/jscomp/ControlFlowAnalysis.java:767: error: method createEdge in class ControlFlowAnalysis cannot be applied to given types;
[javac] /Closure_14/src/com/google/javascript/jscomp/ControlFlowAnalysis.java:767: error: cannot find symbol
[javac] /Closure_14/src/com/google/javascript/jscomp/ControlFlowAnalysis.java:767: error: non-static method createEdge(Node,Branch,Node) cannot be referenced from a static context
[javac] /Closure_62/src/com/google/javascript/jscomp/LightweightMessageFormatter.java:98: error: illegal start of expression
[javac] /Closure_62/src/com/google/javascript/jscomp/LightweightMessageFormatter.java:98: error: illegal start of expression
[javac] /Closure_62/src/com/google/javascript/jscomp/LightweightMessageFormatter.java:98: error: illegal start of expression
[javac] /Closure_62/src/com/google/javascript/jscomp/LightweightMessageFormatter.java:98: error: illegal start of expression
[javac] /Closure_62/src/com/google/javascript/jscomp/LightweightMessageFormatter.java:98: error: illegal start of expression
[javac] /Closure_62/src/com/google/javascript/jscomp/LightweightMessageFormatter.java:98: error: illegal start of expression
[javac] /Closure_62/src/com/google/javascript/jscomp/LightweightMessageFormatter.java:98: error: illegal start of expression
[javac] /Closure_62/src/com/google/javascript/jscomp/LightweightMessageFormatter.java:98: error: illegal start of expression
[javac] /Closure_62/src/com/google/javascript/jscomp/LightweightMessageFormatter.java:98: error: illegal start of expression
[javac] /Closure_62/src/com/google/javascript/jscomp/LightweightMessageFormatter.java:98: error: illegal start of expression
[javac] /Closure_62/src/com/google/javascript/jscomp/LightweightMessageFormatter.java:98: error: illegal start of expression
[javac] /Closure_62/src/com/google/javascript/jscomp/LightweightMessageFormatter.java:98: error: illegal start of expression
[javac] /Closure_62/src/com/google/javascript/jscomp/LightweightMessageFormatter.java:98: error: illegal start of expression
[javac] /Closure_62/src/com/google/javascript/jscomp/LightweightMessageFormatter.java:98: error: illegal start of expression
[javac] /Closure_62/src/com/google/javascript/jscomp/LightweightMessageFormatter.java:98: error: illegal start of expression
[javac] /Closure_62/src/com/google/javascript/jscomp/LightweightMessageFormatter.java:98: error: illegal start of expression
[javac] /Closure_62/src/com/google/javascript/jscomp/LightweightMessageFormatter.java:98: error: illegal start of expression
[javac] /Closure_62/src/com/google/javascript/jscomp/LightweightMessageFormatter.java:98: error: illegal start of expression
[javac] /Closure_62/src/com/google/javascript/jscomp/LightweightMessageFormatter.java:98: error: illegal start of expression
[javac] /Closure_62/src/com/google/javascript/jscomp/LightweightMessageFormatter.java:98: error: illegal start of expression
[javac] /Closure_62/src/com/google/javascript/jscomp/LightweightMessageFormatter.java:98: error: illegal start of expression
[javac] /Closure_62/src/com/google/javascript/jscomp/LightweightMessageFormatter.java:98: error: illegal start of expression
[javac] /Closure_62/src/com/google/javascript/jscomp/LightweightMessageFormatter.java:98: error: illegal start of expression
[javac] /Closure_62/src/com/google/javascript/jscomp/LightweightMessageFormatter.java:98: error: illegal start of expression
[javac] /Closure_62/src/com/google/javascript/jscomp/LightweightMessageFormatter.java:98: error: illegal start of expression
[javac] /Closure_62/src/com/google/javascript/jscomp/LightweightMessageFormatter.java:98: error: illegal start of expression
[javac] /Closure_62/src/com/google/javascript/jscomp/LightweightMessageFormatter.java:98: error: ')' expected
[javac] /Chart_3/source/org/jfree/data/time/TimeSeries.java:1057: error: cannot find symbol
[javac] /Chart_3/source/org/jfree/data/time/TimeSeries.java:1057: error: cannot find symbol
[javac] /Chart_3/source/org/jfree/data/time/TimeSeries.java:1057: error: no suitable method found for sort(TimeSeries)
[javac] /Chart_3/source/org/jfree/data/time/TimeSeries.java:1057: error: continue outside of loop
[javac] /Chart_3/source/org/jfree/data/time/TimeSeries.java:1057: error: illegal start of expression
[javac] /Chart_24/source/org/jfree/chart/renderer/GrayPaintScale.java:126: error: no suitable method found for max(double)
[javac] /Chart_24/source/org/jfree/chart/renderer/GrayPaintScale.java:126: error: no suitable method found for min(double)
[javac] /Chart_24/source/org/jfree/chart/renderer/GrayPaintScale.java:126: error: inconvertible types
[javac] /Chart_24/source/org/jfree/chart/renderer/GrayPaintScale.java:127: error: ';' expected
[javac] /Chart_24/source/org/jfree/chart/renderer/GrayPaintScale.java:126: error: variable v is already defined in method getPaint(double)
[javac] /Chart_24/source/org/jfree/chart/renderer/GrayPaintScale.java:128: error: cannot find symbol
[javac] /Chart_24/source/org/jfree/chart/renderer/GrayPaintScale.java:127: error: ';' expected
[javac] /Chart_24/source/org/jfree/chart/renderer/GrayPaintScale.java:127: error: ';' expected
[javac] /Chart_24/source/org/jfree/chart/renderer/GrayPaintScale.java:126: error: cannot find symbol
[javac] /Chart_24/source/org/jfree/chart/renderer/GrayPaintScale.java:126: error: cannot find symbol
[javac] /Chart_24/source/org/jfree/chart/renderer/GrayPaintScale.java:126: error: cannot find symbol
[javac] /Closure_19/src/com/google/javascript/jscomp/type/ChainableReverseAbstractInterpreter.java:172: error: unreachable statement
[javac] /Closure_19/src/com/google/javascript/jscomp/type/ChainableReverseAbstractInterpreter.java:172: error: unreachable statement
[javac] /Closure_19/src/com/google/javascript/jscomp/type/ChainableReverseAbstractInterpreter.java:172: error: cannot find symbol
[javac] /Closure_19/src/com/google/javascript/jscomp/type/ChainableReverseAbstractInterpreter.java:172: error: unreachable statement
[javac] /Closure_19/src/com/google/javascript/jscomp/type/ChainableReverseAbstractInterpreter.java:172: error: unreachable statement
[javac] /Closure_19/src/com/google/javascript/jscomp/type/ChainableReverseAbstractInterpreter.java:172: error: cannot find symbol
[javac] /Closure_19/src/com/google/javascript/jscomp/type/ChainableReverseAbstractInterpreter.java:172: error: cannot find symbol
[javac] /Closure_19/src/com/google/javascript/jscomp/type/ChainableReverseAbstractInterpreter.java:172: error: unreachable statement
[javac] /Closure_19/src/com/google/javascript/jscomp/type/ChainableReverseAbstractInterpreter.java:172: error: cannot find symbol
[javac] /Closure_19/src/com/google/javascript/jscomp/type/ChainableReverseAbstractInterpreter.java:172: error: unreachable statement
[javac] /Closure_19/src/com/google/javascript/jscomp/type/ChainableReverseAbstractInterpreter.java:172: error: unreachable statement
[javac] /Closure_19/src/com/google/javascript/jscomp/type/ChainableReverseAbstractInterpreter.java:172: error: unreachable statement
[javac] /Closure_19/src/com/google/javascript/jscomp/type/ChainableReverseAbstractInterpreter.java:172: error: cannot find symbol
[javac] /Closure_19/src/com/google/javascript/jscomp/type/ChainableReverseAbstractInterpreter.java:172: error: unreachable statement
[javac] /Closure_19/src/com/google/javascript/jscomp/type/ChainableReverseAbstractInterpreter.java:172: error: unreachable statement
[javac] /Closure_19/src/com/google/javascript/jscomp/type/ChainableReverseAbstractInterpreter.java:172: error: cannot return a value from method whose result type is void
[javac] /Closure_19/src/com/google/javascript/jscomp/type/ChainableReverseAbstractInterpreter.java:172: error: unreachable statement
[javac] /Closure_19/src/com/google/javascript/jscomp/type/ChainableReverseAbstractInterpreter.java:172: error: cannot find symbol
[javac] /Closure_19/src/com/google/javascript/jscomp/type/ChainableReverseAbstractInterpreter.java:172: error: cannot find symbol
[javac] /Closure_19/src/com/google/javascript/jscomp/type/ChainableReverseAbstractInterpreter.java:172: error: cannot return a value from method whose result type is void
[javac] /Closure_19/src/com/google/javascript/jscomp/type/ChainableReverseAbstractInterpreter.java:172: error: cannot return a value from method whose result type is void
[javac] /Closure_19/src/com/google/javascript/jscomp/type/ChainableReverseAbstractInterpreter.java:172: error: unreachable statement
[javac] /Closure_19/src/com/google/javascript/jscomp/type/ChainableReverseAbstractInterpreter.java:172: error: cannot find symbol
[javac] /Closure_19/src/com/google/javascript/jscomp/type/ChainableReverseAbstractInterpreter.java:172: error: cannot return a value from method whose result type is void
[javac] /Closure_19/src/com/google/javascript/jscomp/type/ChainableReverseAbstractInterpreter.java:172: error: cannot return a value from method whose result type is void
[javac] /Closure_19/src/com/google/javascript/jscomp/type/ChainableReverseAbstractInterpreter.java:172: error: unreachable statement
[javac] /Closure_19/src/com/google/javascript/jscomp/type/ChainableReverseAbstractInterpreter.java:172: error: unexpected type
[javac] /Closure_19/src/com/google/javascript/jscomp/type/ChainableReverseAbstractInterpreter.java:172: error: not a statement
[javac] /Closure_19/src/com/google/javascript/jscomp/type/ChainableReverseAbstractInterpreter.java:172: error: unreachable statement
[javac] /Closure_19/src/com/google/javascript/jscomp/type/ChainableReverseAbstractInterpreter.java:172: error: not a statement
[javac] /Closure_86/src/com/google/javascript/jscomp/NodeUtil.java:2467: error: duplicate case label
[javac] /Closure_86/src/com/google/javascript/jscomp/NodeUtil.java:2467: error: duplicate case label
[javac] /Closure_86/src/com/google/javascript/jscomp/NodeUtil.java:2467: error: duplicate case label
[javac] /Closure_86/src/com/google/javascript/jscomp/NodeUtil.java:2465: error: cannot find symbol
[javac] /Closure_86/src/com/google/javascript/jscomp/NodeUtil.java:2465: error: cannot find symbol
[javac] /Closure_86/src/com/google/javascript/jscomp/NodeUtil.java:2469: error: duplicate case label
[javac] /Closure_86/src/com/google/javascript/jscomp/NodeUtil.java:2472: error: duplicate case label
[javac] /Closure_86/src/com/google/javascript/jscomp/NodeUtil.java:2465: error: illegal start of expression
[javac] /Closure_86/src/com/google/javascript/jscomp/NodeUtil.java:2475: error: duplicate default label
[javac] /Closure_86/src/com/google/javascript/jscomp/NodeUtil.java:2465: error: cannot find symbol
[javac] /Closure_86/src/com/google/javascript/jscomp/NodeUtil.java:2465: error: duplicate case label
[javac] /Closure_86/src/com/google/javascript/jscomp/NodeUtil.java:2475: error: duplicate default label
[javac] /Closure_86/src/com/google/javascript/jscomp/NodeUtil.java:2465: error: illegal start of expression
[javac] /Closure_86/src/com/google/javascript/jscomp/NodeUtil.java:2465: error: illegal start of expression
[javac] /Closure_86/src/com/google/javascript/jscomp/NodeUtil.java:2465: error: illegal start of expression
[javac] /Closure_86/src/com/google/javascript/jscomp/NodeUtil.java:2465: error: ';' expected
[javac] /Closure_86/src/com/google/javascript/jscomp/NodeUtil.java:2465: error: not a statement
[javac] /Closure_70/src/com/google/javascript/jscomp/TypedScopeCreator.java:1745: error: cannot find symbol
[javac] /Closure_70/src/com/google/javascript/jscomp/TypedScopeCreator.java:1744: error: no suitable method found for defineSlot(Node,Node,JSType)
[javac] /Closure_70/src/com/google/javascript/jscomp/TypedScopeCreator.java:1745: error: bad operand type JSType for unary operator '!'
[javac] /Closure_70/src/com/google/javascript/jscomp/TypedScopeCreator.java:1744: error: no suitable method found for defineSlot(Node,Node,int,boolean)
[javac] /Closure_70/src/com/google/javascript/jscomp/TypedScopeCreator.java:1745: error: cannot find symbol
[javac] /Closure_70/src/com/google/javascript/jscomp/TypedScopeCreator.java:1744: error: no suitable method found for defineSlot(Node,Node,JSType,boolean,boolean)
[javac] /Closure_70/src/com/google/javascript/jscomp/TypedScopeCreator.java:1745: error: bad operand type JSType for unary operator '!'
[javac] /Closure_70/src/com/google/javascript/jscomp/TypedScopeCreator.java:1745: error: illegal start of expression
[javac] /Closure_70/src/com/google/javascript/jscomp/TypedScopeCreator.java:1744: error: no suitable method found for defineSlot(Node,Node,JSType,<null>)
[javac] /Closure_70/src/com/google/javascript/jscomp/TypedScopeCreator.java:1745: error: cannot find symbol
[javac] /Closure_70/src/com/google/javascript/jscomp/TypedScopeCreator.java:1745: error: ')' expected
[javac] /Closure_70/src/com/google/javascript/jscomp/TypedScopeCreator.java:1745: error: cannot find symbol
[javac] /Closure_70/src/com/google/javascript/jscomp/TypedScopeCreator.java:1745: error: cannot find symbol
[javac] /Closure_70/src/com/google/javascript/jscomp/TypedScopeCreator.java:1744: error: no suitable method found for defineSlot(Node,Node,JSType,boolean,boolean)
[javac] /Closure_70/src/com/google/javascript/jscomp/TypedScopeCreator.java:1745: error: cannot find symbol
[javac] /Closure_70/src/com/google/javascript/jscomp/TypedScopeCreator.java:1745: error: cannot find symbol
[javac] /Closure_70/src/com/google/javascript/jscomp/TypedScopeCreator.java:1744: error: no suitable method found for defineSlot(Node,Node,Node,boolean)
[javac] /Closure_70/src/com/google/javascript/jscomp/TypedScopeCreator.java:1745: error: cannot find symbol
[javac] /Closure_70/src/com/google/javascript/jscomp/TypedScopeCreator.java:1745: error: ')' expected
[javac] /Closure_70/src/com/google/javascript/jscomp/TypedScopeCreator.java:1745: error: cannot find symbol
[javac] /Closure_70/src/com/google/javascript/jscomp/TypedScopeCreator.java:1745: error: cannot find symbol
[javac] /Closure_70/src/com/google/javascript/jscomp/TypedScopeCreator.java:1745: error: illegal start of expression
[javac] /Closure_70/src/com/google/javascript/jscomp/TypedScopeCreator.java:1744: error: no suitable method found for defineSlot(Node,Node,Node)
[javac] /Closure_70/src/com/google/javascript/jscomp/TypedScopeCreator.java:1745: error: illegal start of expression
[javac] /Closure_70/src/com/google/javascript/jscomp/TypedScopeCreator.java:1745: error: cannot find symbol
[javac] /Closure_70/src/com/google/javascript/jscomp/TypedScopeCreator.java:1745: error: illegal start of expression
[javac] /Closure_70/src/com/google/javascript/jscomp/TypedScopeCreator.java:1745: error: illegal start of expression
[javac] /Closure_59/src/com/google/javascript/jscomp/Compiler.java:255: error: cannot find symbol
[javac] /Closure_59/src/com/google/javascript/jscomp/Compiler.java:255: error: cannot find symbol
[javac] /Closure_59/src/com/google/javascript/jscomp/Compiler.java:255: error: ';' expected
[javac] /Closure_59/src/com/google/javascript/jscomp/Compiler.java:255: error: ';' expected
[javac] /Closure_59/src/com/google/javascript/jscomp/Compiler.java:255: error: ';' expected
[javac] /Closure_59/src/com/google/javascript/jscomp/Compiler.java:255: error: cannot find symbol
[javac] /Closure_59/src/com/google/javascript/jscomp/Compiler.java:255: error: package option does not exist
[javac] /Closure_59/src/com/google/javascript/jscomp/Compiler.java:255: error: cannot find symbol
[javac] /Closure_59/src/com/google/javascript/jscomp/Compiler.java:255: error: cannot find symbol
[javac] /Closure_59/src/com/google/javascript/jscomp/Compiler.java:255: error: cannot find symbol
[javac] /Closure_59/src/com/google/javascript/jscomp/Compiler.java:255: error: cannot find symbol
[javac] /Closure_59/src/com/google/javascript/jscomp/Compiler.java:255: error: cannot find symbol
[javac] /Closure_59/src/com/google/javascript/jscomp/Compiler.java:255: error: cannot find symbol
[javac] /Closure_59/src/com/google/javascript/jscomp/Compiler.java:255: error: cannot find symbol
[javac] /Time_24/src/main/java/org/joda/time/format/DateTimeParserBucket.java:355: error: ')' expected
[javac] /Time_24/src/main/java/org/joda/time/format/DateTimeParserBucket.java:355: error: ')' expected
[javac] /Time_24/src/main/java/org/joda/time/format/DateTimeParserBucket.java:355: error: ')' expected
[javac] /Time_24/src/main/java/org/joda/time/format/DateTimeParserBucket.java:355: error: incomparable types: long and <null>
[javac] /Time_24/src/main/java/org/joda/time/format/DateTimeParserBucket.java:355: error: ')' expected
[javac] /Time_24/src/main/java/org/joda/time/format/DateTimeParserBucket.java:355: error: incomparable types: long and <null>
[javac] /Time_24/src/main/java/org/joda/time/format/DateTimeParserBucket.java:355: error: incomparable types: long and <null>
[javac] /Time_24/src/main/java/org/joda/time/format/DateTimeParserBucket.java:355: error: incomparable types: long and <null>
[javac] /Time_24/src/main/java/org/joda/time/format/DateTimeParserBucket.java:355: error: incomparable types: long and <null>
[javac] /Time_24/src/main/java/org/joda/time/format/DateTimeParserBucket.java:355: error: incomparable types: long and <null>
[javac] /Time_24/src/main/java/org/joda/time/format/DateTimeParserBucket.java:355: error: incomparable types: long and <null>
[javac] /Time_24/src/main/java/org/joda/time/format/DateTimeParserBucket.java:355: error: incompatible types
[javac] /Time_24/src/main/java/org/joda/time/format/DateTimeParserBucket.java:355: error: incomparable types: long and <null>
[javac] /Time_24/src/main/java/org/joda/time/format/DateTimeParserBucket.java:355: error: incomparable types: long and <null>
[javac] /Time_24/src/main/java/org/joda/time/format/DateTimeParserBucket.java:355: error: incomparable types: long and <null>
[javac] /Time_24/src/main/java/org/joda/time/format/DateTimeParserBucket.java:355: error: incomparable types: long and <null>
[javac] /Time_24/src/main/java/org/joda/time/format/DateTimeParserBucket.java:355: error: incomparable types: long and <null>
[javac] /Time_24/src/main/java/org/joda/time/format/DateTimeParserBucket.java:355: error: incomparable types: long and <null>
[javac] /Time_24/src/main/java/org/joda/time/format/DateTimeParserBucket.java:355: error: incomparable types: long and <null>
[javac] /Time_24/src/main/java/org/joda/time/format/DateTimeParserBucket.java:355: error: illegal start of expression
[javac] /Time_24/src/main/java/org/joda/time/format/DateTimeParserBucket.java:355: error: continue outside of loop
[javac] /Time_24/src/main/java/org/joda/time/format/DateTimeParserBucket.java:355: error: incomparable types: long and <null>
[javac] /Time_24/src/main/java/org/joda/time/format/DateTimeParserBucket.java:355: error: cannot find symbol
[javac] /Time_24/src/main/java/org/joda/time/format/DateTimeParserBucket.java:355: error: cannot find symbol
[javac] /Time_24/src/main/java/org/joda/time/format/DateTimeParserBucket.java:355: error: cannot find symbol
[javac] /Time_24/src/main/java/org/joda/time/format/DateTimeParserBucket.java:355: error: cannot find symbol
[javac] /Closure_113/src/com/google/javascript/jscomp/ProcessClosurePrimitives.java:329: error: cannot find symbol
[javac] /Closure_113/src/com/google/javascript/jscomp/ProcessClosurePrimitives.java:329: error: ';' expected
[javac] /Closure_113/src/com/google/javascript/jscomp/ProcessClosurePrimitives.java:329: error: cannot find symbol
[javac] /Closure_113/src/com/google/javascript/jscomp/ProcessClosurePrimitives.java:329: error: cannot find symbol
[javac] /Closure_113/src/com/google/javascript/jscomp/ProcessClosurePrimitives.java:329: error: cannot find symbol
[javac] /Closure_113/src/com/google/javascript/jscomp/ProcessClosurePrimitives.java:329: error: ';' expected
[javac] /Closure_113/src/com/google/javascript/jscomp/ProcessClosurePrimitives.java:329: error: cannot find symbol
[javac] /Closure_113/src/com/google/javascript/jscomp/ProcessClosurePrimitives.java:329: error: cannot find symbol
[javac] /Closure_113/src/com/google/javascript/jscomp/ProcessClosurePrimitives.java:329: error: cannot find symbol
[javac] /Closure_113/src/com/google/javascript/jscomp/ProcessClosurePrimitives.java:329: error: cannot find symbol
[javac] /Closure_113/src/com/google/javascript/jscomp/ProcessClosurePrimitives.java:329: error: cannot find symbol
[javac] /Closure_113/src/com/google/javascript/jscomp/ProcessClosurePrimitives.java:329: error: cannot find symbol
[javac] /Closure_113/src/com/google/javascript/jscomp/ProcessClosurePrimitives.java:329: error: cannot find symbol
[javac] /Closure_113/src/com/google/javascript/jscomp/ProcessClosurePrimitives.java:329: error: cannot find symbol
[javac] /Closure_113/src/com/google/javascript/jscomp/ProcessClosurePrimitives.java:329: error: cannot find symbol
[javac] /Closure_113/src/com/google/javascript/jscomp/ProcessClosurePrimitives.java:329: error: cannot find symbol
[javac] /Closure_113/src/com/google/javascript/jscomp/ProcessClosurePrimitives.java:329: error: ';' expected
[javac] /Chart_13/source/org/jfree/chart/block/BorderArrangement.java:457: error: ')' expected
[javac] /Chart_13/source/org/jfree/chart/block/BorderArrangement.java:457: error: ')' expected
[javac] /Chart_13/source/org/jfree/chart/block/BorderArrangement.java:457: error: ')' expected
[javac] /Chart_13/source/org/jfree/chart/block/BorderArrangement.java:455: error: cannot find symbol
[javac] /Chart_13/source/org/jfree/chart/block/BorderArrangement.java:457: error: ')' expected
[javac] /Chart_13/source/org/jfree/chart/block/BorderArrangement.java:455: error: illegal start of expression
[javac] /Chart_13/source/org/jfree/chart/block/BorderArrangement.java:455: error: constructor Range in class Range cannot be applied to given types;
[javac] /Chart_13/source/org/jfree/chart/block/BorderArrangement.java:457: error: ')' expected
[javac] /Chart_13/source/org/jfree/chart/block/BorderArrangement.java:457: error: ')' expected
[javac] /Chart_13/source/org/jfree/chart/block/BorderArrangement.java:457: error: ')' expected
[javac] /Chart_13/source/org/jfree/chart/block/BorderArrangement.java:457: error: ')' expected
[javac] /Chart_13/source/org/jfree/chart/block/BorderArrangement.java:455: error: cannot find symbol
[javac] /Chart_13/source/org/jfree/chart/block/BorderArrangement.java:457: error: ')' expected
[javac] /Chart_13/source/org/jfree/chart/block/BorderArrangement.java:455: error: constructor Range in class Range cannot be applied to given types;
[javac] /Chart_13/source/org/jfree/chart/block/BorderArrangement.java:456: error: ';' expected
[javac] /Chart_13/source/org/jfree/chart/block/BorderArrangement.java:454: error: no suitable constructor found for RectangleConstraint(double,double,LengthConstraintType,double,<null>,LengthConstraintType)
[javac] /Chart_13/source/org/jfree/chart/block/BorderArrangement.java:454: error: no suitable constructor found for RectangleConstraint(double,double,LengthConstraintType,double,<null>,LengthConstraintType)
[javac] /Chart_13/source/org/jfree/chart/block/BorderArrangement.java:455: error: bad operand type Graphics2D for unary operator '++'
[javac] /Chart_13/source/org/jfree/chart/block/BorderArrangement.java:455: error: cannot find symbol
[javac] /Chart_8/source/org/jfree/data/time/Week.java:175: error: no suitable constructor found for Week(Date,Locale)
[javac] /Chart_8/source/org/jfree/data/time/Week.java:175: error: no suitable constructor found for Week(Date,Locale,Locale)
[javac] /Chart_8/source/org/jfree/data/time/Week.java:175: error: no suitable constructor found for Week(Date,Locale,Locale)
[javac] /Chart_8/source/org/jfree/data/time/Week.java:175: error: cannot find symbol
[javac] /Chart_8/source/org/jfree/data/time/Week.java:175: error: no suitable constructor found for Week(Date,Locale,Locale)
[javac] /Chart_8/source/org/jfree/data/time/Week.java:175: error: cannot find symbol
[javac] /Chart_8/source/org/jfree/data/time/Week.java:175: error: no suitable constructor found for Week(Date,Locale,Locale)
[javac] /Chart_8/source/org/jfree/data/time/Week.java:175: error: no suitable constructor found for Week(Date,Locale)
[javac] /Chart_8/source/org/jfree/data/time/Week.java:175: error: no suitable constructor found for Week(Date,Locale,Locale)
[javac] /Chart_8/source/org/jfree/data/time/Week.java:175: error: no suitable constructor found for Week(Date,Locale,Locale)
[javac] /Chart_8/source/org/jfree/data/time/Week.java:175: error: no suitable constructor found for Week(Date,Locale,TimeZone)
[javac] /Chart_8/source/org/jfree/data/time/Week.java:175: error: no suitable constructor found for Week(Date,Locale)
[javac] /Chart_8/source/org/jfree/data/time/Week.java:175: error: no suitable constructor found for Week(Date,Locale,Locale)
[javac] /Chart_8/source/org/jfree/data/time/Week.java:175: error: no suitable constructor found for Week(Date,Locale,Locale)
[javac] /Chart_8/source/org/jfree/data/time/Week.java:175: error: no suitable constructor found for Week(Date,Locale,Locale)
[javac] /Chart_8/source/org/jfree/data/time/Week.java:175: error: no suitable constructor found for Week(long,Locale)
[javac] /Chart_8/source/org/jfree/data/time/Week.java:175: error: ')' expected
[javac] /Chart_8/source/org/jfree/data/time/Week.java:173: error: recursive constructor invocation
[javac] /Chart_8/source/org/jfree/data/time/Week.java:175: error: cannot find symbol
[javac] /Chart_8/source/org/jfree/data/time/Week.java:175: error: ';' expected
[javac] /Chart_8/source/org/jfree/data/time/Week.java:175: error: cannot find symbol
[javac] /Chart_8/source/org/jfree/data/time/Week.java:175: error: not a statement
[javac] /Lang_16/src/main/java/org/apache/commons/lang3/math/NumberUtils.java:458: error: ';' expected
[javac] /Closure_18/src/com/google/javascript/jscomp/Compiler.java:1288: error: cannot find symbol
[javac] /Closure_18/src/com/google/javascript/jscomp/Compiler.java:1288: error: incomparable types: boolean and <null>
[javac] /Closure_18/src/com/google/javascript/jscomp/Compiler.java:1288: error: cannot find symbol
[javac] /Closure_18/src/com/google/javascript/jscomp/Compiler.java:1288: error: cannot find symbol
[javac] /Closure_18/src/com/google/javascript/jscomp/Compiler.java:1288: error: cannot find symbol
[javac] /Closure_18/src/com/google/javascript/jscomp/Compiler.java:1288: error: cannot find symbol
[javac] /Closure_18/src/com/google/javascript/jscomp/Compiler.java:1288: error: cannot find symbol
[javac] /Closure_18/src/com/google/javascript/jscomp/Compiler.java:1288: error: ';' expected
[javac] /Closure_18/src/com/google/javascript/jscomp/Compiler.java:1288: error: ';' expected
[javac] /Closure_18/src/com/google/javascript/jscomp/Compiler.java:1288: error: ';' expected
[javac] /Closure_18/src/com/google/javascript/jscomp/Compiler.java:1288: error: ';' expected
[javac] /Closure_18/src/com/google/javascript/jscomp/Compiler.java:1288: error: ';' expected
[javac] /Closure_18/src/com/google/javascript/jscomp/Compiler.java:1288: error: illegal start of expression
[javac] /Closure_18/src/com/google/javascript/jscomp/Compiler.java:1288: error: illegal start of expression
[javac] /Lang_28/src/main/java/org/apache/commons/lang3/text/translate/NumericEntityUnescaper.java:63: error: incomparable types: int and <null>
[javac] /Lang_28/src/main/java/org/apache/commons/lang3/text/translate/NumericEntityUnescaper.java:63: error: incomparable types: int and <null>
[javac] /Lang_28/src/main/java/org/apache/commons/lang3/text/translate/NumericEntityUnescaper.java:63: error: incomparable types: int and <null>
[javac] /Lang_28/src/main/java/org/apache/commons/lang3/text/translate/NumericEntityUnescaper.java:63: error: incomparable types: int and <null>
[javac] /Lang_28/src/main/java/org/apache/commons/lang3/text/translate/NumericEntityUnescaper.java:63: error: no suitable method found for parseInt(CharSequence)
[javac] /Lang_28/src/main/java/org/apache/commons/lang3/text/translate/NumericEntityUnescaper.java:63: error: illegal start of expression
[javac] /Lang_28/src/main/java/org/apache/commons/lang3/text/translate/NumericEntityUnescaper.java:63: error: incomparable types: int and <null>
[javac] /Lang_28/src/main/java/org/apache/commons/lang3/text/translate/NumericEntityUnescaper.java:63: error: incomparable types: int and <null>
[javac] /Lang_28/src/main/java/org/apache/commons/lang3/text/translate/NumericEntityUnescaper.java:63: error: incomparable types: int and <null>
[javac] /Lang_28/src/main/java/org/apache/commons/lang3/text/translate/NumericEntityUnescaper.java:63: error: incomparable types: int and <null>
[javac] /Lang_28/src/main/java/org/apache/commons/lang3/text/translate/NumericEntityUnescaper.java:63: error: int cannot be dereferenced
[javac] /Lang_28/src/main/java/org/apache/commons/lang3/text/translate/NumericEntityUnescaper.java:63: error: illegal start of expression
[javac] /Lang_28/src/main/java/org/apache/commons/lang3/text/translate/NumericEntityUnescaper.java:63: error: cannot find symbol
[javac] /Lang_28/src/main/java/org/apache/commons/lang3/text/translate/NumericEntityUnescaper.java:63: error: cannot find symbol
[javac] /Lang_28/src/main/java/org/apache/commons/lang3/text/translate/NumericEntityUnescaper.java:63: error: illegal start of expression
[javac] /Lang_28/src/main/java/org/apache/commons/lang3/text/translate/NumericEntityUnescaper.java:64: error: ';' expected
[javac] /Lang_28/src/main/java/org/apache/commons/lang3/text/translate/NumericEntityUnescaper.java:63: error: illegal start of expression
[javac] /Lang_28/src/main/java/org/apache/commons/lang3/text/translate/NumericEntityUnescaper.java:63: error: illegal start of expression
[javac] /Closure_104/src/com/google/javascript/rhino/jstype/UnionType.java:291: error: cannot find symbol
[javac] /Closure_104/src/com/google/javascript/rhino/jstype/UnionType.java:291: error: cannot find symbol
[javac] /Closure_104/src/com/google/javascript/rhino/jstype/UnionType.java:291: error: cannot find symbol
[javac] /Closure_104/src/com/google/javascript/rhino/jstype/UnionType.java:291: error: no suitable method found for isSubtype()
[javac] /Closure_104/src/com/google/javascript/rhino/jstype/UnionType.java:291: error: cannot find symbol
[javac] /Closure_104/src/com/google/javascript/rhino/jstype/UnionType.java:291: error: cannot find symbol
[javac] /Closure_104/src/com/google/javascript/rhino/jstype/UnionType.java:291: error: ';' expected
[javac] /Closure_104/src/com/google/javascript/rhino/jstype/UnionType.java:293: error: 'else' without 'if'
[javac] /Closure_104/src/com/google/javascript/rhino/jstype/UnionType.java:291: error: ';' expected
     [exec] /Mockito_8/src/org/mockito/internal/util/reflection/GenericMetadataSupport.java:86: error: illegal start of expression
     [exec] /Mockito_8/src/org/mockito/internal/util/reflection/GenericMetadataSupport.java:86: error: illegal start of expression
     [exec] /Mockito_8/src/org/mockito/internal/util/reflection/GenericMetadataSupport.java:86: error: illegal start of expression
     [exec] /Mockito_8/src/org/mockito/internal/util/reflection/GenericMetadataSupport.java:86: error: illegal start of expression
     [exec] /Mockito_8/src/org/mockito/internal/util/reflection/GenericMetadataSupport.java:116: error: ';' expected
     [exec] /Mockito_8/src/org/mockito/internal/util/reflection/GenericMetadataSupport.java:86: error: illegal start of expression
     [exec] /Mockito_8/src/org/mockito/internal/util/reflection/GenericMetadataSupport.java:136: error: illegal start of expression
     [exec] /Mockito_8/src/org/mockito/internal/util/reflection/GenericMetadataSupport.java:86: error: illegal start of expression
     [exec] /Mockito_8/src/org/mockito/internal/util/reflection/GenericMetadataSupport.java:86: error: illegal start of expression
     [exec] /Mockito_8/src/org/mockito/internal/util/reflection/GenericMetadataSupport.java:86: error: illegal start of expression
     [exec] /Mockito_8/src/org/mockito/internal/util/reflection/GenericMetadataSupport.java:86: error: illegal start of expression
     [exec] /Mockito_8/src/org/mockito/internal/util/reflection/GenericMetadataSupport.java:199: error: ';' expected
     [exec] /Mockito_8/src/org/mockito/internal/util/reflection/GenericMetadataSupport.java:86: error: illegal start of expression
     [exec] /Mockito_8/src/org/mockito/internal/util/reflection/GenericMetadataSupport.java:86: error: illegal start of expression
     [exec] /Mockito_8/src/org/mockito/internal/util/reflection/GenericMetadataSupport.java:86: error: illegal start of expression
     [exec] /Mockito_8/src/org/mockito/internal/util/reflection/GenericMetadataSupport.java:104: error: ';' expectedBUILD FAILED
     [exec] /Mockito_8/src/org/mockito/internal/util/reflection/GenericMetadataSupport.java:86: error: illegal start of expression
     [exec] /Mockito_8/src/org/mockito/internal/util/reflection/GenericMetadataSupport.java:86: error: illegal start of expression
     [exec] /Mockito_8/src/org/mockito/internal/util/reflection/GenericMetadataSupport.java:86: error: ';' expected
     [exec] /Mockito_8/src/org/mockito/internal/util/reflection/GenericMetadataSupport.java:79: error: 'else' without 'if'
     [exec] /Mockito_8/src/org/mockito/internal/util/reflection/GenericMetadataSupport.java:86: error: illegal start of expression
     [exec] /Mockito_8/src/org/mockito/internal/util/reflection/GenericMetadataSupport.java:104: error: ';' expected
     [exec] /Mockito_8/src/org/mockito/internal/util/reflection/GenericMetadataSupport.java:86: error: illegal start of expression
     [exec] /Mockito_8/src/org/mockito/internal/util/reflection/GenericMetadataSupport.java:86: error: illegal start of expression
     [exec] /Mockito_8/src/org/mockito/internal/util/reflection/GenericMetadataSupport.java:86: error: illegal start of expression
     [exec] /Mockito_8/src/org/mockito/internal/util/reflection/GenericMetadataSupport.java:136: error: illegal start of expression
     [exec] /Mockito_8/src/org/mockito/internal/util/reflection/GenericMetadataSupport.java:79: error: cannot find symbol
     [exec] /Mockito_8/src/org/mockito/internal/util/reflection/GenericMetadataSupport.java:86: error: illegal start of expression
     [exec] /Mockito_8/src/org/mockito/internal/util/reflection/GenericMetadataSupport.java:86: error: illegal start of expression
     [exec] /Mockito_8/src/org/mockito/internal/util/reflection/GenericMetadataSupport.java:79: error: cannot find symbol
     [exec] /Mockito_8/src/org/mockito/internal/util/reflection/GenericMetadataSupport.java:86: error: illegal start of expression
     [exec] /Mockito_8/src/org/mockito/internal/util/reflection/GenericMetadataSupport.java:86: error: illegal start of expression
     [exec] /Mockito_8/src/org/mockito/internal/util/reflection/GenericMetadataSupport.java:86: error: illegal start of expression
     [exec] /Mockito_8/src/org/mockito/internal/util/reflection/GenericMetadataSupport.java:86: error: illegal start of expression
     [exec] /Mockito_8/src/org/mockito/internal/util/reflection/GenericMetadataSupport.java:86: error: illegal start of expression
     [exec] /Mockito_8/src/org/mockito/internal/util/reflection/GenericMetadataSupport.java:79: error: incompatible types: TypeVariable cannot be converted to Class<?>
     [exec] /Mockito_8/src/org/mockito/internal/util/reflection/GenericMetadataSupport.java:86: error: illegal start of expression
     [exec] /Mockito_8/src/org/mockito/internal/util/reflection/GenericMetadataSupport.java:86: error: illegal start of expression
[javac] /Chart_17/source/org/jfree/data/time/TimeSeries.java:857: error: no suitable method found for createCopy(int)
[javac] /Chart_17/source/org/jfree/data/time/TimeSeries.java:857: error: no suitable method found for createCopy(int)
[javac] /Chart_17/source/org/jfree/data/time/TimeSeries.java:857: error: cannot find symbol
[javac] /Chart_17/source/org/jfree/data/time/TimeSeries.java:857: error: no suitable method found for createCopy()
[javac] /Chart_17/source/org/jfree/data/time/TimeSeries.java:857: error: no suitable method found for createCopy(int,<null>)
[javac] /Chart_17/source/org/jfree/data/time/TimeSeries.java:857: error: no suitable method found for createCopy(int)
[javac] /Chart_17/source/org/jfree/data/time/TimeSeries.java:857: error: not a statement
[javac] /Chart_11/source/org/jfree/chart/util/ShapeUtilities.java:275: error: no suitable method found for getPathIterator()
[javac] /Chart_11/source/org/jfree/chart/util/ShapeUtilities.java:275: error: cannot find symbol
[javac] /Chart_11/source/org/jfree/chart/util/ShapeUtilities.java:275: error: no suitable method found for getPathIterator(String)
[javac] /Chart_11/source/org/jfree/chart/util/ShapeUtilities.java:275: error: cannot find symbol
[javac] /Chart_11/source/org/jfree/chart/util/ShapeUtilities.java:275: error: PathIterator is abstract; cannot be instantiated
[javac] /Chart_11/source/org/jfree/chart/util/ShapeUtilities.java:275: error: cannot find symbol
[javac] /Chart_11/source/org/jfree/chart/util/ShapeUtilities.java:275: error: cannot find symbol
[javac] /Chart_11/source/org/jfree/chart/util/ShapeUtilities.java:275: error: cannot find symbol
[javac] /Chart_11/source/org/jfree/chart/util/ShapeUtilities.java:275: error: no suitable method found for getPathIterator(Object)
[javac] /Chart_11/source/org/jfree/chart/util/ShapeUtilities.java:275: error: no suitable method found for getPathIterator(boolean)
[javac] /Chart_11/source/org/jfree/chart/util/ShapeUtilities.java:275: error: cannot find symbol
[javac] /Chart_11/source/org/jfree/chart/util/ShapeUtilities.java:275: error: no suitable method found for getPathIterator(Object[])
[javac] /Chart_11/source/org/jfree/chart/util/ShapeUtilities.java:275: error: no suitable method found for getPathIterator(PathIterator)
[javac] /Chart_11/source/org/jfree/chart/util/ShapeUtilities.java:275: error: no suitable method found for getPathIterator()
[javac] /Chart_11/source/org/jfree/chart/util/ShapeUtilities.java:275: error: non-static variable this cannot be referenced from a static context
[javac] /Chart_11/source/org/jfree/chart/util/ShapeUtilities.java:275: error: no suitable method found for getPathIterator(<null>,<null>)
[javac] /Chart_11/source/org/jfree/chart/util/ShapeUtilities.java:275: error: no suitable method found for getPathIterator(Object)
[javac] /Chart_11/source/org/jfree/chart/util/ShapeUtilities.java:275: error: cannot find symbol
[javac] /Chart_11/source/org/jfree/chart/util/ShapeUtilities.java:275: error: PathIterator is abstract; cannot be instantiated
[javac] /Chart_11/source/org/jfree/chart/util/ShapeUtilities.java:275: error: no suitable method found for getPathIterator(<null>,boolean)
[javac] /Chart_11/source/org/jfree/chart/util/ShapeUtilities.java:275: error: cannot find symbol
[javac] /Chart_11/source/org/jfree/chart/util/ShapeUtilities.java:275: error: cannot find symbol
[javac] /Chart_11/source/org/jfree/chart/util/ShapeUtilities.java:275: error: cannot find symbol
[javac] /Chart_11/source/org/jfree/chart/util/ShapeUtilities.java:275: error: cannot find symbol
[javac] /Chart_11/source/org/jfree/chart/util/ShapeUtilities.java:275: error: PathIterator is abstract; cannot be instantiated
[javac] /Chart_11/source/org/jfree/chart/util/ShapeUtilities.java:275: error: not a statement
[javac] /Math_27/src/main/java/org/apache/commons/math3/fraction/Fraction.java:597: error: incompatible types
[javac] /Math_27/src/main/java/org/apache/commons/math3/fraction/Fraction.java:597: error: incompatible types
[javac] /Math_27/src/main/java/org/apache/commons/math3/fraction/Fraction.java:597: error: incompatible types
[javac] /Math_27/src/main/java/org/apache/commons/math3/fraction/Fraction.java:597: error: incompatible types
[javac] /Math_27/src/main/java/org/apache/commons/math3/fraction/Fraction.java:597: error: incompatible types
[javac] /Math_27/src/main/java/org/apache/commons/math3/fraction/Fraction.java:597: error: cannot find symbol
[javac] /Math_27/src/main/java/org/apache/commons/math3/fraction/Fraction.java:597: error: cannot find symbol
[javac] /Math_27/src/main/java/org/apache/commons/math3/fraction/Fraction.java:597: error: incompatible types
[javac] /Math_27/src/main/java/org/apache/commons/math3/fraction/Fraction.java:597: error: cannot find symbol
[javac] /Math_27/src/main/java/org/apache/commons/math3/fraction/Fraction.java:597: error: incompatible types
[javac] /Math_27/src/main/java/org/apache/commons/math3/fraction/Fraction.java:597: error: incompatible types
[javac] /Math_27/src/main/java/org/apache/commons/math3/fraction/Fraction.java:597: error: incompatible types
[javac] /Math_27/src/main/java/org/apache/commons/math3/fraction/Fraction.java:597: error: cannot find symbol
[javac] /Math_27/src/main/java/org/apache/commons/math3/fraction/Fraction.java:597: error: incompatible types
[javac] /Math_27/src/main/java/org/apache/commons/math3/fraction/Fraction.java:597: error: incompatible types
[javac] /Math_27/src/main/java/org/apache/commons/math3/fraction/Fraction.java:597: error: cannot find symbol
[javac] /Math_27/src/main/java/org/apache/commons/math3/fraction/Fraction.java:597: error: incompatible types
[javac] /Math_27/src/main/java/org/apache/commons/math3/fraction/Fraction.java:597: error: incompatible types
[javac] /Math_27/src/main/java/org/apache/commons/math3/fraction/Fraction.java:597: error: incomparable types: double and <null>
[javac] /Math_27/src/main/java/org/apache/commons/math3/fraction/Fraction.java:597: error: incomparable types: double and <null>
[javac] /Math_27/src/main/java/org/apache/commons/math3/fraction/Fraction.java:597: error: incompatible types
[javac] /Math_27/src/main/java/org/apache/commons/math3/fraction/Fraction.java:597: error: double cannot be dereferenced
[javac] /Math_27/src/main/java/org/apache/commons/math3/fraction/Fraction.java:597: error: incomparable types: double and <null>
[javac] /Math_27/src/main/java/org/apache/commons/math3/fraction/Fraction.java:597: error: incompatible types
[javac] /Math_27/src/main/java/org/apache/commons/math3/fraction/Fraction.java:597: error: incompatible types
[javac] /Math_101/src/java/org/apache/commons/math/complex/ComplexFormat.java:379: error: not a statement
[javac] /Math_101/src/java/org/apache/commons/math/complex/ComplexFormat.java:379: error: not a statement
[javac] /Math_101/src/java/org/apache/commons/math/complex/ComplexFormat.java:379: error: not a statement
[javac] /Math_101/src/java/org/apache/commons/math/complex/ComplexFormat.java:379: error: not a statement
[javac] /Math_101/src/java/org/apache/commons/math/complex/ComplexFormat.java:379: error: not a statement
[javac] /Math_101/src/java/org/apache/commons/math/complex/ComplexFormat.java:379: error: not a statement
[javac] /Math_101/src/java/org/apache/commons/math/complex/ComplexFormat.java:379: error: not a statement
[javac] /Math_101/src/java/org/apache/commons/math/complex/ComplexFormat.java:379: error: not a statement
[javac] /Math_101/src/java/org/apache/commons/math/complex/ComplexFormat.java:379: error: not a statement
[javac] /Math_101/src/java/org/apache/commons/math/complex/ComplexFormat.java:379: error: not a statement
[javac] /Math_101/src/java/org/apache/commons/math/complex/ComplexFormat.java:379: error: not a statement
[javac] /Math_101/src/java/org/apache/commons/math/complex/ComplexFormat.java:379: error: not a statement
[javac] /Math_101/src/java/org/apache/commons/math/complex/ComplexFormat.java:379: error: not a statement
[javac] /Math_101/src/java/org/apache/commons/math/complex/ComplexFormat.java:379: error: not a statement
[javac] /Math_101/src/java/org/apache/commons/math/complex/ComplexFormat.java:379: error: ';' expected
[javac] /Math_101/src/java/org/apache/commons/math/complex/ComplexFormat.java:379: error: ';' expected
[javac] /Math_101/src/java/org/apache/commons/math/complex/ComplexFormat.java:377: error: illegal start of expression
[javac] /Math_101/src/java/org/apache/commons/math/complex/ComplexFormat.java:379: error: not a statement
[javac] /Math_11/src/main/java/org/apache/commons/math3/distribution/MultivariateNormalDistribution.java:183: error: illegal start of expression
[javac] /Math_11/src/main/java/org/apache/commons/math3/distribution/MultivariateNormalDistribution.java:183: error: illegal start of expression
[javac] /Math_11/src/main/java/org/apache/commons/math3/distribution/MultivariateNormalDistribution.java:183: error: illegal start of expression
[javac] /Math_11/src/main/java/org/apache/commons/math3/distribution/MultivariateNormalDistribution.java:183: error: illegal start of expression
[javac] /Math_11/src/main/java/org/apache/commons/math3/distribution/MultivariateNormalDistribution.java:183: error: cannot find symbol
[javac] /Math_11/src/main/java/org/apache/commons/math3/distribution/MultivariateNormalDistribution.java:183: error: illegal start of expression
[javac] /Math_11/src/main/java/org/apache/commons/math3/distribution/MultivariateNormalDistribution.java:183: error: illegal start of expression
[javac] /Math_11/src/main/java/org/apache/commons/math3/distribution/MultivariateNormalDistribution.java:183: error: illegal start of expression
[javac] /Math_11/src/main/java/org/apache/commons/math3/distribution/MultivariateNormalDistribution.java:183: error: illegal start of expression
[javac] /Math_11/src/main/java/org/apache/commons/math3/distribution/MultivariateNormalDistribution.java:183: error: illegal start of expression
[javac] /Math_11/src/main/java/org/apache/commons/math3/distribution/MultivariateNormalDistribution.java:184: error: not a statement
[javac] /Math_11/src/main/java/org/apache/commons/math3/distribution/MultivariateNormalDistribution.java:184: error: not a statement
[javac] /Math_11/src/main/java/org/apache/commons/math3/distribution/MultivariateNormalDistribution.java:183: error: illegal start of expression
[javac] /Math_11/src/main/java/org/apache/commons/math3/distribution/MultivariateNormalDistribution.java:183: error: illegal start of expression
[javac] /Math_11/src/main/java/org/apache/commons/math3/distribution/MultivariateNormalDistribution.java:183: error: illegal start of expression
[javac] /Math_11/src/main/java/org/apache/commons/math3/distribution/MultivariateNormalDistribution.java:183: error: illegal start of expression
[javac] /Math_11/src/main/java/org/apache/commons/math3/distribution/MultivariateNormalDistribution.java:183: error: illegal start of expression
[javac] /Lang_6/src/main/java/org/apache/commons/lang3/text/translate/CharSequenceTranslator.java:95: error: bad operand types for binary operator '+'
[javac] /Lang_6/src/main/java/org/apache/commons/lang3/text/translate/CharSequenceTranslator.java:95: error: illegal start of expression
[javac] /Lang_6/src/main/java/org/apache/commons/lang3/text/translate/CharSequenceTranslator.java:95: error: bad operand types for binary operator '+'
[javac] /Lang_6/src/main/java/org/apache/commons/lang3/text/translate/CharSequenceTranslator.java:95: error: cannot find symbol
[javac] /Lang_6/src/main/java/org/apache/commons/lang3/text/translate/CharSequenceTranslator.java:95: error: cannot find symbol
[javac] /Lang_6/src/main/java/org/apache/commons/lang3/text/translate/CharSequenceTranslator.java:95: error: cannot find symbol
[javac] /Lang_6/src/main/java/org/apache/commons/lang3/text/translate/CharSequenceTranslator.java:95: error: incompatible types
[javac] /Lang_6/src/main/java/org/apache/commons/lang3/text/translate/CharSequenceTranslator.java:95: error: no suitable method found for codePointAt(int,CharSequence)
[javac] /Lang_6/src/main/java/org/apache/commons/lang3/text/translate/CharSequenceTranslator.java:95: error: illegal start of expression
[javac] /Lang_6/src/main/java/org/apache/commons/lang3/text/translate/CharSequenceTranslator.java:95: error: cannot find symbol
[javac] /Lang_39/src/java/org/apache/commons/lang3/StringUtils.java:3676: error: incompatible types
[javac] /Lang_39/src/java/org/apache/commons/lang3/StringUtils.java:3676: error: incompatible types
[javac] /Lang_39/src/java/org/apache/commons/lang3/StringUtils.java:3676: error: illegal start of expression
[javac] /Lang_39/src/java/org/apache/commons/lang3/StringUtils.java:3676: error: incompatible types
[javac] /Lang_39/src/java/org/apache/commons/lang3/StringUtils.java:3676: error: incompatible types
[javac] /Lang_39/src/java/org/apache/commons/lang3/StringUtils.java:3676: error: incompatible types
[javac] /Lang_39/src/java/org/apache/commons/lang3/StringUtils.java:3676: error: not a statement
[javac] /Lang_39/src/java/org/apache/commons/lang3/StringUtils.java:3676: error: illegal start of expression
[javac] /Lang_39/src/java/org/apache/commons/lang3/StringUtils.java:3676: error: incompatible types
[javac] /Lang_39/src/java/org/apache/commons/lang3/StringUtils.java:3676: error: incompatible types
[javac] /Lang_39/src/java/org/apache/commons/lang3/StringUtils.java:3676: error: illegal start of expression
[javac] /Lang_39/src/java/org/apache/commons/lang3/StringUtils.java:3676: error: incompatible types
[javac] /Lang_39/src/java/org/apache/commons/lang3/StringUtils.java:3676: error: missing return value
[javac] /Lang_39/src/java/org/apache/commons/lang3/StringUtils.java:3676: error: illegal start of expression
[javac] /Lang_39/src/java/org/apache/commons/lang3/StringUtils.java:3676: error: illegal start of expression
[javac] /Lang_51/src/java/org/apache/commons/lang/BooleanUtils.java:682: error: illegal line end in character literal
[javac] /Lang_51/src/java/org/apache/commons/lang/BooleanUtils.java:682: error: illegal line end in character literal
[javac] /Lang_51/src/java/org/apache/commons/lang/BooleanUtils.java:682: error: illegal line end in character literal
[javac] /Lang_51/src/java/org/apache/commons/lang/BooleanUtils.java:682: error: illegal line end in character literal
[javac] /Lang_51/src/java/org/apache/commons/lang/BooleanUtils.java:682: error: illegal line end in character literal
[javac] /Lang_51/src/java/org/apache/commons/lang/BooleanUtils.java:682: error: illegal line end in character literal
[javac] /Lang_51/src/java/org/apache/commons/lang/BooleanUtils.java:682: error: illegal line end in character literal
[javac] /Lang_51/src/java/org/apache/commons/lang/BooleanUtils.java:682: error: illegal line end in character literal
[javac] /Lang_51/src/java/org/apache/commons/lang/BooleanUtils.java:683: error: illegal start of expression
[javac] /Lang_51/src/java/org/apache/commons/lang/BooleanUtils.java:682: error: illegal line end in character literal
[javac] /Lang_51/src/java/org/apache/commons/lang/BooleanUtils.java:682: error: illegal line end in character literal
[javac] /Lang_51/src/java/org/apache/commons/lang/BooleanUtils.java:682: error: illegal line end in character literal
[javac] /Lang_51/src/java/org/apache/commons/lang/BooleanUtils.java:683: error: illegal start of expression
[javac] /Lang_51/src/java/org/apache/commons/lang/BooleanUtils.java:682: error: ')' expected
[javac] /Lang_51/src/java/org/apache/commons/lang/BooleanUtils.java:683: error: illegal start of expression
[javac] /Closure_77/src/com/google/javascript/jscomp/CodeGenerator.java:966: error: case, default, or '}' expected
[javac] /Closure_77/src/com/google/javascript/jscomp/CodeGenerator.java:966: error: case, default, or '}' expected
[javac] /Closure_77/src/com/google/javascript/jscomp/CodeGenerator.java:966: error: case, default, or '}' expected
[javac] /Closure_77/src/com/google/javascript/jscomp/CodeGenerator.java:966: error: case, default, or '}' expected
[javac] /Closure_77/src/com/google/javascript/jscomp/CodeGenerator.java:966: error: case, default, or '}' expected
[javac] /Closure_77/src/com/google/javascript/jscomp/CodeGenerator.java:966: error: case, default, or '}' expected
[javac] /Closure_77/src/com/google/javascript/jscomp/CodeGenerator.java:966: error: case, default, or '}' expected
[javac] /Closure_77/src/com/google/javascript/jscomp/CodeGenerator.java:966: error: case, default, or '}' expected
[javac] /Closure_77/src/com/google/javascript/jscomp/CodeGenerator.java:966: error: case, default, or '}' expected
[javac] /Closure_77/src/com/google/javascript/jscomp/CodeGenerator.java:966: error: case, default, or '}' expected
[javac] /Closure_77/src/com/google/javascript/jscomp/CodeGenerator.java:966: error: case, default, or '}' expected
[javac] /Closure_77/src/com/google/javascript/jscomp/CodeGenerator.java:966: error: case, default, or '}' expected
[javac] /Closure_77/src/com/google/javascript/jscomp/CodeGenerator.java:966: error: case, default, or '}' expected
[javac] /Closure_77/src/com/google/javascript/jscomp/CodeGenerator.java:966: error: case, default, or '}' expected
[javac] /Closure_77/src/com/google/javascript/jscomp/CodeGenerator.java:966: error: case, default, or '}' expected
[javac] /Closure_77/src/com/google/javascript/jscomp/CodeGenerator.java:966: error: case, default, or '}' expected
[javac] /Closure_77/src/com/google/javascript/jscomp/CodeGenerator.java:966: error: case, default, or '}' expected
[javac] /Closure_77/src/com/google/javascript/jscomp/CodeGenerator.java:966: error: case, default, or '}' expected
[javac] /Closure_77/src/com/google/javascript/jscomp/CodeGenerator.java:966: error: case, default, or '}' expected
[javac] /Closure_77/src/com/google/javascript/jscomp/CodeGenerator.java:966: error: case, default, or '}' expected
[javac] /Closure_77/src/com/google/javascript/jscomp/CodeGenerator.java:966: error: case, default, or '}' expected
[javac] /Closure_77/src/com/google/javascript/jscomp/CodeGenerator.java:966: error: case, default, or '}' expected
[javac] /Closure_77/src/com/google/javascript/jscomp/CodeGenerator.java:966: error: case, default, or '}' expected
[javac] /Closure_77/src/com/google/javascript/jscomp/CodeGenerator.java:966: error: case, default, or '}' expected
[javac] /Closure_77/src/com/google/javascript/jscomp/CodeGenerator.java:966: error: case, default, or '}' expected
[javac] /Closure_77/src/com/google/javascript/jscomp/CodeGenerator.java:966: error: case, default, or '}' expected
[javac] /Closure_77/src/com/google/javascript/jscomp/CodeGenerator.java:966: error: case, default, or '}' expected
[javac] /Closure_77/src/com/google/javascript/jscomp/CodeGenerator.java:966: error: case, default, or '}' expected
[javac] /Closure_77/src/com/google/javascript/jscomp/CodeGenerator.java:966: error: case, default, or '}' expected
[javac] /Closure_77/src/com/google/javascript/jscomp/CodeGenerator.java:966: error: case, default, or '}' expected
[javac] /Closure_57/src/com/google/javascript/jscomp/ClosureCodingConvention.java:197: error: cannot find symbol
[javac] /Closure_57/src/com/google/javascript/jscomp/ClosureCodingConvention.java:197: error: cannot find symbol
[javac] /Closure_57/src/com/google/javascript/jscomp/ClosureCodingConvention.java:197: error: cannot find symbol
[javac] /Closure_57/src/com/google/javascript/jscomp/ClosureCodingConvention.java:197: error: cannot find symbol
[javac] /Closure_57/src/com/google/javascript/jscomp/ClosureCodingConvention.java:197: error: ';' expected
[javac] /Closure_57/src/com/google/javascript/jscomp/ClosureCodingConvention.java:197: error: inconvertible types
[javac] /Math_2/src/main/java/org/apache/commons/math3/distribution/HypergeometricDistribution.java:268: error: cannot find symbol
[javac] /Math_2/src/main/java/org/apache/commons/math3/distribution/HypergeometricDistribution.java:268: error: not a statement
[javac] /Math_2/src/main/java/org/apache/commons/math3/distribution/HypergeometricDistribution.java:268: error: not a statement
[javac] /Math_2/src/main/java/org/apache/commons/math3/distribution/HypergeometricDistribution.java:268: error: cannot find symbol
[javac] /Math_2/src/main/java/org/apache/commons/math3/distribution/HypergeometricDistribution.java:268: error: not a statement
[javac] /Math_2/src/main/java/org/apache/commons/math3/distribution/HypergeometricDistribution.java:268: error: not a statement
[javac] /Math_2/src/main/java/org/apache/commons/math3/distribution/HypergeometricDistribution.java:268: error: not a statement
[javac] /Math_2/src/main/java/org/apache/commons/math3/distribution/HypergeometricDistribution.java:268: error: not a statement
[javac] /Math_2/src/main/java/org/apache/commons/math3/distribution/HypergeometricDistribution.java:268: error: not a statement
[javac] /Math_2/src/main/java/org/apache/commons/math3/distribution/HypergeometricDistribution.java:268: error: not a statement
[javac] /Math_2/src/main/java/org/apache/commons/math3/distribution/HypergeometricDistribution.java:268: error: not a statement
[javac] /Math_2/src/main/java/org/apache/commons/math3/distribution/HypergeometricDistribution.java:268: error: not a statement
[javac] /Math_2/src/main/java/org/apache/commons/math3/distribution/HypergeometricDistribution.java:268: error: not a statement
[javac] /Math_2/src/main/java/org/apache/commons/math3/distribution/HypergeometricDistribution.java:268: error: not a statement
[javac] /Math_2/src/main/java/org/apache/commons/math3/distribution/HypergeometricDistribution.java:268: error: not a statement
[javac] /Math_2/src/main/java/org/apache/commons/math3/distribution/HypergeometricDistribution.java:268: error: not a statement
[javac] /Math_2/src/main/java/org/apache/commons/math3/distribution/HypergeometricDistribution.java:268: error: not a statement
[javac] /Math_2/src/main/java/org/apache/commons/math3/distribution/HypergeometricDistribution.java:268: error: not a statement
[javac] /Math_2/src/main/java/org/apache/commons/math3/distribution/HypergeometricDistribution.java:268: error: not a statement
[javac] /Math_2/src/main/java/org/apache/commons/math3/distribution/HypergeometricDistribution.java:268: error: not a statement
[javac] /Closure_31/src/com/google/javascript/jscomp/Compiler.java:1285: error: illegal start of expression
[javac] /Closure_31/src/com/google/javascript/jscomp/Compiler.java:1286: error: not a statement
[javac] /Closure_31/src/com/google/javascript/jscomp/Compiler.java:1285: error: illegal start of expression
[javac] /Closure_31/src/com/google/javascript/jscomp/Compiler.java:1286: error: not a statement
[javac] /Closure_31/src/com/google/javascript/jscomp/Compiler.java:1286: error: not a statement
[javac] /Closure_31/src/com/google/javascript/jscomp/Compiler.java:1285: error: ')' expected
[javac] /Closure_31/src/com/google/javascript/jscomp/Compiler.java:1285: error: cannot find symbol
[javac] /Closure_31/src/com/google/javascript/jscomp/Compiler.java:1285: error: ')' expected
[javac] /Closure_31/src/com/google/javascript/jscomp/Compiler.java:1285: error: ')' expected
[javac] /Closure_31/src/com/google/javascript/jscomp/Compiler.java:1285: error: cannot find symbol
[javac] /Closure_31/src/com/google/javascript/jscomp/Compiler.java:1285: error: illegal start of expression
[javac] /Closure_31/src/com/google/javascript/jscomp/Compiler.java:1285: error: illegal start of expression
[javac] /Closure_31/src/com/google/javascript/jscomp/Compiler.java:1285: error: ')' expected
[javac] /Closure_31/src/com/google/javascript/jscomp/Compiler.java:1285: error: cannot find symbol
[javac] /Closure_31/src/com/google/javascript/jscomp/Compiler.java:1285: error: cannot find symbol
[javac] /Closure_31/src/com/google/javascript/jscomp/Compiler.java:1286: error: not a statement
[javac] /Closure_31/src/com/google/javascript/jscomp/Compiler.java:1285: error: ')' expected
[javac] /Closure_31/src/com/google/javascript/jscomp/Compiler.java:1285: error: illegal start of expression
[javac] /Closure_65/src/com/google/javascript/jscomp/CodeGenerator.java:1015: error: case, default, or '}' expected
[javac] /Closure_65/src/com/google/javascript/jscomp/CodeGenerator.java:1015: error: case, default, or '}' expected
[javac] /Closure_65/src/com/google/javascript/jscomp/CodeGenerator.java:1015: error: case, default, or '}' expected
[javac] /Closure_65/src/com/google/javascript/jscomp/CodeGenerator.java:1015: error: case, default, or '}' expected
[javac] /Closure_65/src/com/google/javascript/jscomp/CodeGenerator.java:1015: error: case, default, or '}' expected
[javac] /Closure_65/src/com/google/javascript/jscomp/CodeGenerator.java:1015: error: case, default, or '}' expected
[javac] /Closure_65/src/com/google/javascript/jscomp/CodeGenerator.java:1015: error: case, default, or '}' expected
[javac] /Closure_65/src/com/google/javascript/jscomp/CodeGenerator.java:1015: error: case, default, or '}' expected
[javac] /Closure_65/src/com/google/javascript/jscomp/CodeGenerator.java:1015: error: case, default, or '}' expected
[javac] /Closure_65/src/com/google/javascript/jscomp/CodeGenerator.java:1015: error: case, default, or '}' expected
[javac] /Closure_65/src/com/google/javascript/jscomp/CodeGenerator.java:1015: error: case, default, or '}' expected
[javac] /Closure_65/src/com/google/javascript/jscomp/CodeGenerator.java:1015: error: case, default, or '}' expected
[javac] /Closure_65/src/com/google/javascript/jscomp/CodeGenerator.java:1015: error: case, default, or '}' expected
[javac] /Closure_65/src/com/google/javascript/jscomp/CodeGenerator.java:1015: error: case, default, or '}' expected
[javac] /Closure_65/src/com/google/javascript/jscomp/CodeGenerator.java:1015: error: case, default, or '}' expected
[javac] /Closure_65/src/com/google/javascript/jscomp/CodeGenerator.java:1015: error: case, default, or '}' expected
[javac] /Closure_65/src/com/google/javascript/jscomp/CodeGenerator.java:1015: error: case, default, or '}' expected
[javac] /Closure_65/src/com/google/javascript/jscomp/CodeGenerator.java:1015: error: case, default, or '}' expected
[javac] /Closure_65/src/com/google/javascript/jscomp/CodeGenerator.java:1015: error: case, default, or '}' expected
[javac] /Closure_65/src/com/google/javascript/jscomp/CodeGenerator.java:1015: error: case, default, or '}' expected
[javac] /Closure_65/src/com/google/javascript/jscomp/CodeGenerator.java:1015: error: case, default, or '}' expected
[javac] /Closure_65/src/com/google/javascript/jscomp/CodeGenerator.java:1015: error: case, default, or '}' expected
[javac] /Closure_65/src/com/google/javascript/jscomp/CodeGenerator.java:1015: error: case, default, or '}' expected
[javac] /Closure_65/src/com/google/javascript/jscomp/CodeGenerator.java:1015: error: case, default, or '}' expected
[javac] /Closure_65/src/com/google/javascript/jscomp/CodeGenerator.java:1015: error: case, default, or '}' expected
[javac] /Closure_65/src/com/google/javascript/jscomp/CodeGenerator.java:1015: error: case, default, or '}' expected
[javac] /Closure_65/src/com/google/javascript/jscomp/CodeGenerator.java:1015: error: case, default, or '}' expected
[javac] /Closure_65/src/com/google/javascript/jscomp/CodeGenerator.java:1015: error: case, default, or '}' expected
[javac] /Closure_65/src/com/google/javascript/jscomp/CodeGenerator.java:1015: error: case, default, or '}' expected
[javac] /Time_4/src/main/java/org/joda/time/Partial.java:464: error: no suitable constructor found for Partial(DateTimeFieldType[],DateTimeFieldType[],int[])
[javac] /Time_4/src/main/java/org/joda/time/Partial.java:464: error: no suitable constructor found for Partial(int[],DateTimeFieldType[],int[])
[javac] /Time_4/src/main/java/org/joda/time/Partial.java:464: error: cannot find symbol
[javac] /Time_4/src/main/java/org/joda/time/Partial.java:464: error: no suitable constructor found for Partial(Chronology,DateTimeFieldType[],int)
[javac] /Time_4/src/main/java/org/joda/time/Partial.java:464: error: cannot find symbol
[javac] /Time_4/src/main/java/org/joda/time/Partial.java:464: error: no suitable constructor found for Partial(DateTimeFieldType[],int,DateTimeFieldType[],int[])
[javac] /Time_4/src/main/java/org/joda/time/Partial.java:464: error: no suitable constructor found for Partial(DateTimeFieldType[],DateTimeFieldType[],int[])
[javac] /Time_4/src/main/java/org/joda/time/Partial.java:464: error: no suitable constructor found for Partial(int[],Chronology,DateTimeFieldType[])
[javac] /Time_4/src/main/java/org/joda/time/Partial.java:464: error: no suitable constructor found for Partial(Chronology,int[],DateTimeFieldType[])
[javac] /Time_4/src/main/java/org/joda/time/Partial.java:464: error: no suitable constructor found for Partial(DateTimeFieldType[],DateTimeFieldType[],int[])
[javac] /Time_4/src/main/java/org/joda/time/Partial.java:464: error: no suitable constructor found for Partial(int[],Chronology)
[javac] /Time_4/src/main/java/org/joda/time/Partial.java:464: error: no suitable constructor found for Partial(Chronology,DateTimeFieldType[],int)
[javac] /Time_4/src/main/java/org/joda/time/Partial.java:464: error: cannot find symbol
[javac] /Time_4/src/main/java/org/joda/time/Partial.java:464: error: no suitable constructor found for Partial(Chronology,DateTimeFieldType[])
[javac] /Time_4/src/main/java/org/joda/time/Partial.java:464: error: cannot find symbol
[javac] /Time_4/src/main/java/org/joda/time/Partial.java:464: error: no suitable constructor found for Partial(Chronology,DateTimeFieldType[],Partial)
[javac] /Time_4/src/main/java/org/joda/time/Partial.java:464: error: cannot find symbol
[javac] /Time_4/src/main/java/org/joda/time/Partial.java:464: error: cannot find symbol
[javac] /Time_4/src/main/java/org/joda/time/Partial.java:464: error: no suitable constructor found for Partial(Chronology,<null>,<null>,<null>)
[javac] /Mockito_34/src/org/mockito/internal/invocation/InvocationMatcher.java:106: error: cannot find symbol
[javac] /Mockito_34/src/org/mockito/internal/invocation/InvocationMatcher.java:106: error: cannot find symbol
[javac] /Mockito_34/src/org/mockito/internal/invocation/InvocationMatcher.java:106: error: cannot find symbol
[javac] /Mockito_34/src/org/mockito/internal/invocation/InvocationMatcher.java:106: error: cannot find symbol
[javac] /Mockito_34/src/org/mockito/internal/invocation/InvocationMatcher.java:106: error: cannot find symbol
[javac] /Mockito_34/src/org/mockito/internal/invocation/InvocationMatcher.java:106: error: cannot find symbol
[javac] /Mockito_34/src/org/mockito/internal/invocation/InvocationMatcher.java:106: error: cannot find symbol
[javac] /Mockito_34/src/org/mockito/internal/invocation/InvocationMatcher.java:106: error: cannot find symbol
[javac] /Mockito_34/src/org/mockito/internal/invocation/InvocationMatcher.java:106: error: cannot find symbol
[javac] /Mockito_34/src/org/mockito/internal/invocation/InvocationMatcher.java:106: error: cannot find symbol
[javac] /Mockito_34/src/org/mockito/internal/invocation/InvocationMatcher.java:106: error: cannot find symbol
[javac] /Mockito_34/src/org/mockito/internal/invocation/InvocationMatcher.java:106: error: cannot find symbol
[javac] /Mockito_34/src/org/mockito/internal/invocation/InvocationMatcher.java:106: error: cannot find symbol
[javac] /Mockito_34/src/org/mockito/internal/invocation/InvocationMatcher.java:106: error: ';' expected
[javac] /Closure_125/src/com/google/javascript/jscomp/TypeCheck.java:1661: error: cannot find symbol
[javac] /Closure_125/src/com/google/javascript/jscomp/TypeCheck.java:1661: error: cannot find symbol
[javac] /Closure_125/src/com/google/javascript/jscomp/TypeCheck.java:1661: error: incomparable types: NodeTraversal and FunctionType
[javac] /Closure_125/src/com/google/javascript/jscomp/TypeCheck.java:1661: error: cannot find symbol
[javac] /Closure_125/src/com/google/javascript/jscomp/TypeCheck.java:1661: error: incomparable types: NodeTraversal and FunctionType
[javac] /Closure_125/src/com/google/javascript/jscomp/TypeCheck.java:1661: error: cannot find symbol
[javac] /Closure_125/src/com/google/javascript/jscomp/TypeCheck.java:1661: error: cannot find symbol
[javac] /Closure_125/src/com/google/javascript/jscomp/TypeCheck.java:1661: error: cannot find symbol
[javac] /Closure_125/src/com/google/javascript/jscomp/TypeCheck.java:1661: error: incomparable types: NodeTraversal and FunctionType
[javac] /Closure_125/src/com/google/javascript/jscomp/TypeCheck.java:1661: error: incomparable types: Node and FunctionType
[javac] /Lang_26/src/main/java/org/apache/commons/lang3/time/FastDateFormat.java:820: error: cannot find symbol
[javac] /Lang_26/src/main/java/org/apache/commons/lang3/time/FastDateFormat.java:820: error: cannot find symbol
[javac] /Lang_26/src/main/java/org/apache/commons/lang3/time/FastDateFormat.java:820: error: cannot find symbol
[javac] /Lang_26/src/main/java/org/apache/commons/lang3/time/FastDateFormat.java:820: error: cannot find symbol
[javac] /Lang_26/src/main/java/org/apache/commons/lang3/time/FastDateFormat.java:820: error: cannot find symbol
[javac] /Lang_26/src/main/java/org/apache/commons/lang3/time/FastDateFormat.java:820: error: incompatible types
[javac] /Lang_26/src/main/java/org/apache/commons/lang3/time/FastDateFormat.java:820: error: no suitable method found for getTimeZone()
[javac] /Lang_26/src/main/java/org/apache/commons/lang3/time/FastDateFormat.java:820: error: cannot find symbol
[javac] /Lang_26/src/main/java/org/apache/commons/lang3/time/FastDateFormat.java:820: error: cannot find symbol
[javac] /Lang_26/src/main/java/org/apache/commons/lang3/time/FastDateFormat.java:820: error: cannot find symbol
[javac] /Lang_26/src/main/java/org/apache/commons/lang3/time/FastDateFormat.java:820: error: cannot find symbol
[javac] /Lang_26/src/main/java/org/apache/commons/lang3/time/FastDateFormat.java:820: error: cannot find symbol
[javac] /Lang_26/src/main/java/org/apache/commons/lang3/time/FastDateFormat.java:820: error: cannot find symbol
[javac] /Lang_26/src/main/java/org/apache/commons/lang3/time/FastDateFormat.java:820: error: illegal start of type
[javac] /Lang_26/src/main/java/org/apache/commons/lang3/time/FastDateFormat.java:820: error: illegal start of type
[javac] /Lang_26/src/main/java/org/apache/commons/lang3/time/FastDateFormat.java:820: error: cannot find symbol
[javac] /Lang_26/src/main/java/org/apache/commons/lang3/time/FastDateFormat.java:820: error: cannot find symbol
[javac] /Lang_26/src/main/java/org/apache/commons/lang3/time/FastDateFormat.java:820: error: no suitable method found for getTimeZone()
[javac] /Lang_26/src/main/java/org/apache/commons/lang3/time/FastDateFormat.java:820: error: cannot find symbol
[javac] /Lang_26/src/main/java/org/apache/commons/lang3/time/FastDateFormat.java:820: error: cannot find symbol
[javac] /Lang_26/src/main/java/org/apache/commons/lang3/time/FastDateFormat.java:820: error: cannot find symbol
[javac] /Lang_26/src/main/java/org/apache/commons/lang3/time/FastDateFormat.java:820: error: cannot find symbol
[javac] /Lang_26/src/main/java/org/apache/commons/lang3/time/FastDateFormat.java:820: error: cannot find symbol
[javac] /Lang_49/src/java/org/apache/commons/lang/math/Fraction.java:466: error: cannot find symbol
[javac] /Lang_49/src/java/org/apache/commons/lang/math/Fraction.java:466: error: cannot find symbol
[javac] /Lang_49/src/java/org/apache/commons/lang/math/Fraction.java:466: error: cannot find symbol
[javac] /Lang_49/src/java/org/apache/commons/lang/math/Fraction.java:466: error: cannot find symbol
[javac] /Lang_49/src/java/org/apache/commons/lang/math/Fraction.java:466: error: cannot find symbol
[javac] /Lang_49/src/java/org/apache/commons/lang/math/Fraction.java:466: error: cannot find symbol
[javac] /Lang_49/src/java/org/apache/commons/lang/math/Fraction.java:466: error: cannot find symbol
[javac] /Lang_49/src/java/org/apache/commons/lang/math/Fraction.java:466: error: cannot find symbol
[javac] /Lang_49/src/java/org/apache/commons/lang/math/Fraction.java:466: error: cannot find symbol
[javac] /Lang_49/src/java/org/apache/commons/lang/math/Fraction.java:466: error: cannot find symbol
[javac] /Lang_49/src/java/org/apache/commons/lang/math/Fraction.java:466: error: cannot find symbol
[javac] /Lang_49/src/java/org/apache/commons/lang/math/Fraction.java:466: error: cannot find symbol
[javac] /Lang_49/src/java/org/apache/commons/lang/math/Fraction.java:466: error: cannot find symbol
[javac] /Lang_49/src/java/org/apache/commons/lang/math/Fraction.java:466: error: cannot find symbol
[javac] /Lang_49/src/java/org/apache/commons/lang/math/Fraction.java:466: error: cannot find symbol
[javac] /Lang_49/src/java/org/apache/commons/lang/math/Fraction.java:466: error: cannot find symbol
[javac] /Lang_49/src/java/org/apache/commons/lang/math/Fraction.java:466: error: cannot find symbol
[javac] /Lang_49/src/java/org/apache/commons/lang/math/Fraction.java:466: error: cannot assign a value to final variable denominator
[javac] /Lang_49/src/java/org/apache/commons/lang/math/Fraction.java:466: error: cannot find symbol
[javac] /Lang_49/src/java/org/apache/commons/lang/math/Fraction.java:466: error: cannot find symbol
[javac] /Lang_49/src/java/org/apache/commons/lang/math/Fraction.java:466: error: cannot find symbol
[javac] /Lang_49/src/java/org/apache/commons/lang/math/Fraction.java:466: error: cannot find symbol
[javac] /Lang_49/src/java/org/apache/commons/lang/math/Fraction.java:466: error: cannot find symbol
[javac] /Lang_49/src/java/org/apache/commons/lang/math/Fraction.java:466: error: cannot find symbol
[javac] /Lang_49/src/java/org/apache/commons/lang/math/Fraction.java:466: error: cannot find symbol
[javac] /Lang_49/src/java/org/apache/commons/lang/math/Fraction.java:466: error: no suitable method found for getFraction()
[javac] /Lang_49/src/java/org/apache/commons/lang/math/Fraction.java:466: error: illegal start of expression
[javac] /Lang_49/src/java/org/apache/commons/lang/math/Fraction.java:466: error: cannot find symbol
[javac] /Lang_49/src/java/org/apache/commons/lang/math/Fraction.java:466: error: not a statement
[javac] /Closure_114/src/com/google/javascript/jscomp/NameAnalyzer.java:593: error: illegal start of expression
[javac] /Closure_114/src/com/google/javascript/jscomp/NameAnalyzer.java:593: error: illegal start of expression
[javac] /Closure_114/src/com/google/javascript/jscomp/NameAnalyzer.java:578: error: not a statement
[javac] /Closure_114/src/com/google/javascript/jscomp/NameAnalyzer.java:593: error: illegal start of expression
[javac] /Closure_114/src/com/google/javascript/jscomp/NameAnalyzer.java:578: error: not a statement
[javac] /Closure_114/src/com/google/javascript/jscomp/NameAnalyzer.java:578: error: not a statement
[javac] /Closure_114/src/com/google/javascript/jscomp/NameAnalyzer.java:593: error: illegal start of expression
[javac] /Closure_114/src/com/google/javascript/jscomp/NameAnalyzer.java:585: error: ';' expected
[javac] /Closure_114/src/com/google/javascript/jscomp/NameAnalyzer.java:578: error: not a statement
[javac] /Closure_114/src/com/google/javascript/jscomp/NameAnalyzer.java:578: error: incompatible types
[javac] /Closure_114/src/com/google/javascript/jscomp/NameAnalyzer.java:593: error: illegal start of expression
[javac] /Closure_114/src/com/google/javascript/jscomp/NameAnalyzer.java:578: error: 'else' without 'if'
[javac] /Closure_114/src/com/google/javascript/jscomp/NameAnalyzer.java:593: error: illegal start of expression
[javac] /Closure_114/src/com/google/javascript/jscomp/NameAnalyzer.java:578: error: 'else' without 'if'
[javac] /Closure_114/src/com/google/javascript/jscomp/NameAnalyzer.java:593: error: illegal start of expression
[javac] /Closure_114/src/com/google/javascript/jscomp/NameAnalyzer.java:593: error: illegal start of expression
[javac] /Closure_114/src/com/google/javascript/jscomp/NameAnalyzer.java:593: error: illegal start of expression
[javac] /Closure_114/src/com/google/javascript/jscomp/NameAnalyzer.java:593: error: illegal start of expression
[javac] /Closure_114/src/com/google/javascript/jscomp/NameAnalyzer.java:593: error: illegal start of expression
[javac] /Closure_114/src/com/google/javascript/jscomp/NameAnalyzer.java:578: error: incompatible types
[javac] /Closure_114/src/com/google/javascript/jscomp/NameAnalyzer.java:578: error: cannot find symbol
[javac] /Closure_114/src/com/google/javascript/jscomp/NameAnalyzer.java:585: error: ';' expected
[javac] /Closure_114/src/com/google/javascript/jscomp/NameAnalyzer.java:578: error: orphaned default
[javac] /Closure_114/src/com/google/javascript/jscomp/NameAnalyzer.java:585: error: ';' expected
[javac] /Lang_33/src/main/java/org/apache/commons/lang3/ClassUtils.java:910: error: cannot assign a value to final variable EMPTY_CLASS_ARRAY
[javac] /Lang_33/src/main/java/org/apache/commons/lang3/ClassUtils.java:910: error: cannot find symbol
[javac] /Lang_33/src/main/java/org/apache/commons/lang3/ClassUtils.java:910: error: variable array is already defined in method toClass(Object[])
[javac] /Lang_33/src/main/java/org/apache/commons/lang3/ClassUtils.java:910: error: variable i is already defined in method toClass(Object[])
[javac] /Lang_33/src/main/java/org/apache/commons/lang3/ClassUtils.java:910: error: cannot find symbol
[javac] /Lang_33/src/main/java/org/apache/commons/lang3/ClassUtils.java:910: error: <identifier> expected
[javac] /Lang_33/src/main/java/org/apache/commons/lang3/ClassUtils.java:910: error: cannot find symbol
[javac] /Lang_33/src/main/java/org/apache/commons/lang3/ClassUtils.java:910: error: cannot find symbol
[javac] /Lang_33/src/main/java/org/apache/commons/lang3/ClassUtils.java:910: error: illegal start of expression
[javac] /Mockito_29/src/org/mockito/internal/matchers/Same.java:29: error: cannot find symbol
[javac] /Mockito_29/src/org/mockito/internal/matchers/Same.java:29: error: cannot find symbol
[javac] /Mockito_29/src/org/mockito/internal/matchers/Same.java:29: error: cannot find symbol
[javac] /Mockito_29/src/org/mockito/internal/matchers/Same.java:29: error: unclosed string literal
[javac] /Mockito_29/src/org/mockito/internal/matchers/Same.java:29: error: unclosed string literal
[javac] /Mockito_29/src/org/mockito/internal/matchers/Same.java:29: error: cannot find symbol
[javac] /Mockito_29/src/org/mockito/internal/matchers/Same.java:29: error: illegal start of expression
[javac] /Mockito_29/src/org/mockito/internal/matchers/Same.java:29: error: cannot find symbol
[javac] /Mockito_29/src/org/mockito/internal/matchers/Same.java:29: error: illegal start of expression
[javac] /Mockito_29/src/org/mockito/internal/matchers/Same.java:29: error: illegal start of expression
[javac] /Mockito_29/src/org/mockito/internal/matchers/Same.java:29: error: illegal start of expression
[javac] /Mockito_29/src/org/mockito/internal/matchers/Same.java:29: error: unclosed string literal
[javac] /Mockito_29/src/org/mockito/internal/matchers/Same.java:29: error: unclosed string literal
[javac] /Mockito_29/src/org/mockito/internal/matchers/Same.java:29: error: illegal start of expression
[javac] /Mockito_29/src/org/mockito/internal/matchers/Same.java:29: error: illegal start of expression
[javac] /Mockito_29/src/org/mockito/internal/matchers/Same.java:29: error: cannot find symbol
[javac] /Mockito_29/src/org/mockito/internal/matchers/Same.java:29: error: illegal start of expression
[javac] /Mockito_29/src/org/mockito/internal/matchers/Same.java:29: error: incompatible types: Object cannot be converted to String
[javac] /Mockito_29/src/org/mockito/internal/matchers/Same.java:29: error: illegal start of expression
[javac] /Mockito_29/src/org/mockito/internal/matchers/Same.java:29: error: illegal start of expression
[javac] /Mockito_29/src/org/mockito/internal/matchers/Same.java:29: error: cannot find symbol
[javac] /Mockito_26/src/org/mockito/internal/util/Primitives.java:66: error: method put in interface Map<K,V> cannot be applied to given types;
[javac] /Mockito_26/src/org/mockito/internal/util/Primitives.java:66: error: method put in interface Map<K,V> cannot be applied to given types;
[javac] /Mockito_26/src/org/mockito/internal/util/Primitives.java:66: error: binary literals are not supported in -source 1.5
[javac] /Mockito_26/src/org/mockito/internal/util/Primitives.java:66: error: ')' expected
[javac] /Mockito_26/src/org/mockito/internal/util/Primitives.java:66: error: ';' expected
[javac] /Mockito_26/src/org/mockito/internal/util/Primitives.java:66: error: method put in interface Map<K,V> cannot be applied to given types;
[javac] /Mockito_26/src/org/mockito/internal/util/Primitives.java:66: error: not a statement
[javac] /Closure_118/src/com/google/javascript/jscomp/DisambiguateProperties.java:495: error: cannot find symbol
[javac] /Closure_118/src/com/google/javascript/jscomp/DisambiguateProperties.java:495: error: cannot return a value from method whose result type is void
[javac] /Closure_118/src/com/google/javascript/jscomp/DisambiguateProperties.java:495: error: cannot find symbol
[javac] /Closure_118/src/com/google/javascript/jscomp/DisambiguateProperties.java:495: error: cannot find symbol
[javac] /Closure_118/src/com/google/javascript/jscomp/DisambiguateProperties.java:495: error: cannot find symbol
[javac] /Closure_118/src/com/google/javascript/jscomp/DisambiguateProperties.java:495: error: incomparable types: int and <null>
[javac] /Closure_118/src/com/google/javascript/jscomp/DisambiguateProperties.java:495: error: cannot find symbol
[javac] /Closure_118/src/com/google/javascript/jscomp/DisambiguateProperties.java:495: error: cannot find symbol
[javac] /Closure_118/src/com/google/javascript/jscomp/DisambiguateProperties.java:495: error: cannot find symbol
[javac] /Closure_118/src/com/google/javascript/jscomp/DisambiguateProperties.java:495: error: cannot find symbol
[javac] /Closure_118/src/com/google/javascript/jscomp/DisambiguateProperties.java:495: error: cannot find symbol
[javac] /Closure_118/src/com/google/javascript/jscomp/DisambiguateProperties.java:495: error: incomparable types: int and <null>
[javac] /Closure_118/src/com/google/javascript/jscomp/DisambiguateProperties.java:495: error: cannot find symbol
[javac] /Closure_118/src/com/google/javascript/jscomp/DisambiguateProperties.java:495: error: cannot find symbol
[javac] /Closure_118/src/com/google/javascript/jscomp/DisambiguateProperties.java:495: error: cannot return a value from method whose result type is void
[javac] /Closure_118/src/com/google/javascript/jscomp/DisambiguateProperties.java:495: error: cannot find symbol
[javac] /Closure_118/src/com/google/javascript/jscomp/DisambiguateProperties.java:495: error: incomparable types: int and <null>
[javac] /Closure_118/src/com/google/javascript/jscomp/DisambiguateProperties.java:495: error: cannot find symbol
[javac] /Closure_118/src/com/google/javascript/jscomp/DisambiguateProperties.java:495: error: cannot find symbol
[javac] /Closure_118/src/com/google/javascript/jscomp/DisambiguateProperties.java:495: error: cannot find symbol
[javac] /Math_33/src/main/java/org/apache/commons/math3/optimization/linear/SimplexTableau.java:338: error: cannot find symbol
[javac] /Math_33/src/main/java/org/apache/commons/math3/optimization/linear/SimplexTableau.java:338: error: no suitable method found for compareTo(double,int,double,int)
[javac] /Math_33/src/main/java/org/apache/commons/math3/optimization/linear/SimplexTableau.java:338: error: no suitable method found for compareTo(double,double,int,int)
[javac] /Math_33/src/main/java/org/apache/commons/math3/optimization/linear/SimplexTableau.java:338: error: bad operand type int for unary operator '!'
[javac] /Math_33/src/main/java/org/apache/commons/math3/optimization/linear/SimplexTableau.java:338: error: bad operand type int for unary operator '!'
[javac] /Math_33/src/main/java/org/apache/commons/math3/optimization/linear/SimplexTableau.java:338: error: cannot find symbol
[javac] /Math_33/src/main/java/org/apache/commons/math3/optimization/linear/SimplexTableau.java:338: error: illegal start of expression
[javac] /Math_25/src/main/java/org/apache/commons/math3/optimization/fitting/HarmonicFitter.java:323: error: cannot find symbol
[javac] /Math_25/src/main/java/org/apache/commons/math3/optimization/fitting/HarmonicFitter.java:323: error: ';' expected
[javac] /Math_25/src/main/java/org/apache/commons/math3/optimization/fitting/HarmonicFitter.java:323: error: ';' expected
[javac] /Math_25/src/main/java/org/apache/commons/math3/optimization/fitting/HarmonicFitter.java:323: error: ';' expected
[javac] /Math_25/src/main/java/org/apache/commons/math3/optimization/fitting/HarmonicFitter.java:323: error: ';' expected
[javac] /Math_25/src/main/java/org/apache/commons/math3/optimization/fitting/HarmonicFitter.java:323: error: illegal start of expression
[javac] /Math_25/src/main/java/org/apache/commons/math3/optimization/fitting/HarmonicFitter.java:323: error: ';' expected
[javac] /Math_25/src/main/java/org/apache/commons/math3/optimization/fitting/HarmonicFitter.java:323: error: ';' expected
[javac] /Math_25/src/main/java/org/apache/commons/math3/optimization/fitting/HarmonicFitter.java:323: error: cannot find symbol
[javac] /Lang_38/src/java/org/apache/commons/lang3/time/FastDateFormat.java:872: error: cannot assign a value to final variable mTimeZoneForced
[javac] /Lang_38/src/java/org/apache/commons/lang3/time/FastDateFormat.java:872: error: cannot assign a value to final variable mTimeZoneForced
[javac] /Lang_38/src/java/org/apache/commons/lang3/time/FastDateFormat.java:872: error: incompatible types
[javac] /Lang_38/src/java/org/apache/commons/lang3/time/FastDateFormat.java:872: error: incompatible types
[javac] /Lang_38/src/java/org/apache/commons/lang3/time/FastDateFormat.java:872: error: Calendar is abstract; cannot be instantiated
[javac] /Lang_38/src/java/org/apache/commons/lang3/time/FastDateFormat.java:872: error: variable calendar is already defined in method format(Calendar,StringBuffer)
[javac] /Lang_38/src/java/org/apache/commons/lang3/time/FastDateFormat.java:872: error: not a statement
[javac] /Lang_38/src/java/org/apache/commons/lang3/time/FastDateFormat.java:887: error: illegal start of expression
[javac] /Lang_38/src/java/org/apache/commons/lang3/time/FastDateFormat.java:872: error: cannot assign a value to final variable mTimeZoneForced
[javac] /Lang_38/src/java/org/apache/commons/lang3/time/FastDateFormat.java:872: error: illegal start of expression
[javac] /Lang_38/src/java/org/apache/commons/lang3/time/FastDateFormat.java:872: error: cannot find symbol
[javac] /Lang_38/src/java/org/apache/commons/lang3/time/FastDateFormat.java:872: error: illegal start of expression
[javac] /Math_75/src/main/java/org/apache/commons/math/stat/Frequency.java:304: error: missing return statement
[javac] /Math_75/src/main/java/org/apache/commons/math/stat/Frequency.java:304: error: missing return statement
[javac] /Math_75/src/main/java/org/apache/commons/math/stat/Frequency.java:303: error: clone() has protected access in Object
[javac] /Math_75/src/main/java/org/apache/commons/math/stat/Frequency.java:303: error: bad operand types for binary operator '&'
[javac] /Math_75/src/main/java/org/apache/commons/math/stat/Frequency.java:304: error: missing return statement
[javac] /Math_75/src/main/java/org/apache/commons/math/stat/Frequency.java:303: error: no suitable method found for getCumPct(Comparable<CAP#1>,boolean)
[javac] /Math_75/src/main/java/org/apache/commons/math/stat/Frequency.java:303: error: bad operand types for binary operator '&'
[javac] /Math_75/src/main/java/org/apache/commons/math/stat/Frequency.java:303: error: no suitable method found for getCumPct(Comparable<CAP#1>,int)
[javac] /Math_75/src/main/java/org/apache/commons/math/stat/Frequency.java:303: error: no suitable method found for getCumPct(Comparable<CAP#1>,<null>)
[javac] /Math_75/src/main/java/org/apache/commons/math/stat/Frequency.java:303: error: illegal start of expression
[javac] /Math_75/src/main/java/org/apache/commons/math/stat/Frequency.java:303: error: wrong number of type arguments; required 1
[javac] /Math_75/src/main/java/org/apache/commons/math/stat/Frequency.java:303: error: bad operand types for binary operator '&'
[javac] /Math_75/src/main/java/org/apache/commons/math/stat/Frequency.java:304: error: missing return statement
[javac] /Math_75/src/main/java/org/apache/commons/math/stat/Frequency.java:303: error: bad operand types for binary operator '&'
[javac] /Math_75/src/main/java/org/apache/commons/math/stat/Frequency.java:303: error: incomparable types: double and <null>
[javac] /Math_75/src/main/java/org/apache/commons/math/stat/Frequency.java:303: error: illegal start of expression
[javac] /Math_75/src/main/java/org/apache/commons/math/stat/Frequency.java:303: error: cannot find symbol
[javac] /Math_75/src/main/java/org/apache/commons/math/stat/Frequency.java:303: error: cannot find symbol
[javac] /Math_75/src/main/java/org/apache/commons/math/stat/Frequency.java:304: error: missing return statement
[javac] /Math_75/src/main/java/org/apache/commons/math/stat/Frequency.java:304: error: missing return statement
[javac] /Math_75/src/main/java/org/apache/commons/math/stat/Frequency.java:303: error: cannot find symbol
[javac] /Math_105/src/java/org/apache/commons/math/stat/regression/SimpleRegression.java:264: error: illegal start of expression
[javac] /Math_105/src/java/org/apache/commons/math/stat/regression/SimpleRegression.java:264: error: illegal start of expression
[javac] /Math_105/src/java/org/apache/commons/math/stat/regression/SimpleRegression.java:264: error: not a statement
[javac] /Math_94/src/java/org/apache/commons/math/util/MathUtils.java:412: error: illegal start of expression
[javac] /Math_94/src/java/org/apache/commons/math/util/MathUtils.java:412: error: bad operand types for binary operator '&'
[javac] /Mockito_24/src/org/mockito/internal/stubbing/defaultanswers/ReturnsEmptyValues.java:76: error: cannot find symbol
[javac] /Mockito_24/src/org/mockito/internal/stubbing/defaultanswers/ReturnsEmptyValues.java:76: error: cannot find symbol
[javac] /Mockito_24/src/org/mockito/internal/stubbing/defaultanswers/ReturnsEmptyValues.java:76: error: cannot find symbol
[javac] /Mockito_24/src/org/mockito/internal/stubbing/defaultanswers/ReturnsEmptyValues.java:76: error: cannot find symbol
[javac] /Mockito_24/src/org/mockito/internal/stubbing/defaultanswers/ReturnsEmptyValues.java:76: error: cannot find symbol
[javac] /Mockito_24/src/org/mockito/internal/stubbing/defaultanswers/ReturnsEmptyValues.java:76: error: cannot find symbol
[javac] /Mockito_24/src/org/mockito/internal/stubbing/defaultanswers/ReturnsEmptyValues.java:76: error: incompatible types: Class<CAP#1> cannot be converted to Method
[javac] /Mockito_24/src/org/mockito/internal/stubbing/defaultanswers/ReturnsEmptyValues.java:76: error: cannot find symbol
[javac] /Mockito_24/src/org/mockito/internal/stubbing/defaultanswers/ReturnsEmptyValues.java:76: error: cannot find symbol
[javac] /Mockito_24/src/org/mockito/internal/stubbing/defaultanswers/ReturnsEmptyValues.java:76: error: cannot find symbol
[javac] /Mockito_24/src/org/mockito/internal/stubbing/defaultanswers/ReturnsEmptyValues.java:76: error: cannot find symbol
[javac] /Mockito_24/src/org/mockito/internal/stubbing/defaultanswers/ReturnsEmptyValues.java:76: error: cannot find symbol
[javac] /Mockito_24/src/org/mockito/internal/stubbing/defaultanswers/ReturnsEmptyValues.java:76: error: cannot find symbol
[javac] /Mockito_24/src/org/mockito/internal/stubbing/defaultanswers/ReturnsEmptyValues.java:76: error: cannot find symbol
[javac] /Mockito_24/src/org/mockito/internal/stubbing/defaultanswers/ReturnsEmptyValues.java:76: error: cannot find symbol
[javac] /Mockito_24/src/org/mockito/internal/stubbing/defaultanswers/ReturnsEmptyValues.java:76: error: cannot find symbol
[javac] /Mockito_24/src/org/mockito/internal/stubbing/defaultanswers/ReturnsEmptyValues.java:76: error: ';' expected
[javac] /Mockito_24/src/org/mockito/internal/stubbing/defaultanswers/ReturnsEmptyValues.java:76: error: cannot find symbol
[javac] /Closure_52/src/com/google/javascript/jscomp/CodeGenerator.java:745: error: cannot find symbol
[javac] /Closure_52/src/com/google/javascript/jscomp/CodeGenerator.java:745: error: cannot find symbol
[javac] /Closure_52/src/com/google/javascript/jscomp/CodeGenerator.java:745: error: cannot find symbol
[javac] /Closure_52/src/com/google/javascript/jscomp/CodeGenerator.java:745: error: cannot find symbol
[javac] /Closure_52/src/com/google/javascript/jscomp/CodeGenerator.java:745: error: cannot find symbol
[javac] /Closure_52/src/com/google/javascript/jscomp/CodeGenerator.java:745: error: cannot find symbol
[javac] /Closure_52/src/com/google/javascript/jscomp/CodeGenerator.java:745: error: cannot find symbol
[javac] /Closure_52/src/com/google/javascript/jscomp/CodeGenerator.java:745: error: cannot find symbol
[javac] /Closure_52/src/com/google/javascript/jscomp/CodeGenerator.java:745: error: cannot find symbol
[javac] /Closure_52/src/com/google/javascript/jscomp/CodeGenerator.java:745: error: cannot find symbol
[javac] /Closure_52/src/com/google/javascript/jscomp/CodeGenerator.java:745: error: cannot find symbol
[javac] /Closure_52/src/com/google/javascript/jscomp/CodeGenerator.java:745: error: cannot find symbol
[javac] /Closure_52/src/com/google/javascript/jscomp/CodeGenerator.java:745: error: cannot find symbol
[javac] /Closure_52/src/com/google/javascript/jscomp/CodeGenerator.java:745: error: cannot find symbol
[javac] /Closure_52/src/com/google/javascript/jscomp/CodeGenerator.java:745: error: cannot find symbol
[javac] /Closure_52/src/com/google/javascript/jscomp/CodeGenerator.java:745: error: cannot find symbol
[javac] /Closure_52/src/com/google/javascript/jscomp/CodeGenerator.java:745: error: cannot find symbol
[javac] /Closure_52/src/com/google/javascript/jscomp/CodeGenerator.java:745: error: cannot find symbol
[javac] /Closure_52/src/com/google/javascript/jscomp/CodeGenerator.java:745: error: cannot find symbol
[javac] /Closure_52/src/com/google/javascript/jscomp/CodeGenerator.java:745: error: cannot find symbol
[javac] /Closure_52/src/com/google/javascript/jscomp/CodeGenerator.java:745: error: cannot find symbol
[javac] /Closure_52/src/com/google/javascript/jscomp/CodeGenerator.java:746: error: missing return statement
[javac] /Closure_52/src/com/google/javascript/jscomp/CodeGenerator.java:745: error: cannot find symbol
[javac] /Closure_52/src/com/google/javascript/jscomp/CodeGenerator.java:745: error: cannot find symbol
[javac] /Closure_52/src/com/google/javascript/jscomp/CodeGenerator.java:745: error: cannot find symbol
[javac] /Closure_52/src/com/google/javascript/jscomp/CodeGenerator.java:745: error: cannot find symbol
[javac] /Time_15/src/main/java/org/joda/time/field/FieldUtils.java:138: error: illegal start of expression
[javac] /Time_15/src/main/java/org/joda/time/field/FieldUtils.java:138: error: cannot find symbol
[javac] /Time_15/src/main/java/org/joda/time/field/FieldUtils.java:139: error: unreachable statement
[javac] /Time_15/src/main/java/org/joda/time/field/FieldUtils.java:138: error: illegal start of expression
[javac] /Time_15/src/main/java/org/joda/time/field/FieldUtils.java:139: error: unreachable statement
[javac] /Time_15/src/main/java/org/joda/time/field/FieldUtils.java:138: error: cannot find symbol
[javac] /Time_15/src/main/java/org/joda/time/field/FieldUtils.java:138: error: illegal start of expression
[javac] /Time_15/src/main/java/org/joda/time/field/FieldUtils.java:138: error: illegal start of expression
[javac] /Time_15/src/main/java/org/joda/time/field/FieldUtils.java:138: error: not a statement
[javac] /Time_15/src/main/java/org/joda/time/field/FieldUtils.java:138: error: illegal start of expression
     [exec] /Mockito_18/src/org/mockito/internal/stubbing/defaultanswers/ReturnsEmptyValues.java:87: error: unreachable statement
     [exec] /Mockito_18/src/org/mockito/internal/stubbing/defaultanswers/ReturnsEmptyValues.java:87: error: unreachable statement
     [exec] /Mockito_18/src/org/mockito/internal/stubbing/defaultanswers/ReturnsEmptyValues.java:87: error: unreachable statement
     [exec] /Mockito_18/src/org/mockito/internal/stubbing/defaultanswers/ReturnsEmptyValues.java:87: error: cannot find symbol
     [exec] /Mockito_18/src/org/mockito/internal/stubbing/defaultanswers/ReturnsEmptyValues.java:87: error: unreachable statement
     [exec] /Mockito_18/src/org/mockito/internal/stubbing/defaultanswers/ReturnsEmptyValues.java:87: error: cannot find symbol
     [exec] /Mockito_18/src/org/mockito/internal/stubbing/defaultanswers/ReturnsEmptyValues.java:87: error: unreachable statement
     [exec] /Mockito_18/src/org/mockito/internal/stubbing/defaultanswers/ReturnsEmptyValues.java:87: error: diamond operator is not supported in -source 1.5
     [exec] /Mockito_18/src/org/mockito/internal/stubbing/defaultanswers/ReturnsEmptyValues.java:87: error: unreachable statement
     [exec] /Mockito_18/src/org/mockito/internal/stubbing/defaultanswers/ReturnsEmptyValues.java:87: error: unreachable statement
     [exec] /Mockito_18/src/org/mockito/internal/stubbing/defaultanswers/ReturnsEmptyValues.java:87: error: unreachable statement
     [exec] /Mockito_18/src/org/mockito/internal/stubbing/defaultanswers/ReturnsEmptyValues.java:87: error: cannot find symbol
     [exec] /Mockito_18/src/org/mockito/internal/stubbing/defaultanswers/ReturnsEmptyValues.java:87: error: diamond operator is not supported in -source 1.5
     [exec] /Mockito_18/src/org/mockito/internal/stubbing/defaultanswers/ReturnsEmptyValues.java:87: error: diamond operator is not supported in -source 1.5
     [exec] /Mockito_18/src/org/mockito/internal/stubbing/defaultanswers/ReturnsEmptyValues.java:87: error: cannot find symbol
     [exec] /Mockito_18/src/org/mockito/internal/stubbing/defaultanswers/ReturnsEmptyValues.java:87: error: unreachable statement
     [exec] /Mockito_18/src/org/mockito/internal/stubbing/defaultanswers/ReturnsEmptyValues.java:87: error: diamond operator is not supported in -source 1.5
     [exec] /Mockito_18/src/org/mockito/internal/stubbing/defaultanswers/ReturnsEmptyValues.java:87: error: unreachable statement
     [exec] /Mockito_18/src/org/mockito/internal/stubbing/defaultanswers/ReturnsEmptyValues.java:87: error: unreachable statement
     [exec] /Mockito_18/src/org/mockito/internal/stubbing/defaultanswers/ReturnsEmptyValues.java:87: error: diamond operator is not supported in -source 1.5
     [exec] /Mockito_18/src/org/mockito/internal/stubbing/defaultanswers/ReturnsEmptyValues.java:87: error: cannot find symbol
     [exec] /Mockito_18/src/org/mockito/internal/stubbing/defaultanswers/ReturnsEmptyValues.java:87: error: cannot find symbol
     [exec] /Mockito_18/src/org/mockito/internal/stubbing/defaultanswers/ReturnsEmptyValues.java:87: error: cannot find symbol
     [exec] /Mockito_18/src/org/mockito/internal/stubbing/defaultanswers/ReturnsEmptyValues.java:87: error: unreachable statement
     [exec] /Mockito_18/src/org/mockito/internal/stubbing/defaultanswers/ReturnsEmptyValues.java:87: error: unreachable statement
     [exec] /Mockito_18/src/org/mockito/internal/stubbing/defaultanswers/ReturnsEmptyValues.java:87: error: diamond operator is not supported in -source 1.5
     [exec] /Mockito_18/src/org/mockito/internal/stubbing/defaultanswers/ReturnsEmptyValues.java:87: error: cannot find symbol
     [exec] /Mockito_18/src/org/mockito/internal/stubbing/defaultanswers/ReturnsEmptyValues.java:87: error: cannot find symbol
     [exec] /Mockito_18/src/org/mockito/internal/stubbing/defaultanswers/ReturnsEmptyValues.java:87: error: diamond operator is not supported in -source 1.5
     [exec] /Mockito_18/src/org/mockito/internal/stubbing/defaultanswers/ReturnsEmptyValues.java:87: error: unreachable statement
[javac] /Math_9/src/main/java/org/apache/commons/math3/geometry/euclidean/threed/Line.java:87: error: cannot find symbol
[javac] /Math_9/src/main/java/org/apache/commons/math3/geometry/euclidean/threed/Line.java:87: error: bad operand types for binary operator '+'
[javac] /Math_9/src/main/java/org/apache/commons/math3/geometry/euclidean/threed/Line.java:87: error: cannot find symbol
[javac] /Math_9/src/main/java/org/apache/commons/math3/geometry/euclidean/threed/Line.java:87: error: no suitable method found for subtract(Vector3D,int)
[javac] /Math_9/src/main/java/org/apache/commons/math3/geometry/euclidean/threed/Line.java:87: error: no suitable method found for subtract(Vector3D,boolean)
[javac] /Math_9/src/main/java/org/apache/commons/math3/geometry/euclidean/threed/Line.java:87: error: no suitable method found for subtract(Vector3D,boolean)
[javac] /Math_9/src/main/java/org/apache/commons/math3/geometry/euclidean/threed/Line.java:87: error: cannot find symbol
[javac] /Math_9/src/main/java/org/apache/commons/math3/geometry/euclidean/threed/Line.java:87: error: no suitable method found for subtract(String)
[javac] /Math_9/src/main/java/org/apache/commons/math3/geometry/euclidean/threed/Line.java:87: error: no suitable method found for subtract(String)
[javac] /Math_9/src/main/java/org/apache/commons/math3/geometry/euclidean/threed/Line.java:87: error: bad operand types for binary operator '-'
[javac] /Math_9/src/main/java/org/apache/commons/math3/geometry/euclidean/threed/Line.java:87: error: no suitable constructor found for Line(Vector3D)
[javac] /Math_9/src/main/java/org/apache/commons/math3/geometry/euclidean/threed/Line.java:87: error: cannot find symbol
[javac] /Math_9/src/main/java/org/apache/commons/math3/geometry/euclidean/threed/Line.java:87: error: cannot find symbol
[javac] /Math_9/src/main/java/org/apache/commons/math3/geometry/euclidean/threed/Line.java:88: error: cannot find symbol
[javac] /Math_9/src/main/java/org/apache/commons/math3/geometry/euclidean/threed/Line.java:87: error: no suitable constructor found for Line(Vector3D)
[javac] /Math_9/src/main/java/org/apache/commons/math3/geometry/euclidean/threed/Line.java:87: error: no suitable constructor found for Line()
[javac] /Math_80/src/main/java/org/apache/commons/math/linear/EigenDecompositionImpl.java:1135: error: cannot find symbol
[javac] /Math_80/src/main/java/org/apache/commons/math/linear/EigenDecompositionImpl.java:1135: error: cannot find symbol
[javac] /Math_80/src/main/java/org/apache/commons/math/linear/EigenDecompositionImpl.java:1135: error: cannot find symbol
[javac] /Math_80/src/main/java/org/apache/commons/math/linear/EigenDecompositionImpl.java:1135: error: cannot find symbol
[javac] /Math_80/src/main/java/org/apache/commons/math/linear/EigenDecompositionImpl.java:1135: error: cannot find symbol
[javac] /Math_80/src/main/java/org/apache/commons/math/linear/EigenDecompositionImpl.java:1135: error: cannot find symbol
[javac] /Math_80/src/main/java/org/apache/commons/math/linear/EigenDecompositionImpl.java:1135: error: cannot find symbol
[javac] /Math_80/src/main/java/org/apache/commons/math/linear/EigenDecompositionImpl.java:1135: error: cannot find symbol
[javac] /Math_80/src/main/java/org/apache/commons/math/linear/EigenDecompositionImpl.java:1135: error: cannot find symbol
     [exec] /Mockito_5/src/org/mockito/internal/verification/VerificationOverTimeImpl.java:91: error: cannot find symbol
     [exec] /Mockito_5/src/org/mockito/internal/verification/VerificationOverTimeImpl.java:91: error: cannot find symbol
     [exec] /Mockito_5/src/org/mockito/internal/verification/VerificationOverTimeImpl.java:91: error: cannot find symbol
     [exec] /Mockito_5/src/org/mockito/internal/verification/VerificationOverTimeImpl.java:91: error: cannot find symbol
     [exec] /Mockito_5/src/org/mockito/internal/verification/VerificationOverTimeImpl.java:91: error: cannot find symbol
     [exec] /Mockito_5/src/org/mockito/internal/verification/VerificationOverTimeImpl.java:91: error: cannot find symbol
     [exec] /Mockito_5/src/org/mockito/internal/verification/VerificationOverTimeImpl.java:91: error: lambda expressions are not supported in -source 1.5
     [exec] /Mockito_5/src/org/mockito/internal/verification/VerificationOverTimeImpl.java:91: error: cannot find symbol
     [exec] /Mockito_5/src/org/mockito/internal/verification/VerificationOverTimeImpl.java:91: error: cannot find symbol
     [exec] /Mockito_5/src/org/mockito/internal/verification/VerificationOverTimeImpl.java:91: error: cannot find symbol
     [exec] /Mockito_5/src/org/mockito/internal/verification/VerificationOverTimeImpl.java:91: error: cannot find symbol
     [exec] /Mockito_5/src/org/mockito/internal/verification/VerificationOverTimeImpl.java:91: error: cannot find symbol
     [exec] /Mockito_5/src/org/mockito/internal/verification/VerificationOverTimeImpl.java:92: error: cannot find symbol
     [exec] /Mockito_5/src/org/mockito/internal/verification/VerificationOverTimeImpl.java:91: error: 'catch' without 'try'
     [exec] /Mockito_5/src/org/mockito/internal/verification/VerificationOverTimeImpl.java:92: error: incompatible types: Exception cannot be converted to AssertionError
     [exec] /Mockito_5/src/org/mockito/internal/verification/VerificationOverTimeImpl.java:91: error: 'catch' without 'try'
     [exec] /Mockito_5/src/org/mockito/internal/verification/VerificationOverTimeImpl.java:96: error: illegal start of type
     [exec] /Mockito_5/src/org/mockito/internal/verification/VerificationOverTimeImpl.java:92: error: cannot find symbol
     [exec] /Mockito_5/src/org/mockito/internal/verification/VerificationOverTimeImpl.java:92: error: cannot find symbol
     [exec] /Mockito_5/src/org/mockito/internal/verification/VerificationOverTimeImpl.java:96: error: illegal start of type
     [exec] /Mockito_5/src/org/mockito/internal/verification/VerificationOverTimeImpl.java:96: error: illegal start of type
     [exec] /Mockito_5/src/org/mockito/internal/verification/VerificationOverTimeImpl.java:96: error: illegal start of type
     [exec] /Mockito_5/src/org/mockito/internal/verification/VerificationOverTimeImpl.java:92: error: cannot find symbol
     [exec] /Mockito_5/src/org/mockito/internal/verification/VerificationOverTimeImpl.java:96: error: illegal start of type
     [exec] /Mockito_5/src/org/mockito/internal/verification/VerificationOverTimeImpl.java:96: error: illegal start of type
     [exec] /Mockito_5/src/org/mockito/internal/verification/VerificationOverTimeImpl.java:92: error: cannot find symbol
     [exec] /Mockito_5/src/org/mockito/internal/verification/VerificationOverTimeImpl.java:92: error: incompatible types: Error cannot be converted to AssertionError
     [exec] /Mockito_5/src/org/mockito/internal/verification/VerificationOverTimeImpl.java:91: error: cannot find symbol
     [exec] /Mockito_5/src/org/mockito/internal/verification/VerificationOverTimeImpl.java:91: error: 'catch' without 'try'
     [exec] /Mockito_5/src/org/mockito/internal/verification/VerificationOverTimeImpl.java:96: error: illegal start of type
[javac] /Lang_43/src/java/org/apache/commons/lang/text/ExtendedMessageFormat.java:422: error: cannot find symbol
[javac] /Lang_43/src/java/org/apache/commons/lang/text/ExtendedMessageFormat.java:422: error: cannot find symbol
[javac] /Lang_43/src/java/org/apache/commons/lang/text/ExtendedMessageFormat.java:422: error: incompatible types
[javac] /Lang_43/src/java/org/apache/commons/lang/text/ExtendedMessageFormat.java:422: error: incompatible types
[javac] /Lang_43/src/java/org/apache/commons/lang/text/ExtendedMessageFormat.java:422: error: incompatible types
[javac] /Lang_43/src/java/org/apache/commons/lang/text/ExtendedMessageFormat.java:422: error: incompatible types for ?: neither is a subtype of the other
[javac] /Lang_43/src/java/org/apache/commons/lang/text/ExtendedMessageFormat.java:422: error: cannot find symbol
[javac] /Lang_43/src/java/org/apache/commons/lang/text/ExtendedMessageFormat.java:422: error: incompatible types
[javac] /Lang_43/src/java/org/apache/commons/lang/text/ExtendedMessageFormat.java:422: error: cannot find symbol
[javac] /Lang_43/src/java/org/apache/commons/lang/text/ExtendedMessageFormat.java:422: error: cannot find symbol
[javac] /Lang_43/src/java/org/apache/commons/lang/text/ExtendedMessageFormat.java:422: error: cannot find symbol
[javac] /Lang_43/src/java/org/apache/commons/lang/text/ExtendedMessageFormat.java:422: error: cannot find symbol
[javac] /Lang_43/src/java/org/apache/commons/lang/text/ExtendedMessageFormat.java:422: error: incompatible types for ?: neither is a subtype of the other
[javac] /Lang_43/src/java/org/apache/commons/lang/text/ExtendedMessageFormat.java:422: error: cannot find symbol
[javac] /Lang_43/src/java/org/apache/commons/lang/text/ExtendedMessageFormat.java:422: error: cannot find symbol
[javac] /Lang_43/src/java/org/apache/commons/lang/text/ExtendedMessageFormat.java:422: error: cannot find symbol
[javac] /Lang_43/src/java/org/apache/commons/lang/text/ExtendedMessageFormat.java:422: error: cannot find symbol
[javac] /Lang_43/src/java/org/apache/commons/lang/text/ExtendedMessageFormat.java:422: error: incompatible types
[javac] /Lang_43/src/java/org/apache/commons/lang/text/ExtendedMessageFormat.java:422: error: incompatible types
[javac] /Lang_43/src/java/org/apache/commons/lang/text/ExtendedMessageFormat.java:422: error: incompatible types
[javac] /Math_32/src/main/java/org/apache/commons/math3/geometry/euclidean/twod/PolygonsSet.java:136: error: ';' expected
[javac] /Math_32/src/main/java/org/apache/commons/math3/geometry/euclidean/twod/PolygonsSet.java:136: error: no suitable method found for valueOf(Object)
[javac] /Math_32/src/main/java/org/apache/commons/math3/geometry/euclidean/twod/PolygonsSet.java:136: error: method parseBoolean in class Boolean cannot be applied to given types;
[javac] /Math_32/src/main/java/org/apache/commons/math3/geometry/euclidean/twod/PolygonsSet.java:136: error: no suitable method found for valueOf(Object)
[javac] /Math_32/src/main/java/org/apache/commons/math3/geometry/euclidean/twod/PolygonsSet.java:136: error: cannot find symbol
[javac] /Math_32/src/main/java/org/apache/commons/math3/geometry/euclidean/twod/PolygonsSet.java:136: error: inconvertible types
[javac] /Math_32/src/main/java/org/apache/commons/math3/geometry/euclidean/twod/PolygonsSet.java:136: error: cannot find symbol
[javac] /Math_32/src/main/java/org/apache/commons/math3/geometry/euclidean/twod/PolygonsSet.java:136: error: inconvertible types
[javac] /Math_69/src/main/java/org/apache/commons/math/stat/correlation/PearsonsCorrelation.java:171: error: illegal start of expression
[javac] /Math_69/src/main/java/org/apache/commons/math/stat/correlation/PearsonsCorrelation.java:171: error: no suitable method found for cumulativeProbability()
[javac] /Math_69/src/main/java/org/apache/commons/math/stat/correlation/PearsonsCorrelation.java:171: error: not a statement
[javac] /Math_69/src/main/java/org/apache/commons/math/stat/correlation/PearsonsCorrelation.java:171: error: incompatible types
[javac] /Math_69/src/main/java/org/apache/commons/math/stat/correlation/PearsonsCorrelation.java:171: error: illegal start of expression
[javac] /Math_69/src/main/java/org/apache/commons/math/stat/correlation/PearsonsCorrelation.java:171: error: no suitable method found for cumulativeProbability()
[javac] /Math_69/src/main/java/org/apache/commons/math/stat/correlation/PearsonsCorrelation.java:171: error: not a statement
[javac] /Closure_66/src/com/google/javascript/jscomp/TypeCheck.java:516: error: no suitable method found for ensureTyped(NodeTraversal,Node,Node)
[javac] /Closure_66/src/com/google/javascript/jscomp/TypeCheck.java:516: error: cannot find symbol
[javac] /Closure_66/src/com/google/javascript/jscomp/TypeCheck.java:516: error: cannot find symbol
[javac] /Closure_66/src/com/google/javascript/jscomp/TypeCheck.java:516: error: incomparable types: int and <null>
[javac] /Closure_66/src/com/google/javascript/jscomp/TypeCheck.java:516: error: incomparable types: int and <null>
[javac] /Closure_66/src/com/google/javascript/jscomp/TypeCheck.java:516: error: cannot find symbol
[javac] /Closure_66/src/com/google/javascript/jscomp/TypeCheck.java:516: error: cannot find symbol
[javac] /Closure_66/src/com/google/javascript/jscomp/TypeCheck.java:516: error: no suitable method found for ensureTyped(NodeTraversal,Node,Node)
[javac] /Closure_66/src/com/google/javascript/jscomp/TypeCheck.java:516: error: incomparable types: int and <null>
[javac] /Closure_66/src/com/google/javascript/jscomp/TypeCheck.java:516: error: cannot find symbol
[javac] /Closure_66/src/com/google/javascript/jscomp/TypeCheck.java:516: error: cannot find symbol
[javac] /Closure_66/src/com/google/javascript/jscomp/TypeCheck.java:516: error: reference to ensureTyped is ambiguous, both method ensureTyped(NodeTraversal,Node,JSTypeNative) in TypeCheck and method ensureTyped(NodeTraversal,Node,JSType) in TypeCheck match
[javac] /Closure_66/src/com/google/javascript/jscomp/TypeCheck.java:516: error: cannot find symbol
[javac] /Closure_66/src/com/google/javascript/jscomp/TypeCheck.java:516: error: cannot return a value from method whose result type is void
[javac] /Closure_66/src/com/google/javascript/jscomp/TypeCheck.java:516: error: cannot return a value from method whose result type is void
[javac] /Closure_66/src/com/google/javascript/jscomp/TypeCheck.java:516: error: incompatible types
[javac] /Closure_66/src/com/google/javascript/jscomp/TypeCheck.java:516: error: cannot find symbol
[javac] /Closure_66/src/com/google/javascript/jscomp/TypeCheck.java:516: error: not a statement
[javac] /Closure_66/src/com/google/javascript/jscomp/TypeCheck.java:516: error: illegal start of expression
[javac] /Closure_38/src/com/google/javascript/jscomp/CodeConsumer.java:245: error: illegal start of expression
[javac] /Closure_38/src/com/google/javascript/jscomp/CodeConsumer.java:245: error: illegal start of expression
[javac] /Closure_38/src/com/google/javascript/jscomp/CodeConsumer.java:245: error: illegal start of expression
[javac] /Closure_38/src/com/google/javascript/jscomp/CodeConsumer.java:245: error: illegal start of expression
[javac] /Closure_38/src/com/google/javascript/jscomp/CodeConsumer.java:245: error: illegal start of expression
[javac] /Closure_38/src/com/google/javascript/jscomp/CodeConsumer.java:245: error: illegal start of expression
[javac] /Closure_38/src/com/google/javascript/jscomp/CodeConsumer.java:245: error: illegal start of expression
[javac] /Closure_11/src/com/google/javascript/jscomp/TypeCheck.java:1329: error: illegal start of expression
[javac] /Closure_11/src/com/google/javascript/jscomp/TypeCheck.java:1329: error: illegal start of expression
[javac] /Closure_11/src/com/google/javascript/jscomp/TypeCheck.java:1329: error: illegal start of expression
[javac] /Closure_11/src/com/google/javascript/jscomp/TypeCheck.java:1329: error: illegal start of expression
[javac] /Closure_11/src/com/google/javascript/jscomp/TypeCheck.java:1329: error: illegal start of expression
[javac] /Closure_11/src/com/google/javascript/jscomp/TypeCheck.java:1329: error: illegal start of expression
[javac] /Closure_11/src/com/google/javascript/jscomp/TypeCheck.java:1329: error: illegal start of expression
[javac] /Closure_11/src/com/google/javascript/jscomp/TypeCheck.java:1329: error: illegal start of expression
[javac] /Closure_11/src/com/google/javascript/jscomp/TypeCheck.java:1329: error: illegal start of expression
[javac] /Closure_11/src/com/google/javascript/jscomp/TypeCheck.java:1329: error: illegal start of expression
[javac] /Closure_11/src/com/google/javascript/jscomp/TypeCheck.java:1329: error: illegal start of expression
[javac] /Closure_11/src/com/google/javascript/jscomp/TypeCheck.java:1329: error: illegal start of expression
[javac] /Closure_11/src/com/google/javascript/jscomp/TypeCheck.java:1329: error: illegal start of expression
[javac] /Closure_11/src/com/google/javascript/jscomp/TypeCheck.java:1329: error: illegal start of expression
[javac] /Closure_11/src/com/google/javascript/jscomp/TypeCheck.java:1329: error: illegal start of expression
[javac] /Closure_11/src/com/google/javascript/jscomp/TypeCheck.java:1329: error: illegal start of expression
[javac] /Closure_11/src/com/google/javascript/jscomp/TypeCheck.java:1329: error: illegal start of expression
[javac] /Closure_11/src/com/google/javascript/jscomp/TypeCheck.java:1329: error: illegal start of expression
[javac] /Closure_11/src/com/google/javascript/jscomp/TypeCheck.java:1329: error: illegal start of expression
[javac] /Closure_11/src/com/google/javascript/jscomp/TypeCheck.java:1329: error: illegal start of expression
[javac] /Closure_11/src/com/google/javascript/jscomp/TypeCheck.java:1329: error: illegal start of expression
[javac] /Closure_11/src/com/google/javascript/jscomp/TypeCheck.java:1329: error: illegal start of expression
[javac] /Closure_11/src/com/google/javascript/jscomp/TypeCheck.java:1329: error: illegal start of expression
[javac] /Closure_11/src/com/google/javascript/jscomp/TypeCheck.java:1329: error: illegal start of expression
[javac] /Closure_133/src/com/google/javascript/jscomp/parsing/JsDocInfoParser.java:2401: error: incompatible types
[javac] /Closure_133/src/com/google/javascript/jscomp/parsing/JsDocInfoParser.java:2401: error: incompatible types
[javac] /Closure_133/src/com/google/javascript/jscomp/parsing/JsDocInfoParser.java:2401: error: incompatible types
[javac] /Closure_133/src/com/google/javascript/jscomp/parsing/JsDocInfoParser.java:2401: error: incompatible types
[javac] /Closure_133/src/com/google/javascript/jscomp/parsing/JsDocInfoParser.java:2401: error: incompatible types
[javac] /Closure_133/src/com/google/javascript/jscomp/parsing/JsDocInfoParser.java:2401: error: incompatible types
[javac] /Closure_133/src/com/google/javascript/jscomp/parsing/JsDocInfoParser.java:2401: error: incompatible types
[javac] /Closure_133/src/com/google/javascript/jscomp/parsing/JsDocInfoParser.java:2401: error: incompatible types
[javac] /Closure_133/src/com/google/javascript/jscomp/parsing/JsDocInfoParser.java:2401: error: incompatible types
[javac] /Closure_133/src/com/google/javascript/jscomp/parsing/JsDocInfoParser.java:2401: error: incompatible types
[javac] /Closure_133/src/com/google/javascript/jscomp/parsing/JsDocInfoParser.java:2401: error: incompatible types
[javac] /Closure_133/src/com/google/javascript/jscomp/parsing/JsDocInfoParser.java:2401: error: incompatible types
[javac] /Closure_133/src/com/google/javascript/jscomp/parsing/JsDocInfoParser.java:2401: error: incompatible types
[javac] /Closure_133/src/com/google/javascript/jscomp/parsing/JsDocInfoParser.java:2401: error: unexpected type
[javac] /Closure_133/src/com/google/javascript/jscomp/parsing/JsDocInfoParser.java:2401: error: unexpected type
[javac] /Closure_133/src/com/google/javascript/jscomp/parsing/JsDocInfoParser.java:2401: error: not a statement
[javac] /Closure_133/src/com/google/javascript/jscomp/parsing/JsDocInfoParser.java:2401: error: not a statement
[javac] /Chart_1/source/org/jfree/chart/renderer/category/AbstractCategoryItemRenderer.java:1797: error: cannot find symbol
[javac] /Chart_1/source/org/jfree/chart/renderer/category/AbstractCategoryItemRenderer.java:1797: error: cannot find symbol
[javac] /Chart_1/source/org/jfree/chart/renderer/category/AbstractCategoryItemRenderer.java:1797: error: cannot find symbol
[javac] /Chart_1/source/org/jfree/chart/renderer/category/AbstractCategoryItemRenderer.java:1797: error: cannot find symbol
[javac] /Chart_1/source/org/jfree/chart/renderer/category/AbstractCategoryItemRenderer.java:1797: error: ';' expected
[javac] /Chart_1/source/org/jfree/chart/renderer/category/AbstractCategoryItemRenderer.java:1797: error: cannot find symbol
[javac] /Chart_1/source/org/jfree/chart/renderer/category/AbstractCategoryItemRenderer.java:1797: error: cannot find symbol
[javac] /Chart_1/source/org/jfree/chart/renderer/category/AbstractCategoryItemRenderer.java:1797: error: cannot find symbol
[javac] /Chart_1/source/org/jfree/chart/renderer/category/AbstractCategoryItemRenderer.java:1797: error: cannot find symbol
[javac] /Chart_1/source/org/jfree/chart/renderer/category/AbstractCategoryItemRenderer.java:1797: error: ';' expected
[javac] /Chart_20/source/org/jfree/chart/plot/ValueMarker.java:95: error: ')' expected
[javac] /Chart_20/source/org/jfree/chart/plot/ValueMarker.java:95: error: no suitable constructor found for ValueMarker(Paint,Stroke,Paint,Stroke,float)
[javac] /Chart_20/source/org/jfree/chart/plot/ValueMarker.java:95: error: no suitable constructor found for ValueMarker(Paint,Stroke,Paint,Stroke,float)
[javac] /Chart_20/source/org/jfree/chart/plot/ValueMarker.java:95: error: ')' expected
[javac] /Chart_20/source/org/jfree/chart/plot/ValueMarker.java:95: error: cannot find symbol
[javac] /Chart_20/source/org/jfree/chart/plot/ValueMarker.java:95: error: ')' expected
[javac] /Chart_20/source/org/jfree/chart/plot/ValueMarker.java:95: error: ')' expected
[javac] /Chart_20/source/org/jfree/chart/plot/ValueMarker.java:95: error: paint has private access in Marker
[javac] /Chart_20/source/org/jfree/chart/plot/ValueMarker.java:95: error: cannot find symbol
[javac] /Chart_20/source/org/jfree/chart/plot/ValueMarker.java:95: error: paint has private access in Marker
[javac] /Chart_20/source/org/jfree/chart/plot/ValueMarker.java:95: error: cannot find symbol
[javac] /Chart_20/source/org/jfree/chart/plot/ValueMarker.java:95: error: paint has private access in Marker
[javac] /Chart_20/source/org/jfree/chart/plot/ValueMarker.java:95: error: ')' expected
[javac] /Chart_20/source/org/jfree/chart/plot/ValueMarker.java:95: error: cannot find symbol
[javac] /Chart_20/source/org/jfree/chart/plot/ValueMarker.java:95: error: cannot find symbol
[javac] /Chart_20/source/org/jfree/chart/plot/ValueMarker.java:95: error: ')' expected
[javac] /Chart_20/source/org/jfree/chart/plot/ValueMarker.java:95: error: paint has private access in Marker
[javac] /Chart_20/source/org/jfree/chart/plot/ValueMarker.java:95: error: ')' expected
[javac] /Chart_20/source/org/jfree/chart/plot/ValueMarker.java:95: error: ')' expected
[javac] /Chart_20/source/org/jfree/chart/plot/ValueMarker.java:95: error: paint has private access in Marker
[javac] /Chart_20/source/org/jfree/chart/plot/ValueMarker.java:95: error: ')' expected
[javac] /Chart_20/source/org/jfree/chart/plot/ValueMarker.java:95: error: paint has private access in Marker
[javac] /Chart_20/source/org/jfree/chart/plot/ValueMarker.java:95: error: ')' expected
[javac] /Chart_20/source/org/jfree/chart/plot/ValueMarker.java:95: error: illegal start of expression
[javac] /Chart_20/source/org/jfree/chart/plot/ValueMarker.java:95: error: not a statement
[javac] /Chart_20/source/org/jfree/chart/plot/ValueMarker.java:95: error: not a statement
[javac] /Chart_20/source/org/jfree/chart/plot/ValueMarker.java:95: error: no suitable constructor found for ValueMarker()
[javac] /Chart_20/source/org/jfree/chart/plot/ValueMarker.java:95: error: cannot find symbol
[javac] /Chart_20/source/org/jfree/chart/plot/ValueMarker.java:95: error: cannot find symbol
[javac] /Closure_1/src/com/google/javascript/jscomp/RemoveUnusedVars.java:379: error: cannot find symbol
[javac] /Closure_1/src/com/google/javascript/jscomp/RemoveUnusedVars.java:379: error: cannot return a value from method whose result type is void
[javac] /Closure_1/src/com/google/javascript/jscomp/RemoveUnusedVars.java:379: error: cannot find symbol
[javac] /Closure_1/src/com/google/javascript/jscomp/RemoveUnusedVars.java:379: error: cannot find symbol
[javac] /Closure_1/src/com/google/javascript/jscomp/RemoveUnusedVars.java:379: error: cannot find symbol
[javac] /Closure_1/src/com/google/javascript/jscomp/RemoveUnusedVars.java:379: error: cannot find symbol
[javac] /Closure_1/src/com/google/javascript/jscomp/RemoveUnusedVars.java:379: error: cannot find symbol
[javac] /Closure_1/src/com/google/javascript/jscomp/RemoveUnusedVars.java:379: error: cannot return a value from method whose result type is void
[javac] /Closure_1/src/com/google/javascript/jscomp/RemoveUnusedVars.java:379: error: cannot return a value from method whose result type is void
[javac] /Closure_1/src/com/google/javascript/jscomp/RemoveUnusedVars.java:379: error: cannot find symbol
[javac] /Closure_1/src/com/google/javascript/jscomp/RemoveUnusedVars.java:379: error: cannot find symbol
[javac] /Closure_1/src/com/google/javascript/jscomp/RemoveUnusedVars.java:379: error: cannot find symbol
[javac] /Closure_1/src/com/google/javascript/jscomp/RemoveUnusedVars.java:379: error: cannot find symbol
[javac] /Closure_1/src/com/google/javascript/jscomp/RemoveUnusedVars.java:379: error: cannot find symbol
[javac] /Closure_1/src/com/google/javascript/jscomp/RemoveUnusedVars.java:379: error: cannot return a value from method whose result type is void
[javac] /Closure_1/src/com/google/javascript/jscomp/RemoveUnusedVars.java:379: error: cannot find symbol
[javac] /Closure_1/src/com/google/javascript/jscomp/RemoveUnusedVars.java:379: error: cannot return a value from method whose result type is void
[javac] /Closure_1/src/com/google/javascript/jscomp/RemoveUnusedVars.java:379: error: cannot find symbol
[javac] /Closure_1/src/com/google/javascript/jscomp/RemoveUnusedVars.java:379: error: cannot find symbol
[javac] /Closure_1/src/com/google/javascript/jscomp/RemoveUnusedVars.java:379: error: cannot find symbol
[javac] /Closure_1/src/com/google/javascript/jscomp/RemoveUnusedVars.java:379: error: cannot find symbol
[javac] /Closure_1/src/com/google/javascript/jscomp/RemoveUnusedVars.java:379: error: cannot find symbol
[javac] /Closure_1/src/com/google/javascript/jscomp/RemoveUnusedVars.java:379: error: cannot find symbol
[javac] /Closure_1/src/com/google/javascript/jscomp/RemoveUnusedVars.java:379: error: cannot find symbol
[javac] /Closure_1/src/com/google/javascript/jscomp/RemoveUnusedVars.java:379: error: cannot find symbol
[javac] /Closure_1/src/com/google/javascript/jscomp/RemoveUnusedVars.java:379: error: cannot find symbol
[javac] /Lang_57/src/java/org/apache/commons/lang/LocaleUtils.java:223: error: variable locale is already defined in method isAvailableLocale(Locale)
[javac] /Lang_57/src/java/org/apache/commons/lang/LocaleUtils.java:223: error: variable locale is already defined in method isAvailableLocale(Locale)
[javac] /Lang_57/src/java/org/apache/commons/lang/LocaleUtils.java:224: error: missing return statement
[javac] /Lang_57/src/java/org/apache/commons/lang/LocaleUtils.java:224: error: missing return statement
[javac] /Lang_57/src/java/org/apache/commons/lang/LocaleUtils.java:223: error: variable locale is already defined in method isAvailableLocale(Locale)
[javac] /Lang_57/src/java/org/apache/commons/lang/LocaleUtils.java:224: error: missing return statement
[javac] /Lang_57/src/java/org/apache/commons/lang/LocaleUtils.java:223: error: ';' expected
[javac] /Lang_57/src/java/org/apache/commons/lang/LocaleUtils.java:223: error: ';' expected
[javac] /Lang_57/src/java/org/apache/commons/lang/LocaleUtils.java:224: error: missing return statement
[javac] /Lang_57/src/java/org/apache/commons/lang/LocaleUtils.java:223: error: cannot find symbol
[javac] /Closure_123/src/com/google/javascript/jscomp/CodeGenerator.java:285: error: cannot find symbol
[javac] /Closure_123/src/com/google/javascript/jscomp/CodeGenerator.java:285: error: enum types may not be instantiated
[javac] /Closure_123/src/com/google/javascript/jscomp/CodeGenerator.java:285: error: cannot find symbol
[javac] /Closure_123/src/com/google/javascript/jscomp/CodeGenerator.java:285: error: cannot find symbol
[javac] /Closure_123/src/com/google/javascript/jscomp/CodeGenerator.java:285: error: cannot find symbol
[javac] /Closure_123/src/com/google/javascript/jscomp/CodeGenerator.java:285: error: cannot find symbol
[javac] /Closure_123/src/com/google/javascript/jscomp/CodeGenerator.java:285: error: cannot find symbol
[javac] /Closure_123/src/com/google/javascript/jscomp/CodeGenerator.java:285: error: cannot find symbol
[javac] /Closure_123/src/com/google/javascript/jscomp/CodeGenerator.java:285: error: cannot find symbol
[javac] /Closure_123/src/com/google/javascript/jscomp/CodeGenerator.java:285: error: cannot find symbol
[javac] /Closure_123/src/com/google/javascript/jscomp/CodeGenerator.java:285: error: cannot find symbol
[javac] /Closure_123/src/com/google/javascript/jscomp/CodeGenerator.java:285: error: cannot find symbol
[javac] /Closure_123/src/com/google/javascript/jscomp/CodeGenerator.java:285: error: cannot find symbol
[javac] /Closure_123/src/com/google/javascript/jscomp/CodeGenerator.java:285: error: cannot find symbol
[javac] /Closure_123/src/com/google/javascript/jscomp/CodeGenerator.java:285: error: cannot find symbol
[javac] /Closure_123/src/com/google/javascript/jscomp/CodeGenerator.java:285: error: cannot find symbol
[javac] /Closure_123/src/com/google/javascript/jscomp/CodeGenerator.java:285: error: cannot find symbol
[javac] /Closure_123/src/com/google/javascript/jscomp/CodeGenerator.java:285: error: cannot find symbol
[javac] /Closure_123/src/com/google/javascript/jscomp/CodeGenerator.java:285: error: cannot find symbol
[javac] /Closure_123/src/com/google/javascript/jscomp/CodeGenerator.java:285: error: cannot find symbol
[javac] /Closure_123/src/com/google/javascript/jscomp/CodeGenerator.java:285: error: variable rhsContext might not have been initialized
[javac] /Closure_123/src/com/google/javascript/jscomp/CodeGenerator.java:285: error: cannot find symbol
[javac] /Closure_123/src/com/google/javascript/jscomp/CodeGenerator.java:285: error: cannot find symbol
[javac] /Closure_123/src/com/google/javascript/jscomp/CodeGenerator.java:285: error: ';' expected
[javac] /Closure_123/src/com/google/javascript/jscomp/CodeGenerator.java:285: error: ';' expected
[javac] /Closure_123/src/com/google/javascript/jscomp/CodeGenerator.java:285: error: cannot find symbol
[javac] /Closure_123/src/com/google/javascript/jscomp/CodeGenerator.java:285: error: incompatible types
[javac] /Closure_119/src/com/google/javascript/jscomp/GlobalNamespace.java:366: error: unreachable statement
[javac] /Closure_119/src/com/google/javascript/jscomp/GlobalNamespace.java:366: error: unreachable statement
[javac] /Closure_119/src/com/google/javascript/jscomp/GlobalNamespace.java:366: error: unreachable statement
[javac] /Closure_119/src/com/google/javascript/jscomp/GlobalNamespace.java:366: error: unreachable statement
[javac] /Closure_119/src/com/google/javascript/jscomp/GlobalNamespace.java:366: error: unreachable statement
[javac] /Closure_119/src/com/google/javascript/jscomp/GlobalNamespace.java:366: error: unreachable statement
[javac] /Closure_119/src/com/google/javascript/jscomp/GlobalNamespace.java:366: error: illegal start of expression
[javac] /Closure_119/src/com/google/javascript/jscomp/GlobalNamespace.java:366: error: illegal start of expression
[javac] /Closure_119/src/com/google/javascript/jscomp/GlobalNamespace.java:366: error: unreachable statement
[javac] /Closure_119/src/com/google/javascript/jscomp/GlobalNamespace.java:366: error: unreachable statement
[javac] /Closure_119/src/com/google/javascript/jscomp/GlobalNamespace.java:366: error: unreachable statement
[javac] /Closure_119/src/com/google/javascript/jscomp/GlobalNamespace.java:366: error: illegal start of expression
[javac] /Closure_119/src/com/google/javascript/jscomp/GlobalNamespace.java:366: error: unreachable statement
[javac] /Closure_119/src/com/google/javascript/jscomp/GlobalNamespace.java:366: error: illegal start of expression
[javac] /Closure_119/src/com/google/javascript/jscomp/GlobalNamespace.java:366: error: illegal start of expression
[javac] /Closure_119/src/com/google/javascript/jscomp/GlobalNamespace.java:366: error: illegal start of expression
[javac] /Closure_119/src/com/google/javascript/jscomp/GlobalNamespace.java:366: error: unreachable statement
[javac] /Closure_119/src/com/google/javascript/jscomp/GlobalNamespace.java:366: error: illegal start of expression
[javac] /Closure_119/src/com/google/javascript/jscomp/GlobalNamespace.java:366: error: unreachable statement
[javac] /Closure_119/src/com/google/javascript/jscomp/GlobalNamespace.java:366: error: unreachable statement
[javac] /Closure_119/src/com/google/javascript/jscomp/GlobalNamespace.java:366: error: not a statement
[javac] /Closure_119/src/com/google/javascript/jscomp/GlobalNamespace.java:366: error: not a statement
[javac] /Closure_119/src/com/google/javascript/jscomp/GlobalNamespace.java:366: error: not a statement
[javac] /Closure_119/src/com/google/javascript/jscomp/GlobalNamespace.java:366: error: illegal start of expression
[javac] /Closure_119/src/com/google/javascript/jscomp/GlobalNamespace.java:366: error: illegal start of expression
[javac] /Closure_119/src/com/google/javascript/jscomp/GlobalNamespace.java:366: error: not a statement
[javac] /Closure_119/src/com/google/javascript/jscomp/GlobalNamespace.java:366: error: unreachable statement
[javac] /Closure_119/src/com/google/javascript/jscomp/GlobalNamespace.java:372: error: duplicate default label
[javac] /Closure_119/src/com/google/javascript/jscomp/GlobalNamespace.java:366: error: illegal start of expression
[javac] /Closure_119/src/com/google/javascript/jscomp/GlobalNamespace.java:366: error: not a statement
[javac] /Math_50/src/main/java/org/apache/commons/math/analysis/solvers/BaseSecantSolver.java:187: error: cannot find symbol
[javac] /Math_50/src/main/java/org/apache/commons/math/analysis/solvers/BaseSecantSolver.java:187: error: cannot find symbol
[javac] /Math_50/src/main/java/org/apache/commons/math/analysis/solvers/BaseSecantSolver.java:187: error: no suitable method found for abs(double,double)
[javac] /Math_50/src/main/java/org/apache/commons/math/analysis/solvers/BaseSecantSolver.java:187: error: cannot find symbol
[javac] /Math_50/src/main/java/org/apache/commons/math/analysis/solvers/BaseSecantSolver.java:187: error: method computeObjectiveValue in class BaseAbstractUnivariateRealSolver<FUNC> cannot be applied to given types;
[javac] /Lang_58/src/java/org/apache/commons/lang/math/NumberUtils.java:454: error: no suitable method found for equals(char)
[javac] /Lang_58/src/java/org/apache/commons/lang/math/NumberUtils.java:454: error: ')' expected
[javac] /Lang_58/src/java/org/apache/commons/lang/math/NumberUtils.java:454: error: cannot find symbol
[javac] /Lang_58/src/java/org/apache/commons/lang/math/NumberUtils.java:454: error: ')' expected
[javac] /Closure_107/src/com/google/javascript/jscomp/CommandLineRunner.java:862: error: incompatible types
[javac] /Closure_107/src/com/google/javascript/jscomp/CommandLineRunner.java:862: error: cannot assign a value to final variable ADVANCED_OPTIMIZATIONS
[javac] /Closure_107/src/com/google/javascript/jscomp/CommandLineRunner.java:862: error: illegal start of type
[javac] /Closure_107/src/com/google/javascript/jscomp/CommandLineRunner.java:862: error: compiler has private access in AbstractCommandLineRunner
[javac] /Closure_107/src/com/google/javascript/jscomp/CommandLineRunner.java:862: error: cannot find symbol
[javac] /Closure_107/src/com/google/javascript/jscomp/CommandLineRunner.java:862: error: compiler has private access in AbstractCommandLineRunner
[javac] /Closure_107/src/com/google/javascript/jscomp/CommandLineRunner.java:862: error: cannot find symbol
[javac] /Closure_107/src/com/google/javascript/jscomp/CommandLineRunner.java:862: error: illegal start of type
[javac] /Closure_107/src/com/google/javascript/jscomp/CommandLineRunner.java:862: error: compiler has private access in AbstractCommandLineRunner
[javac] /Closure_107/src/com/google/javascript/jscomp/CommandLineRunner.java:862: error: cannot find symbol
[javac] /Closure_107/src/com/google/javascript/jscomp/CommandLineRunner.java:862: error: cannot find symbol
[javac] /Closure_107/src/com/google/javascript/jscomp/CommandLineRunner.java:862: error: cannot find symbol
[javac] /Closure_107/src/com/google/javascript/jscomp/CommandLineRunner.java:862: error: cannot find symbol
[javac] /Closure_107/src/com/google/javascript/jscomp/CommandLineRunner.java:862: error: cannot find symbol
[javac] /Closure_107/src/com/google/javascript/jscomp/CommandLineRunner.java:862: error: cannot find symbol
[javac] /Closure_107/src/com/google/javascript/jscomp/CommandLineRunner.java:862: error: incompatible types
[javac] /Closure_107/src/com/google/javascript/jscomp/CommandLineRunner.java:862: error: ';' expected
[javac] /Closure_107/src/com/google/javascript/jscomp/CommandLineRunner.java:862: error: not a statement
[javac] /Closure_107/src/com/google/javascript/jscomp/CommandLineRunner.java:862: error: not a statement
[javac] /Closure_126/src/com/google/javascript/jscomp/MinimizeExitPoints.java:141: error: cannot find symbol
[javac] /Closure_126/src/com/google/javascript/jscomp/MinimizeExitPoints.java:141: error: cannot find symbol
[javac] /Closure_126/src/com/google/javascript/jscomp/MinimizeExitPoints.java:141: error: method tryMinimizeExits in class MinimizeExitPoints cannot be applied to given types;
[javac] /Closure_126/src/com/google/javascript/jscomp/MinimizeExitPoints.java:141: error: cannot find symbol
[javac] /Closure_126/src/com/google/javascript/jscomp/MinimizeExitPoints.java:141: error: method tryMinimizeExits in class MinimizeExitPoints cannot be applied to given types;
[javac] /Closure_126/src/com/google/javascript/jscomp/MinimizeExitPoints.java:141: error: cannot find symbol
[javac] /Closure_126/src/com/google/javascript/jscomp/MinimizeExitPoints.java:141: error: cannot find symbol
[javac] /Closure_126/src/com/google/javascript/jscomp/MinimizeExitPoints.java:145: error: illegal start of type
[javac] /Closure_126/src/com/google/javascript/jscomp/MinimizeExitPoints.java:141: error: cannot find symbol
[javac] /Closure_126/src/com/google/javascript/jscomp/MinimizeExitPoints.java:145: error: illegal start of type
[javac] /Closure_126/src/com/google/javascript/jscomp/MinimizeExitPoints.java:141: error: cannot find symbol
[javac] /Closure_126/src/com/google/javascript/jscomp/MinimizeExitPoints.java:145: error: illegal start of type
[javac] /Closure_126/src/com/google/javascript/jscomp/MinimizeExitPoints.java:213: error: illegal start of expression
[javac] /Closure_126/src/com/google/javascript/jscomp/MinimizeExitPoints.java:141: error: cannot find symbol
[javac] /Closure_126/src/com/google/javascript/jscomp/MinimizeExitPoints.java:145: error: illegal start of type
[javac] /Closure_126/src/com/google/javascript/jscomp/MinimizeExitPoints.java:213: error: illegal start of expression
[javac] /Closure_126/src/com/google/javascript/jscomp/MinimizeExitPoints.java:141: error: cannot find symbol
[javac] /Closure_126/src/com/google/javascript/jscomp/MinimizeExitPoints.java:213: error: illegal start of expression
[javac] /Closure_126/src/com/google/javascript/jscomp/MinimizeExitPoints.java:141: error: cannot find symbol
[javac] /Closure_126/src/com/google/javascript/jscomp/MinimizeExitPoints.java:213: error: illegal start of expression
[javac] /Closure_10/src/com/google/javascript/jscomp/NodeUtil.java:1421: error: missing return statement
[javac] /Closure_10/src/com/google/javascript/jscomp/NodeUtil.java:1421: error: missing return statement
[javac] /Closure_10/src/com/google/javascript/jscomp/NodeUtil.java:1417: error: incompatible types
[javac] /Closure_10/src/com/google/javascript/jscomp/NodeUtil.java:1417: error: incompatible types
[javac] /Closure_10/src/com/google/javascript/jscomp/NodeUtil.java:1421: error: missing return statement
[javac] /Closure_10/src/com/google/javascript/jscomp/NodeUtil.java:1421: error: missing return statement
[javac] /Closure_10/src/com/google/javascript/jscomp/NodeUtil.java:1417: error: incompatible types
[javac] /Closure_10/src/com/google/javascript/jscomp/NodeUtil.java:1417: error: incomparable types: boolean and <null>
[javac] /Closure_10/src/com/google/javascript/jscomp/NodeUtil.java:1417: error: incompatible types
[javac] /Closure_10/src/com/google/javascript/jscomp/NodeUtil.java:1417: error: incompatible types
[javac] /Closure_10/src/com/google/javascript/jscomp/NodeUtil.java:1417: error: incomparable types: boolean and <null>
[javac] /Closure_10/src/com/google/javascript/jscomp/NodeUtil.java:1417: error: incompatible types
[javac] /Closure_10/src/com/google/javascript/jscomp/NodeUtil.java:1417: error: method allResultsMatch in class NodeUtil cannot be applied to given types;
[javac] /Closure_10/src/com/google/javascript/jscomp/NodeUtil.java:1417: error: incompatible types
[javac] /Closure_10/src/com/google/javascript/jscomp/NodeUtil.java:1421: error: missing return statement
[javac] /Closure_10/src/com/google/javascript/jscomp/NodeUtil.java:1417: error: incomparable types: boolean and <null>
[javac] /Closure_10/src/com/google/javascript/jscomp/NodeUtil.java:1417: error: incompatible types
[javac] /Closure_10/src/com/google/javascript/jscomp/NodeUtil.java:1417: error: incompatible types
[javac] /Closure_10/src/com/google/javascript/jscomp/NodeUtil.java:1417: error: incomparable types: boolean and <null>
[javac] /Closure_10/src/com/google/javascript/jscomp/NodeUtil.java:1421: error: missing return statement
[javac] /Closure_10/src/com/google/javascript/jscomp/NodeUtil.java:1417: error: cannot find symbol
[javac] /Closure_10/src/com/google/javascript/jscomp/NodeUtil.java:1417: error: method allResultsMatch in class NodeUtil cannot be applied to given types;
[javac] /Closure_10/src/com/google/javascript/jscomp/NodeUtil.java:1421: error: missing return statement
[javac] /Closure_92/src/com/google/javascript/jscomp/ProcessClosurePrimitives.java:789: error: incompatible types
[javac] /Closure_92/src/com/google/javascript/jscomp/ProcessClosurePrimitives.java:789: error: method contains in class String cannot be applied to given types;
[javac] /Closure_92/src/com/google/javascript/jscomp/ProcessClosurePrimitives.java:789: error: no suitable method found for indexOf(char,boolean)
[javac] /Closure_92/src/com/google/javascript/jscomp/ProcessClosurePrimitives.java:789: error: empty character literal
[javac] /Closure_92/src/com/google/javascript/jscomp/ProcessClosurePrimitives.java:789: error: incompatible types
[javac] /Closure_92/src/com/google/javascript/jscomp/ProcessClosurePrimitives.java:789: error: cannot find symbol
[javac] /Closure_92/src/com/google/javascript/jscomp/ProcessClosurePrimitives.java:789: error: cannot find symbol
[javac] /Closure_92/src/com/google/javascript/jscomp/ProcessClosurePrimitives.java:789: error: no suitable method found for indexOf(char,boolean)
[javac] /Closure_92/src/com/google/javascript/jscomp/ProcessClosurePrimitives.java:789: error: int cannot be dereferenced
[javac] /Closure_92/src/com/google/javascript/jscomp/ProcessClosurePrimitives.java:789: error: cannot find symbol
[javac] /Closure_92/src/com/google/javascript/jscomp/ProcessClosurePrimitives.java:789: error: incompatible types